ARM GAS  D:\noval\Temp\cch8Zy9t.s 			page 1


   1              		.cpu cortex-m23
   2              		.arch armv8-m.base
   3              		.fpu softvfp
   4              		.eabi_attribute 20, 1
   5              		.eabi_attribute 21, 1
   6              		.eabi_attribute 23, 3
   7              		.eabi_attribute 24, 1
   8              		.eabi_attribute 25, 1
   9              		.eabi_attribute 26, 1
  10              		.eabi_attribute 30, 1
  11              		.eabi_attribute 34, 0
  12              		.eabi_attribute 18, 4
  13              		.file	"gd32e23x_pmu.c"
  14              		.text
  15              	.Ltext0:
  16              		.cfi_sections	.debug_frame
  17              		.file 1 "Drivers/GD32E23x/Source/gd32e23x_pmu.c"
  18              		.section	.text.pmu_deinit,"ax",%progbits
  19              		.align	1
  20              		.global	pmu_deinit
  21              		.syntax unified
  22              		.code	16
  23              		.thumb_func
  25              	pmu_deinit:
  26              	.LFB60:
   1:Drivers/GD32E23x/Source/gd32e23x_pmu.c **** /*!
   2:Drivers/GD32E23x/Source/gd32e23x_pmu.c ****     \file    gd32e23x_pmu.c
   3:Drivers/GD32E23x/Source/gd32e23x_pmu.c ****     \brief   PMU driver
   4:Drivers/GD32E23x/Source/gd32e23x_pmu.c ****     
   5:Drivers/GD32E23x/Source/gd32e23x_pmu.c ****     \version 2023-09-04, V2.0.1, firmware for GD32E23x
   6:Drivers/GD32E23x/Source/gd32e23x_pmu.c **** */
   7:Drivers/GD32E23x/Source/gd32e23x_pmu.c **** 
   8:Drivers/GD32E23x/Source/gd32e23x_pmu.c **** /*
   9:Drivers/GD32E23x/Source/gd32e23x_pmu.c ****     Copyright (c) 2024, GigaDevice Semiconductor Inc.
  10:Drivers/GD32E23x/Source/gd32e23x_pmu.c **** 
  11:Drivers/GD32E23x/Source/gd32e23x_pmu.c ****     Redistribution and use in source and binary forms, with or without modification, 
  12:Drivers/GD32E23x/Source/gd32e23x_pmu.c **** are permitted provided that the following conditions are met:
  13:Drivers/GD32E23x/Source/gd32e23x_pmu.c **** 
  14:Drivers/GD32E23x/Source/gd32e23x_pmu.c ****     1. Redistributions of source code must retain the above copyright notice, this 
  15:Drivers/GD32E23x/Source/gd32e23x_pmu.c ****        list of conditions and the following disclaimer.
  16:Drivers/GD32E23x/Source/gd32e23x_pmu.c ****     2. Redistributions in binary form must reproduce the above copyright notice, 
  17:Drivers/GD32E23x/Source/gd32e23x_pmu.c ****        this list of conditions and the following disclaimer in the documentation 
  18:Drivers/GD32E23x/Source/gd32e23x_pmu.c ****        and/or other materials provided with the distribution.
  19:Drivers/GD32E23x/Source/gd32e23x_pmu.c ****     3. Neither the name of the copyright holder nor the names of its contributors 
  20:Drivers/GD32E23x/Source/gd32e23x_pmu.c ****        may be used to endorse or promote products derived from this software without 
  21:Drivers/GD32E23x/Source/gd32e23x_pmu.c ****        specific prior written permission.
  22:Drivers/GD32E23x/Source/gd32e23x_pmu.c **** 
  23:Drivers/GD32E23x/Source/gd32e23x_pmu.c ****     THIS SOFTWARE IS PROVIDED BY THE COPYRIGHT HOLDERS AND CONTRIBUTORS "AS IS" 
  24:Drivers/GD32E23x/Source/gd32e23x_pmu.c **** AND ANY EXPRESS OR IMPLIED WARRANTIES, INCLUDING, BUT NOT LIMITED TO, THE IMPLIED 
  25:Drivers/GD32E23x/Source/gd32e23x_pmu.c **** WARRANTIES OF MERCHANTABILITY AND FITNESS FOR A PARTICULAR PURPOSE ARE DISCLAIMED. 
  26:Drivers/GD32E23x/Source/gd32e23x_pmu.c **** IN NO EVENT SHALL THE COPYRIGHT HOLDER OR CONTRIBUTORS BE LIABLE FOR ANY DIRECT, 
  27:Drivers/GD32E23x/Source/gd32e23x_pmu.c **** INDIRECT, INCIDENTAL, SPECIAL, EXEMPLARY, OR CONSEQUENTIAL DAMAGES (INCLUDING, BUT 
  28:Drivers/GD32E23x/Source/gd32e23x_pmu.c **** NOT LIMITED TO, PROCUREMENT OF SUBSTITUTE GOODS OR SERVICES; LOSS OF USE, DATA, OR 
  29:Drivers/GD32E23x/Source/gd32e23x_pmu.c **** PROFITS; OR BUSINESS INTERRUPTION) HOWEVER CAUSED AND ON ANY THEORY OF LIABILITY, 
  30:Drivers/GD32E23x/Source/gd32e23x_pmu.c **** WHETHER IN CONTRACT, STRICT LIABILITY, OR TORT (INCLUDING NEGLIGENCE OR OTHERWISE) 
  31:Drivers/GD32E23x/Source/gd32e23x_pmu.c **** ARISING IN ANY WAY OUT OF THE USE OF THIS SOFTWARE, EVEN IF ADVISED OF THE POSSIBILITY 
  32:Drivers/GD32E23x/Source/gd32e23x_pmu.c **** OF SUCH DAMAGE.
ARM GAS  D:\noval\Temp\cch8Zy9t.s 			page 2


  33:Drivers/GD32E23x/Source/gd32e23x_pmu.c **** */
  34:Drivers/GD32E23x/Source/gd32e23x_pmu.c **** 
  35:Drivers/GD32E23x/Source/gd32e23x_pmu.c **** #include "gd32e23x_pmu.h"
  36:Drivers/GD32E23x/Source/gd32e23x_pmu.c **** 
  37:Drivers/GD32E23x/Source/gd32e23x_pmu.c **** /*!
  38:Drivers/GD32E23x/Source/gd32e23x_pmu.c ****     \brief      reset PMU register
  39:Drivers/GD32E23x/Source/gd32e23x_pmu.c ****     \param[in]  none
  40:Drivers/GD32E23x/Source/gd32e23x_pmu.c ****     \param[out] none
  41:Drivers/GD32E23x/Source/gd32e23x_pmu.c ****     \retval     none
  42:Drivers/GD32E23x/Source/gd32e23x_pmu.c **** */
  43:Drivers/GD32E23x/Source/gd32e23x_pmu.c **** void pmu_deinit(void)
  44:Drivers/GD32E23x/Source/gd32e23x_pmu.c **** {
  27              		.loc 1 44 1 view -0
  28              		.cfi_startproc
  29              		@ args = 0, pretend = 0, frame = 0
  30              		@ frame_needed = 0, uses_anonymous_args = 0
  31 0000 10B5     		push	{r4, lr}
  32              	.LCFI0:
  33              		.cfi_def_cfa_offset 8
  34              		.cfi_offset 4, -8
  35              		.cfi_offset 14, -4
  45:Drivers/GD32E23x/Source/gd32e23x_pmu.c ****     /* reset PMU */
  46:Drivers/GD32E23x/Source/gd32e23x_pmu.c ****     rcu_periph_reset_enable(RCU_PMURST);
  36              		.loc 1 46 5 view .LVU1
  37 0002 40F21C40 		movw	r0, #1052
  38 0006 FFF7FEFF 		bl	rcu_periph_reset_enable
  39              	.LVL0:
  47:Drivers/GD32E23x/Source/gd32e23x_pmu.c ****     rcu_periph_reset_disable(RCU_PMURST);
  40              		.loc 1 47 5 view .LVU2
  41 000a 40F21C40 		movw	r0, #1052
  42 000e FFF7FEFF 		bl	rcu_periph_reset_disable
  43              	.LVL1:
  48:Drivers/GD32E23x/Source/gd32e23x_pmu.c **** }
  44              		.loc 1 48 1 is_stmt 0 view .LVU3
  45              		@ sp needed
  46 0012 10BD     		pop	{r4, pc}
  47              		.cfi_endproc
  48              	.LFE60:
  50              		.section	.text.pmu_lvd_select,"ax",%progbits
  51              		.align	1
  52              		.global	pmu_lvd_select
  53              		.syntax unified
  54              		.code	16
  55              		.thumb_func
  57              	pmu_lvd_select:
  58              	.LVL2:
  59              	.LFB61:
  49:Drivers/GD32E23x/Source/gd32e23x_pmu.c **** 
  50:Drivers/GD32E23x/Source/gd32e23x_pmu.c **** /*!
  51:Drivers/GD32E23x/Source/gd32e23x_pmu.c ****     \brief      select low voltage detector threshold
  52:Drivers/GD32E23x/Source/gd32e23x_pmu.c ****     \param[in]  lvdt_n:
  53:Drivers/GD32E23x/Source/gd32e23x_pmu.c ****                 only one parameter can be selected which is shown as below:
  54:Drivers/GD32E23x/Source/gd32e23x_pmu.c ****       \arg        PMU_LVDT_0: voltage threshold is 2.1V
  55:Drivers/GD32E23x/Source/gd32e23x_pmu.c ****       \arg        PMU_LVDT_1: voltage threshold is 2.3V
  56:Drivers/GD32E23x/Source/gd32e23x_pmu.c ****       \arg        PMU_LVDT_2: voltage threshold is 2.4V
  57:Drivers/GD32E23x/Source/gd32e23x_pmu.c ****       \arg        PMU_LVDT_3: voltage threshold is 2.6V
  58:Drivers/GD32E23x/Source/gd32e23x_pmu.c ****       \arg        PMU_LVDT_4: voltage threshold is 2.7V
ARM GAS  D:\noval\Temp\cch8Zy9t.s 			page 3


  59:Drivers/GD32E23x/Source/gd32e23x_pmu.c ****       \arg        PMU_LVDT_5: voltage threshold is 2.9V
  60:Drivers/GD32E23x/Source/gd32e23x_pmu.c ****       \arg        PMU_LVDT_6: voltage threshold is 3.0V
  61:Drivers/GD32E23x/Source/gd32e23x_pmu.c ****       \arg        PMU_LVDT_7: voltage threshold is 3.1V
  62:Drivers/GD32E23x/Source/gd32e23x_pmu.c ****     \param[out] none
  63:Drivers/GD32E23x/Source/gd32e23x_pmu.c ****     \retval     none
  64:Drivers/GD32E23x/Source/gd32e23x_pmu.c **** */
  65:Drivers/GD32E23x/Source/gd32e23x_pmu.c **** void pmu_lvd_select(uint32_t lvdt_n)
  66:Drivers/GD32E23x/Source/gd32e23x_pmu.c **** {
  60              		.loc 1 66 1 is_stmt 1 view -0
  61              		.cfi_startproc
  62              		@ args = 0, pretend = 0, frame = 0
  63              		@ frame_needed = 0, uses_anonymous_args = 0
  64              		.loc 1 66 1 is_stmt 0 view .LVU5
  65 0000 10B5     		push	{r4, lr}
  66              	.LCFI1:
  67              		.cfi_def_cfa_offset 8
  68              		.cfi_offset 4, -8
  69              		.cfi_offset 14, -4
  67:Drivers/GD32E23x/Source/gd32e23x_pmu.c ****     /* disable LVD */
  68:Drivers/GD32E23x/Source/gd32e23x_pmu.c ****     PMU_CTL &= ~PMU_CTL_LVDEN;
  70              		.loc 1 68 5 is_stmt 1 view .LVU6
  71 0002 47F20003 		movw	r3, #28672
  72 0006 C4F20003 		movt	r3, 16384
  73 000a 1A68     		ldr	r2, [r3]
  74              		.loc 1 68 13 is_stmt 0 view .LVU7
  75 000c 1021     		movs	r1, #16
  76 000e 8A43     		bics	r2, r1
  77 0010 1A60     		str	r2, [r3]
  69:Drivers/GD32E23x/Source/gd32e23x_pmu.c ****     /* clear LVDT bits */
  70:Drivers/GD32E23x/Source/gd32e23x_pmu.c ****     PMU_CTL &= ~PMU_CTL_LVDT;
  78              		.loc 1 70 5 is_stmt 1 view .LVU8
  79 0012 1A68     		ldr	r2, [r3]
  80              		.loc 1 70 13 is_stmt 0 view .LVU9
  81 0014 E024     		movs	r4, #224
  82 0016 A243     		bics	r2, r4
  83 0018 1A60     		str	r2, [r3]
  71:Drivers/GD32E23x/Source/gd32e23x_pmu.c ****     /* set LVDT bits according to lvdt_n */
  72:Drivers/GD32E23x/Source/gd32e23x_pmu.c ****     PMU_CTL |= lvdt_n;
  84              		.loc 1 72 5 is_stmt 1 view .LVU10
  85 001a 1A68     		ldr	r2, [r3]
  86              		.loc 1 72 13 is_stmt 0 view .LVU11
  87 001c 0243     		orrs	r2, r0
  88 001e 1A60     		str	r2, [r3]
  73:Drivers/GD32E23x/Source/gd32e23x_pmu.c ****     /* enable LVD */
  74:Drivers/GD32E23x/Source/gd32e23x_pmu.c ****     PMU_CTL |= PMU_CTL_LVDEN;
  89              		.loc 1 74 5 is_stmt 1 view .LVU12
  90 0020 1A68     		ldr	r2, [r3]
  91              		.loc 1 74 13 is_stmt 0 view .LVU13
  92 0022 0A43     		orrs	r2, r1
  93 0024 1A60     		str	r2, [r3]
  75:Drivers/GD32E23x/Source/gd32e23x_pmu.c **** }
  94              		.loc 1 75 1 view .LVU14
  95              		@ sp needed
  96 0026 10BD     		pop	{r4, pc}
  97              		.cfi_endproc
  98              	.LFE61:
 100              		.section	.text.pmu_ldo_output_select,"ax",%progbits
ARM GAS  D:\noval\Temp\cch8Zy9t.s 			page 4


 101              		.align	1
 102              		.global	pmu_ldo_output_select
 103              		.syntax unified
 104              		.code	16
 105              		.thumb_func
 107              	pmu_ldo_output_select:
 108              	.LVL3:
 109              	.LFB62:
  76:Drivers/GD32E23x/Source/gd32e23x_pmu.c **** 
  77:Drivers/GD32E23x/Source/gd32e23x_pmu.c **** /*!
  78:Drivers/GD32E23x/Source/gd32e23x_pmu.c ****     \brief      select LDO output voltage
  79:Drivers/GD32E23x/Source/gd32e23x_pmu.c ****                 these bits set by software when the main PLL closed
  80:Drivers/GD32E23x/Source/gd32e23x_pmu.c ****     \param[in]  ldo_output:
  81:Drivers/GD32E23x/Source/gd32e23x_pmu.c ****                 only one parameter can be selected which is shown as below:
  82:Drivers/GD32E23x/Source/gd32e23x_pmu.c ****       \arg        PMU_LDOVS_LOW: LDO output voltage low mode
  83:Drivers/GD32E23x/Source/gd32e23x_pmu.c ****       \arg        PMU_LDOVS_HIGH: LDO output voltage high mode
  84:Drivers/GD32E23x/Source/gd32e23x_pmu.c ****     \param[out] none
  85:Drivers/GD32E23x/Source/gd32e23x_pmu.c ****     \retval     none
  86:Drivers/GD32E23x/Source/gd32e23x_pmu.c **** */
  87:Drivers/GD32E23x/Source/gd32e23x_pmu.c **** void pmu_ldo_output_select(uint32_t ldo_output)
  88:Drivers/GD32E23x/Source/gd32e23x_pmu.c **** {
 110              		.loc 1 88 1 is_stmt 1 view -0
 111              		.cfi_startproc
 112              		@ args = 0, pretend = 0, frame = 0
 113              		@ frame_needed = 0, uses_anonymous_args = 0
 114              		@ link register save eliminated.
  89:Drivers/GD32E23x/Source/gd32e23x_pmu.c ****     PMU_CTL &= ~PMU_CTL_LDOVS;
 115              		.loc 1 89 5 view .LVU16
 116 0000 47F20003 		movw	r3, #28672
 117 0004 C4F20003 		movt	r3, 16384
 118 0008 1A68     		ldr	r2, [r3]
 119              		.loc 1 89 13 is_stmt 0 view .LVU17
 120 000a 0349     		ldr	r1, .L4
 121 000c 0A40     		ands	r2, r1
 122 000e 1A60     		str	r2, [r3]
  90:Drivers/GD32E23x/Source/gd32e23x_pmu.c ****     PMU_CTL |= ldo_output;
 123              		.loc 1 90 5 is_stmt 1 view .LVU18
 124 0010 1A68     		ldr	r2, [r3]
 125              		.loc 1 90 13 is_stmt 0 view .LVU19
 126 0012 0243     		orrs	r2, r0
 127 0014 1A60     		str	r2, [r3]
  91:Drivers/GD32E23x/Source/gd32e23x_pmu.c **** }
 128              		.loc 1 91 1 view .LVU20
 129              		@ sp needed
 130 0016 7047     		bx	lr
 131              	.L5:
 132              		.align	2
 133              	.L4:
 134 0018 FF3FFFFF 		.word	-49153
 135              		.cfi_endproc
 136              	.LFE62:
 138              		.section	.text.pmu_lvd_disable,"ax",%progbits
 139              		.align	1
 140              		.global	pmu_lvd_disable
 141              		.syntax unified
 142              		.code	16
 143              		.thumb_func
ARM GAS  D:\noval\Temp\cch8Zy9t.s 			page 5


 145              	pmu_lvd_disable:
 146              	.LFB63:
  92:Drivers/GD32E23x/Source/gd32e23x_pmu.c **** 
  93:Drivers/GD32E23x/Source/gd32e23x_pmu.c **** /*!
  94:Drivers/GD32E23x/Source/gd32e23x_pmu.c ****     \brief      disable PMU lvd
  95:Drivers/GD32E23x/Source/gd32e23x_pmu.c ****     \param[in]  none
  96:Drivers/GD32E23x/Source/gd32e23x_pmu.c ****     \param[out] none
  97:Drivers/GD32E23x/Source/gd32e23x_pmu.c ****     \retval     none
  98:Drivers/GD32E23x/Source/gd32e23x_pmu.c **** */
  99:Drivers/GD32E23x/Source/gd32e23x_pmu.c **** void pmu_lvd_disable(void)
 100:Drivers/GD32E23x/Source/gd32e23x_pmu.c **** {
 147              		.loc 1 100 1 is_stmt 1 view -0
 148              		.cfi_startproc
 149              		@ args = 0, pretend = 0, frame = 0
 150              		@ frame_needed = 0, uses_anonymous_args = 0
 151              		@ link register save eliminated.
 101:Drivers/GD32E23x/Source/gd32e23x_pmu.c ****     /* disable LVD */
 102:Drivers/GD32E23x/Source/gd32e23x_pmu.c ****     PMU_CTL &= ~PMU_CTL_LVDEN;
 152              		.loc 1 102 5 view .LVU22
 153 0000 47F20003 		movw	r3, #28672
 154 0004 C4F20003 		movt	r3, 16384
 155 0008 1A68     		ldr	r2, [r3]
 156              		.loc 1 102 13 is_stmt 0 view .LVU23
 157 000a 1021     		movs	r1, #16
 158 000c 8A43     		bics	r2, r1
 159 000e 1A60     		str	r2, [r3]
 103:Drivers/GD32E23x/Source/gd32e23x_pmu.c **** }
 160              		.loc 1 103 1 view .LVU24
 161              		@ sp needed
 162 0010 7047     		bx	lr
 163              		.cfi_endproc
 164              	.LFE63:
 166              		.section	.text.pmu_to_sleepmode,"ax",%progbits
 167              		.align	1
 168              		.global	pmu_to_sleepmode
 169              		.syntax unified
 170              		.code	16
 171              		.thumb_func
 173              	pmu_to_sleepmode:
 174              	.LVL4:
 175              	.LFB64:
 104:Drivers/GD32E23x/Source/gd32e23x_pmu.c **** 
 105:Drivers/GD32E23x/Source/gd32e23x_pmu.c **** /*!
 106:Drivers/GD32E23x/Source/gd32e23x_pmu.c ****     \brief      PMU work at sleep mode
 107:Drivers/GD32E23x/Source/gd32e23x_pmu.c ****     \param[in]  sleepmodecmd:
 108:Drivers/GD32E23x/Source/gd32e23x_pmu.c ****                 only one parameter can be selected which is shown as below:
 109:Drivers/GD32E23x/Source/gd32e23x_pmu.c ****       \arg        WFI_CMD: use WFI command
 110:Drivers/GD32E23x/Source/gd32e23x_pmu.c ****       \arg        WFE_CMD: use WFE command
 111:Drivers/GD32E23x/Source/gd32e23x_pmu.c ****     \param[out] none
 112:Drivers/GD32E23x/Source/gd32e23x_pmu.c ****     \retval     none
 113:Drivers/GD32E23x/Source/gd32e23x_pmu.c **** */
 114:Drivers/GD32E23x/Source/gd32e23x_pmu.c **** void pmu_to_sleepmode(uint8_t sleepmodecmd)
 115:Drivers/GD32E23x/Source/gd32e23x_pmu.c **** {
 176              		.loc 1 115 1 is_stmt 1 view -0
 177              		.cfi_startproc
 178              		@ args = 0, pretend = 0, frame = 0
 179              		@ frame_needed = 0, uses_anonymous_args = 0
ARM GAS  D:\noval\Temp\cch8Zy9t.s 			page 6


 180              		@ link register save eliminated.
 116:Drivers/GD32E23x/Source/gd32e23x_pmu.c ****     /* clear sleepdeep bit of Cortex-M23 system control register */
 117:Drivers/GD32E23x/Source/gd32e23x_pmu.c ****     SCB->SCR &= ~((uint32_t)SCB_SCR_SLEEPDEEP_Msk);
 181              		.loc 1 117 5 view .LVU26
 182              		.loc 1 117 8 is_stmt 0 view .LVU27
 183 0000 4EF60053 		movw	r3, #60672
 184 0004 CEF20003 		movt	r3, 57344
 185 0008 1A69     		ldr	r2, [r3, #16]
 186              		.loc 1 117 14 view .LVU28
 187 000a 0421     		movs	r1, #4
 188 000c 8A43     		bics	r2, r1
 189 000e 1A61     		str	r2, [r3, #16]
 118:Drivers/GD32E23x/Source/gd32e23x_pmu.c ****     
 119:Drivers/GD32E23x/Source/gd32e23x_pmu.c ****     /* select WFI or WFE command to enter sleep mode */
 120:Drivers/GD32E23x/Source/gd32e23x_pmu.c ****     if(WFI_CMD == sleepmodecmd){
 190              		.loc 1 120 5 is_stmt 1 view .LVU29
 191              		.loc 1 120 7 is_stmt 0 view .LVU30
 192 0010 08B9     		cbnz	r0, .L8
 121:Drivers/GD32E23x/Source/gd32e23x_pmu.c ****         __WFI();
 193              		.loc 1 121 9 is_stmt 1 view .LVU31
 194              		.syntax divided
 195              	@ 121 "Drivers/GD32E23x/Source/gd32e23x_pmu.c" 1
 196 0012 30BF     		wfi
 197              	@ 0 "" 2
 198              		.thumb
 199              		.syntax unified
 200              	.L7:
 122:Drivers/GD32E23x/Source/gd32e23x_pmu.c ****     }else{
 123:Drivers/GD32E23x/Source/gd32e23x_pmu.c ****         __WFE();
 124:Drivers/GD32E23x/Source/gd32e23x_pmu.c ****         __WFE();
 125:Drivers/GD32E23x/Source/gd32e23x_pmu.c ****     }
 126:Drivers/GD32E23x/Source/gd32e23x_pmu.c **** }
 201              		.loc 1 126 1 is_stmt 0 view .LVU32
 202              		@ sp needed
 203 0014 7047     		bx	lr
 204              	.L8:
 123:Drivers/GD32E23x/Source/gd32e23x_pmu.c ****         __WFE();
 205              		.loc 1 123 9 is_stmt 1 view .LVU33
 206              		.syntax divided
 207              	@ 123 "Drivers/GD32E23x/Source/gd32e23x_pmu.c" 1
 208 0016 20BF     		wfe
 209              	@ 0 "" 2
 124:Drivers/GD32E23x/Source/gd32e23x_pmu.c ****     }
 210              		.loc 1 124 9 view .LVU34
 211              	@ 124 "Drivers/GD32E23x/Source/gd32e23x_pmu.c" 1
 212 0018 20BF     		wfe
 213              	@ 0 "" 2
 214              		.loc 1 126 1 is_stmt 0 view .LVU35
 215              		.thumb
 216              		.syntax unified
 217 001a FBE7     		b	.L7
 218              		.cfi_endproc
 219              	.LFE64:
 221              		.section	.text.pmu_to_deepsleepmode,"ax",%progbits
 222              		.align	1
 223              		.global	pmu_to_deepsleepmode
 224              		.syntax unified
ARM GAS  D:\noval\Temp\cch8Zy9t.s 			page 7


 225              		.code	16
 226              		.thumb_func
 228              	pmu_to_deepsleepmode:
 229              	.LVL5:
 230              	.LFB65:
 127:Drivers/GD32E23x/Source/gd32e23x_pmu.c **** 
 128:Drivers/GD32E23x/Source/gd32e23x_pmu.c **** /*!
 129:Drivers/GD32E23x/Source/gd32e23x_pmu.c ****     \brief      PMU work at deepsleep mode
 130:Drivers/GD32E23x/Source/gd32e23x_pmu.c ****     \param[in]  ldo:
 131:Drivers/GD32E23x/Source/gd32e23x_pmu.c ****                 only one parameter can be selected which is shown as below:
 132:Drivers/GD32E23x/Source/gd32e23x_pmu.c ****       \arg        PMU_LDO_NORMAL: LDO operates normally when pmu enter deepsleep mode
 133:Drivers/GD32E23x/Source/gd32e23x_pmu.c ****       \arg        PMU_LDO_LOWPOWER: LDO work at low power mode when pmu enter deepsleep mode
 134:Drivers/GD32E23x/Source/gd32e23x_pmu.c ****     \param[in]  deepsleepmodecmd:
 135:Drivers/GD32E23x/Source/gd32e23x_pmu.c ****                 only one parameter can be selected which is shown as below:
 136:Drivers/GD32E23x/Source/gd32e23x_pmu.c ****       \arg        WFI_CMD: use WFI command
 137:Drivers/GD32E23x/Source/gd32e23x_pmu.c ****       \arg        WFE_CMD: use WFE command
 138:Drivers/GD32E23x/Source/gd32e23x_pmu.c ****     \param[out] none
 139:Drivers/GD32E23x/Source/gd32e23x_pmu.c ****     \retval     none
 140:Drivers/GD32E23x/Source/gd32e23x_pmu.c **** */
 141:Drivers/GD32E23x/Source/gd32e23x_pmu.c **** void pmu_to_deepsleepmode(uint32_t ldo,uint8_t deepsleepmodecmd)
 142:Drivers/GD32E23x/Source/gd32e23x_pmu.c **** {
 231              		.loc 1 142 1 is_stmt 1 view -0
 232              		.cfi_startproc
 233              		@ args = 0, pretend = 0, frame = 0
 234              		@ frame_needed = 0, uses_anonymous_args = 0
 235              		.loc 1 142 1 is_stmt 0 view .LVU37
 236 0000 10B5     		push	{r4, lr}
 237              	.LCFI2:
 238              		.cfi_def_cfa_offset 8
 239              		.cfi_offset 4, -8
 240              		.cfi_offset 14, -4
 143:Drivers/GD32E23x/Source/gd32e23x_pmu.c ****     /* clear stbmod and ldolp bits */
 144:Drivers/GD32E23x/Source/gd32e23x_pmu.c ****     PMU_CTL &= ~((uint32_t)(PMU_CTL_STBMOD | PMU_CTL_LDOLP));
 241              		.loc 1 144 5 is_stmt 1 view .LVU38
 242 0002 47F20003 		movw	r3, #28672
 243 0006 C4F20003 		movt	r3, 16384
 244 000a 1A68     		ldr	r2, [r3]
 245              		.loc 1 144 13 is_stmt 0 view .LVU39
 246 000c 0324     		movs	r4, #3
 247 000e A243     		bics	r2, r4
 248 0010 1A60     		str	r2, [r3]
 145:Drivers/GD32E23x/Source/gd32e23x_pmu.c ****     
 146:Drivers/GD32E23x/Source/gd32e23x_pmu.c ****     /* set ldolp bit according to pmu_ldo */
 147:Drivers/GD32E23x/Source/gd32e23x_pmu.c ****     PMU_CTL |= ldo;
 249              		.loc 1 147 5 is_stmt 1 view .LVU40
 250 0012 1A68     		ldr	r2, [r3]
 251              		.loc 1 147 13 is_stmt 0 view .LVU41
 252 0014 0243     		orrs	r2, r0
 253 0016 1A60     		str	r2, [r3]
 148:Drivers/GD32E23x/Source/gd32e23x_pmu.c ****     
 149:Drivers/GD32E23x/Source/gd32e23x_pmu.c ****     /* set sleepdeep bit of Cortex-M23 system control register */
 150:Drivers/GD32E23x/Source/gd32e23x_pmu.c ****     SCB->SCR |= SCB_SCR_SLEEPDEEP_Msk;
 254              		.loc 1 150 5 is_stmt 1 view .LVU42
 255              		.loc 1 150 8 is_stmt 0 view .LVU43
 256 0018 4EF60053 		movw	r3, #60672
 257 001c CEF20003 		movt	r3, 57344
 258 0020 1A69     		ldr	r2, [r3, #16]
ARM GAS  D:\noval\Temp\cch8Zy9t.s 			page 8


 259              		.loc 1 150 14 view .LVU44
 260 0022 0420     		movs	r0, #4
 261              	.LVL6:
 262              		.loc 1 150 14 view .LVU45
 263 0024 0243     		orrs	r2, r0
 264 0026 1A61     		str	r2, [r3, #16]
 151:Drivers/GD32E23x/Source/gd32e23x_pmu.c ****   
 152:Drivers/GD32E23x/Source/gd32e23x_pmu.c ****     /* select WFI or WFE command to enter deepsleep mode */
 153:Drivers/GD32E23x/Source/gd32e23x_pmu.c ****     if(WFI_CMD == deepsleepmodecmd){
 265              		.loc 1 153 5 is_stmt 1 view .LVU46
 266              		.loc 1 153 7 is_stmt 0 view .LVU47
 267 0028 49B9     		cbnz	r1, .L11
 154:Drivers/GD32E23x/Source/gd32e23x_pmu.c ****         __WFI();
 268              		.loc 1 154 9 is_stmt 1 view .LVU48
 269              		.syntax divided
 270              	@ 154 "Drivers/GD32E23x/Source/gd32e23x_pmu.c" 1
 271 002a 30BF     		wfi
 272              	@ 0 "" 2
 273              		.thumb
 274              		.syntax unified
 275              	.L12:
 155:Drivers/GD32E23x/Source/gd32e23x_pmu.c ****     }else{
 156:Drivers/GD32E23x/Source/gd32e23x_pmu.c ****         __SEV();
 157:Drivers/GD32E23x/Source/gd32e23x_pmu.c ****         __WFE();
 158:Drivers/GD32E23x/Source/gd32e23x_pmu.c ****         __WFE();
 159:Drivers/GD32E23x/Source/gd32e23x_pmu.c ****     }
 160:Drivers/GD32E23x/Source/gd32e23x_pmu.c **** 
 161:Drivers/GD32E23x/Source/gd32e23x_pmu.c ****     /* reset sleepdeep bit of Cortex-M23 system control register */
 162:Drivers/GD32E23x/Source/gd32e23x_pmu.c ****     SCB->SCR &= ~((uint32_t)SCB_SCR_SLEEPDEEP_Msk);
 276              		.loc 1 162 5 view .LVU49
 277              		.loc 1 162 8 is_stmt 0 view .LVU50
 278 002c 4EF60053 		movw	r3, #60672
 279 0030 CEF20003 		movt	r3, 57344
 280 0034 1A69     		ldr	r2, [r3, #16]
 281              		.loc 1 162 14 view .LVU51
 282 0036 0421     		movs	r1, #4
 283              	.LVL7:
 284              		.loc 1 162 14 view .LVU52
 285 0038 8A43     		bics	r2, r1
 286 003a 1A61     		str	r2, [r3, #16]
 163:Drivers/GD32E23x/Source/gd32e23x_pmu.c **** }
 287              		.loc 1 163 1 view .LVU53
 288              		@ sp needed
 289 003c 10BD     		pop	{r4, pc}
 290              	.LVL8:
 291              	.L11:
 156:Drivers/GD32E23x/Source/gd32e23x_pmu.c ****         __WFE();
 292              		.loc 1 156 9 is_stmt 1 view .LVU54
 293              		.syntax divided
 294              	@ 156 "Drivers/GD32E23x/Source/gd32e23x_pmu.c" 1
 295 003e 40BF     		sev
 296              	@ 0 "" 2
 157:Drivers/GD32E23x/Source/gd32e23x_pmu.c ****         __WFE();
 297              		.loc 1 157 9 view .LVU55
 298              	@ 157 "Drivers/GD32E23x/Source/gd32e23x_pmu.c" 1
 299 0040 20BF     		wfe
 300              	@ 0 "" 2
ARM GAS  D:\noval\Temp\cch8Zy9t.s 			page 9


 158:Drivers/GD32E23x/Source/gd32e23x_pmu.c ****     }
 301              		.loc 1 158 9 view .LVU56
 302              	@ 158 "Drivers/GD32E23x/Source/gd32e23x_pmu.c" 1
 303 0042 20BF     		wfe
 304              	@ 0 "" 2
 305              		.thumb
 306              		.syntax unified
 307 0044 F2E7     		b	.L12
 308              		.cfi_endproc
 309              	.LFE65:
 311              		.section	.text.pmu_to_standbymode,"ax",%progbits
 312              		.align	1
 313              		.global	pmu_to_standbymode
 314              		.syntax unified
 315              		.code	16
 316              		.thumb_func
 318              	pmu_to_standbymode:
 319              	.LFB66:
 164:Drivers/GD32E23x/Source/gd32e23x_pmu.c **** 
 165:Drivers/GD32E23x/Source/gd32e23x_pmu.c **** /*!
 166:Drivers/GD32E23x/Source/gd32e23x_pmu.c ****     \brief      pmu work at standby mode
 167:Drivers/GD32E23x/Source/gd32e23x_pmu.c ****     \param[in]  none
 168:Drivers/GD32E23x/Source/gd32e23x_pmu.c ****     \param[out] none
 169:Drivers/GD32E23x/Source/gd32e23x_pmu.c ****     \retval     none
 170:Drivers/GD32E23x/Source/gd32e23x_pmu.c **** */
 171:Drivers/GD32E23x/Source/gd32e23x_pmu.c **** void pmu_to_standbymode(void)
 172:Drivers/GD32E23x/Source/gd32e23x_pmu.c **** {
 320              		.loc 1 172 1 view -0
 321              		.cfi_startproc
 322              		@ args = 0, pretend = 0, frame = 0
 323              		@ frame_needed = 0, uses_anonymous_args = 0
 324              		@ link register save eliminated.
 173:Drivers/GD32E23x/Source/gd32e23x_pmu.c ****     /* switch to IRC8M clock as system clock, close HXTAL */
 174:Drivers/GD32E23x/Source/gd32e23x_pmu.c ****     RCU_CFG0 &= ~RCU_CFG0_SCS; 
 325              		.loc 1 174 5 view .LVU58
 326 0000 41F20403 		movw	r3, #4100
 327 0004 C4F20203 		movt	r3, 16386
 328 0008 1A68     		ldr	r2, [r3]
 329              		.loc 1 174 14 is_stmt 0 view .LVU59
 330 000a 0321     		movs	r1, #3
 331 000c 8A43     		bics	r2, r1
 332 000e 1A60     		str	r2, [r3]
 175:Drivers/GD32E23x/Source/gd32e23x_pmu.c ****     RCU_CTL0 &= ~RCU_CTL0_HXTALEN;    
 333              		.loc 1 175 5 is_stmt 1 view .LVU60
 334 0010 41F20003 		movw	r3, #4096
 335 0014 C4F20203 		movt	r3, 16386
 336 0018 1A68     		ldr	r2, [r3]
 337              		.loc 1 175 14 is_stmt 0 view .LVU61
 338 001a 1949     		ldr	r1, .L14
 339 001c 0A40     		ands	r2, r1
 340 001e 1A60     		str	r2, [r3]
 176:Drivers/GD32E23x/Source/gd32e23x_pmu.c **** 
 177:Drivers/GD32E23x/Source/gd32e23x_pmu.c ****     /* set stbmod bit */
 178:Drivers/GD32E23x/Source/gd32e23x_pmu.c ****     PMU_CTL |= PMU_CTL_STBMOD;
 341              		.loc 1 178 5 is_stmt 1 view .LVU62
 342 0020 47F20003 		movw	r3, #28672
 343 0024 C4F20003 		movt	r3, 16384
ARM GAS  D:\noval\Temp\cch8Zy9t.s 			page 10


 344 0028 1A68     		ldr	r2, [r3]
 345              		.loc 1 178 13 is_stmt 0 view .LVU63
 346 002a 0221     		movs	r1, #2
 347 002c 0A43     		orrs	r2, r1
 348 002e 1A60     		str	r2, [r3]
 179:Drivers/GD32E23x/Source/gd32e23x_pmu.c ****         
 180:Drivers/GD32E23x/Source/gd32e23x_pmu.c ****     /* reset wakeup flag */
 181:Drivers/GD32E23x/Source/gd32e23x_pmu.c ****     PMU_CTL |= PMU_CTL_WURST;
 349              		.loc 1 181 5 is_stmt 1 view .LVU64
 350 0030 1A68     		ldr	r2, [r3]
 351              		.loc 1 181 13 is_stmt 0 view .LVU65
 352 0032 0231     		adds	r1, r1, #2
 353 0034 0A43     		orrs	r2, r1
 354 0036 1A60     		str	r2, [r3]
 182:Drivers/GD32E23x/Source/gd32e23x_pmu.c ****     
 183:Drivers/GD32E23x/Source/gd32e23x_pmu.c ****     /* set sleepdeep bit of Cortex-M23 system control register */
 184:Drivers/GD32E23x/Source/gd32e23x_pmu.c ****     SCB->SCR |= SCB_SCR_SLEEPDEEP_Msk;
 355              		.loc 1 184 5 is_stmt 1 view .LVU66
 356              		.loc 1 184 8 is_stmt 0 view .LVU67
 357 0038 4EF60053 		movw	r3, #60672
 358 003c CEF20003 		movt	r3, 57344
 359 0040 1A69     		ldr	r2, [r3, #16]
 360              		.loc 1 184 14 view .LVU68
 361 0042 0A43     		orrs	r2, r1
 362 0044 1A61     		str	r2, [r3, #16]
 185:Drivers/GD32E23x/Source/gd32e23x_pmu.c **** 
 186:Drivers/GD32E23x/Source/gd32e23x_pmu.c ****     REG32( 0xE000E010U ) &= 0x00010004U;
 363              		.loc 1 186 5 is_stmt 1 view .LVU69
 364 0046 4EF21003 		movw	r3, #57360
 365 004a CEF20003 		movt	r3, 57344
 366 004e 1A68     		ldr	r2, [r3]
 367              		.loc 1 186 26 is_stmt 0 view .LVU70
 368 0050 C0F20101 		movt	r1, 1
 369 0054 0A40     		ands	r2, r1
 370 0056 1A60     		str	r2, [r3]
 187:Drivers/GD32E23x/Source/gd32e23x_pmu.c ****     REG32( 0xE000E180U )  = 0XFFFFFFFBU;
 371              		.loc 1 187 5 is_stmt 1 view .LVU71
 372              		.loc 1 187 27 is_stmt 0 view .LVU72
 373 0058 4EF28013 		movw	r3, #57728
 374 005c CEF20003 		movt	r3, 57344
 375 0060 0522     		movs	r2, #5
 376 0062 5242     		rsbs	r2, r2, #0
 377 0064 1A60     		str	r2, [r3]
 188:Drivers/GD32E23x/Source/gd32e23x_pmu.c ****     REG32( 0xE000E184U )  = 0XFFFFFFFFU;
 378              		.loc 1 188 5 is_stmt 1 view .LVU73
 379              		.loc 1 188 27 is_stmt 0 view .LVU74
 380 0066 4EF28413 		movw	r3, #57732
 381 006a CEF20003 		movt	r3, 57344
 382 006e 0432     		adds	r2, r2, #4
 383 0070 1A60     		str	r2, [r3]
 189:Drivers/GD32E23x/Source/gd32e23x_pmu.c ****     REG32( 0xE000E188U )  = 0xFFFFFFFFU;
 384              		.loc 1 189 5 is_stmt 1 view .LVU75
 385              		.loc 1 189 27 is_stmt 0 view .LVU76
 386 0072 4EF28813 		movw	r3, #57736
 387 0076 CEF20003 		movt	r3, 57344
 388 007a 1A60     		str	r2, [r3]
 190:Drivers/GD32E23x/Source/gd32e23x_pmu.c **** 
ARM GAS  D:\noval\Temp\cch8Zy9t.s 			page 11


 191:Drivers/GD32E23x/Source/gd32e23x_pmu.c ****     /* select WFI command to enter standby mode */
 192:Drivers/GD32E23x/Source/gd32e23x_pmu.c ****     __WFI();
 389              		.loc 1 192 5 is_stmt 1 view .LVU77
 390              		.syntax divided
 391              	@ 192 "Drivers/GD32E23x/Source/gd32e23x_pmu.c" 1
 392 007c 30BF     		wfi
 393              	@ 0 "" 2
 193:Drivers/GD32E23x/Source/gd32e23x_pmu.c **** }
 394              		.loc 1 193 1 is_stmt 0 view .LVU78
 395              		.thumb
 396              		.syntax unified
 397              		@ sp needed
 398 007e 7047     		bx	lr
 399              	.L15:
 400              		.align	2
 401              	.L14:
 402 0080 FFFFFEFF 		.word	-65537
 403              		.cfi_endproc
 404              	.LFE66:
 406              		.section	.text.pmu_wakeup_pin_enable,"ax",%progbits
 407              		.align	1
 408              		.global	pmu_wakeup_pin_enable
 409              		.syntax unified
 410              		.code	16
 411              		.thumb_func
 413              	pmu_wakeup_pin_enable:
 414              	.LVL9:
 415              	.LFB67:
 194:Drivers/GD32E23x/Source/gd32e23x_pmu.c **** 
 195:Drivers/GD32E23x/Source/gd32e23x_pmu.c **** /*!
 196:Drivers/GD32E23x/Source/gd32e23x_pmu.c ****     \brief      enable wakeup pin
 197:Drivers/GD32E23x/Source/gd32e23x_pmu.c ****     \param[in]  wakeup_pin:
 198:Drivers/GD32E23x/Source/gd32e23x_pmu.c ****                 one or more parameters can be selected which are shown as below:
 199:Drivers/GD32E23x/Source/gd32e23x_pmu.c ****       \arg        PMU_WAKEUP_PIN0: WKUP Pin 0 (PA0) 
 200:Drivers/GD32E23x/Source/gd32e23x_pmu.c ****       \arg        PMU_WAKEUP_PIN1: WKUP Pin 1 (PC13) 
 201:Drivers/GD32E23x/Source/gd32e23x_pmu.c ****       \arg        PMU_WAKEUP_PIN5: WKUP Pin 5 (PB5) 
 202:Drivers/GD32E23x/Source/gd32e23x_pmu.c ****       \arg        PMU_WAKEUP_PIN6: WKUP Pin 6 (PB15) 
 203:Drivers/GD32E23x/Source/gd32e23x_pmu.c ****     \param[out] none
 204:Drivers/GD32E23x/Source/gd32e23x_pmu.c ****     \retval     none
 205:Drivers/GD32E23x/Source/gd32e23x_pmu.c **** */
 206:Drivers/GD32E23x/Source/gd32e23x_pmu.c **** void pmu_wakeup_pin_enable(uint32_t wakeup_pin)
 207:Drivers/GD32E23x/Source/gd32e23x_pmu.c **** {
 416              		.loc 1 207 1 is_stmt 1 view -0
 417              		.cfi_startproc
 418              		@ args = 0, pretend = 0, frame = 0
 419              		@ frame_needed = 0, uses_anonymous_args = 0
 420              		@ link register save eliminated.
 208:Drivers/GD32E23x/Source/gd32e23x_pmu.c ****     PMU_CS |= wakeup_pin;
 421              		.loc 1 208 5 view .LVU80
 422 0000 47F20403 		movw	r3, #28676
 423 0004 C4F20003 		movt	r3, 16384
 424 0008 1A68     		ldr	r2, [r3]
 425              		.loc 1 208 12 is_stmt 0 view .LVU81
 426 000a 0243     		orrs	r2, r0
 427 000c 1A60     		str	r2, [r3]
 209:Drivers/GD32E23x/Source/gd32e23x_pmu.c **** }
 428              		.loc 1 209 1 view .LVU82
ARM GAS  D:\noval\Temp\cch8Zy9t.s 			page 12


 429              		@ sp needed
 430 000e 7047     		bx	lr
 431              		.cfi_endproc
 432              	.LFE67:
 434              		.section	.text.pmu_wakeup_pin_disable,"ax",%progbits
 435              		.align	1
 436              		.global	pmu_wakeup_pin_disable
 437              		.syntax unified
 438              		.code	16
 439              		.thumb_func
 441              	pmu_wakeup_pin_disable:
 442              	.LVL10:
 443              	.LFB68:
 210:Drivers/GD32E23x/Source/gd32e23x_pmu.c **** 
 211:Drivers/GD32E23x/Source/gd32e23x_pmu.c **** /*!
 212:Drivers/GD32E23x/Source/gd32e23x_pmu.c ****     \brief      disable wakeup pin
 213:Drivers/GD32E23x/Source/gd32e23x_pmu.c ****     \param[in]  wakeup_pin:
 214:Drivers/GD32E23x/Source/gd32e23x_pmu.c ****                 one or more parameters can be selected which are shown as below:
 215:Drivers/GD32E23x/Source/gd32e23x_pmu.c ****       \arg        PMU_WAKEUP_PIN0: WKUP Pin 0 (PA0) 
 216:Drivers/GD32E23x/Source/gd32e23x_pmu.c ****       \arg        PMU_WAKEUP_PIN1: WKUP Pin 1 (PC13)
 217:Drivers/GD32E23x/Source/gd32e23x_pmu.c ****       \arg        PMU_WAKEUP_PIN5: WKUP Pin 5 (PB5) 
 218:Drivers/GD32E23x/Source/gd32e23x_pmu.c ****       \arg        PMU_WAKEUP_PIN6: WKUP Pin 6 (PB15)
 219:Drivers/GD32E23x/Source/gd32e23x_pmu.c ****     \param[out] none
 220:Drivers/GD32E23x/Source/gd32e23x_pmu.c ****     \retval     none
 221:Drivers/GD32E23x/Source/gd32e23x_pmu.c **** */
 222:Drivers/GD32E23x/Source/gd32e23x_pmu.c **** void pmu_wakeup_pin_disable(uint32_t wakeup_pin)
 223:Drivers/GD32E23x/Source/gd32e23x_pmu.c **** {
 444              		.loc 1 223 1 is_stmt 1 view -0
 445              		.cfi_startproc
 446              		@ args = 0, pretend = 0, frame = 0
 447              		@ frame_needed = 0, uses_anonymous_args = 0
 448              		@ link register save eliminated.
 224:Drivers/GD32E23x/Source/gd32e23x_pmu.c ****     PMU_CS &= ~(wakeup_pin);
 449              		.loc 1 224 5 view .LVU84
 450 0000 47F20403 		movw	r3, #28676
 451 0004 C4F20003 		movt	r3, 16384
 452 0008 1A68     		ldr	r2, [r3]
 453              		.loc 1 224 12 is_stmt 0 view .LVU85
 454 000a 8243     		bics	r2, r0
 455 000c 1A60     		str	r2, [r3]
 225:Drivers/GD32E23x/Source/gd32e23x_pmu.c **** }
 456              		.loc 1 225 1 view .LVU86
 457              		@ sp needed
 458 000e 7047     		bx	lr
 459              		.cfi_endproc
 460              	.LFE68:
 462              		.section	.text.pmu_backup_write_enable,"ax",%progbits
 463              		.align	1
 464              		.global	pmu_backup_write_enable
 465              		.syntax unified
 466              		.code	16
 467              		.thumb_func
 469              	pmu_backup_write_enable:
 470              	.LFB69:
 226:Drivers/GD32E23x/Source/gd32e23x_pmu.c **** 
 227:Drivers/GD32E23x/Source/gd32e23x_pmu.c **** /*!
 228:Drivers/GD32E23x/Source/gd32e23x_pmu.c ****     \brief      enable backup domain write
ARM GAS  D:\noval\Temp\cch8Zy9t.s 			page 13


 229:Drivers/GD32E23x/Source/gd32e23x_pmu.c ****     \param[in]  none
 230:Drivers/GD32E23x/Source/gd32e23x_pmu.c ****     \param[out] none
 231:Drivers/GD32E23x/Source/gd32e23x_pmu.c ****     \retval     none
 232:Drivers/GD32E23x/Source/gd32e23x_pmu.c **** */
 233:Drivers/GD32E23x/Source/gd32e23x_pmu.c **** void pmu_backup_write_enable(void)
 234:Drivers/GD32E23x/Source/gd32e23x_pmu.c **** {
 471              		.loc 1 234 1 is_stmt 1 view -0
 472              		.cfi_startproc
 473              		@ args = 0, pretend = 0, frame = 0
 474              		@ frame_needed = 0, uses_anonymous_args = 0
 475              		@ link register save eliminated.
 235:Drivers/GD32E23x/Source/gd32e23x_pmu.c ****     PMU_CTL |= PMU_CTL_BKPWEN;
 476              		.loc 1 235 5 view .LVU88
 477 0000 47F20003 		movw	r3, #28672
 478 0004 C4F20003 		movt	r3, 16384
 479 0008 1A68     		ldr	r2, [r3]
 480              		.loc 1 235 13 is_stmt 0 view .LVU89
 481 000a 40F20011 		movw	r1, #256
 482 000e 0A43     		orrs	r2, r1
 483 0010 1A60     		str	r2, [r3]
 236:Drivers/GD32E23x/Source/gd32e23x_pmu.c **** }
 484              		.loc 1 236 1 view .LVU90
 485              		@ sp needed
 486 0012 7047     		bx	lr
 487              		.cfi_endproc
 488              	.LFE69:
 490              		.section	.text.pmu_backup_write_disable,"ax",%progbits
 491              		.align	1
 492              		.global	pmu_backup_write_disable
 493              		.syntax unified
 494              		.code	16
 495              		.thumb_func
 497              	pmu_backup_write_disable:
 498              	.LFB70:
 237:Drivers/GD32E23x/Source/gd32e23x_pmu.c **** 
 238:Drivers/GD32E23x/Source/gd32e23x_pmu.c **** /*!
 239:Drivers/GD32E23x/Source/gd32e23x_pmu.c ****     \brief      disable backup domain write
 240:Drivers/GD32E23x/Source/gd32e23x_pmu.c ****     \param[in]  none
 241:Drivers/GD32E23x/Source/gd32e23x_pmu.c ****     \param[out] none
 242:Drivers/GD32E23x/Source/gd32e23x_pmu.c ****     \retval     none
 243:Drivers/GD32E23x/Source/gd32e23x_pmu.c **** */
 244:Drivers/GD32E23x/Source/gd32e23x_pmu.c **** void pmu_backup_write_disable(void)
 245:Drivers/GD32E23x/Source/gd32e23x_pmu.c **** {
 499              		.loc 1 245 1 is_stmt 1 view -0
 500              		.cfi_startproc
 501              		@ args = 0, pretend = 0, frame = 0
 502              		@ frame_needed = 0, uses_anonymous_args = 0
 503              		@ link register save eliminated.
 246:Drivers/GD32E23x/Source/gd32e23x_pmu.c ****     PMU_CTL &= ~PMU_CTL_BKPWEN;
 504              		.loc 1 246 5 view .LVU92
 505 0000 47F20003 		movw	r3, #28672
 506 0004 C4F20003 		movt	r3, 16384
 507 0008 1A68     		ldr	r2, [r3]
 508              		.loc 1 246 13 is_stmt 0 view .LVU93
 509 000a 0249     		ldr	r1, .L20
 510 000c 0A40     		ands	r2, r1
 511 000e 1A60     		str	r2, [r3]
ARM GAS  D:\noval\Temp\cch8Zy9t.s 			page 14


 247:Drivers/GD32E23x/Source/gd32e23x_pmu.c **** }
 512              		.loc 1 247 1 view .LVU94
 513              		@ sp needed
 514 0010 7047     		bx	lr
 515              	.L21:
 516 0012 C046     		.align	2
 517              	.L20:
 518 0014 FFFEFFFF 		.word	-257
 519              		.cfi_endproc
 520              	.LFE70:
 522              		.section	.text.pmu_flag_get,"ax",%progbits
 523              		.align	1
 524              		.global	pmu_flag_get
 525              		.syntax unified
 526              		.code	16
 527              		.thumb_func
 529              	pmu_flag_get:
 530              	.LVL11:
 531              	.LFB71:
 248:Drivers/GD32E23x/Source/gd32e23x_pmu.c **** 
 249:Drivers/GD32E23x/Source/gd32e23x_pmu.c **** /*!
 250:Drivers/GD32E23x/Source/gd32e23x_pmu.c ****     \brief      get flag state
 251:Drivers/GD32E23x/Source/gd32e23x_pmu.c ****     \param[in]  flag:
 252:Drivers/GD32E23x/Source/gd32e23x_pmu.c ****                 only one parameter can be selected which is shown as below:
 253:Drivers/GD32E23x/Source/gd32e23x_pmu.c ****       \arg        PMU_FLAG_WAKEUP: wakeup flag
 254:Drivers/GD32E23x/Source/gd32e23x_pmu.c ****       \arg        PMU_FLAG_STANDBY: standby flag
 255:Drivers/GD32E23x/Source/gd32e23x_pmu.c ****       \arg        PMU_FLAG_LVD: lvd flag
 256:Drivers/GD32E23x/Source/gd32e23x_pmu.c ****     \param[out] none
 257:Drivers/GD32E23x/Source/gd32e23x_pmu.c ****     \retval     FlagStatus SET or RESET
 258:Drivers/GD32E23x/Source/gd32e23x_pmu.c **** */
 259:Drivers/GD32E23x/Source/gd32e23x_pmu.c **** FlagStatus pmu_flag_get(uint32_t flag)
 260:Drivers/GD32E23x/Source/gd32e23x_pmu.c **** {
 532              		.loc 1 260 1 is_stmt 1 view -0
 533              		.cfi_startproc
 534              		@ args = 0, pretend = 0, frame = 0
 535              		@ frame_needed = 0, uses_anonymous_args = 0
 536              		@ link register save eliminated.
 261:Drivers/GD32E23x/Source/gd32e23x_pmu.c ****     FlagStatus ret_status = RESET;
 537              		.loc 1 261 5 view .LVU96
 262:Drivers/GD32E23x/Source/gd32e23x_pmu.c ****     
 263:Drivers/GD32E23x/Source/gd32e23x_pmu.c ****     if(PMU_CS & flag){
 538              		.loc 1 263 5 view .LVU97
 539              		.loc 1 263 8 is_stmt 0 view .LVU98
 540 0000 47F20403 		movw	r3, #28676
 541 0004 C4F20003 		movt	r3, 16384
 542 0008 1B68     		ldr	r3, [r3]
 543              		.loc 1 263 7 view .LVU99
 544 000a 1842     		tst	r0, r3
 545 000c 01D1     		bne	.L24
 261:Drivers/GD32E23x/Source/gd32e23x_pmu.c ****     FlagStatus ret_status = RESET;
 546              		.loc 1 261 16 view .LVU100
 547 000e 0020     		movs	r0, #0
 548              	.LVL12:
 549              	.L23:
 264:Drivers/GD32E23x/Source/gd32e23x_pmu.c ****         ret_status = SET;
 265:Drivers/GD32E23x/Source/gd32e23x_pmu.c ****     }
 266:Drivers/GD32E23x/Source/gd32e23x_pmu.c ****     
ARM GAS  D:\noval\Temp\cch8Zy9t.s 			page 15


 267:Drivers/GD32E23x/Source/gd32e23x_pmu.c ****     return ret_status;
 550              		.loc 1 267 5 is_stmt 1 view .LVU101
 268:Drivers/GD32E23x/Source/gd32e23x_pmu.c **** }
 551              		.loc 1 268 1 is_stmt 0 view .LVU102
 552              		@ sp needed
 553 0010 7047     		bx	lr
 554              	.LVL13:
 555              	.L24:
 264:Drivers/GD32E23x/Source/gd32e23x_pmu.c ****         ret_status = SET;
 556              		.loc 1 264 20 view .LVU103
 557 0012 0120     		movs	r0, #1
 558              	.LVL14:
 264:Drivers/GD32E23x/Source/gd32e23x_pmu.c ****         ret_status = SET;
 559              		.loc 1 264 20 view .LVU104
 560 0014 FCE7     		b	.L23
 561              		.cfi_endproc
 562              	.LFE71:
 564              		.section	.text.pmu_flag_clear,"ax",%progbits
 565              		.align	1
 566              		.global	pmu_flag_clear
 567              		.syntax unified
 568              		.code	16
 569              		.thumb_func
 571              	pmu_flag_clear:
 572              	.LVL15:
 573              	.LFB72:
 269:Drivers/GD32E23x/Source/gd32e23x_pmu.c **** 
 270:Drivers/GD32E23x/Source/gd32e23x_pmu.c **** /*!
 271:Drivers/GD32E23x/Source/gd32e23x_pmu.c ****     \brief      clear flag bit
 272:Drivers/GD32E23x/Source/gd32e23x_pmu.c ****     \param[in]  flag:
 273:Drivers/GD32E23x/Source/gd32e23x_pmu.c ****                 one or more parameters can be selected which are shown as below:
 274:Drivers/GD32E23x/Source/gd32e23x_pmu.c ****       \arg        PMU_FLAG_RESET_WAKEUP: reset wakeup flag
 275:Drivers/GD32E23x/Source/gd32e23x_pmu.c ****       \arg        PMU_FLAG_RESET_STANDBY: reset standby flag
 276:Drivers/GD32E23x/Source/gd32e23x_pmu.c ****     \param[out] none
 277:Drivers/GD32E23x/Source/gd32e23x_pmu.c ****     \retval     none
 278:Drivers/GD32E23x/Source/gd32e23x_pmu.c **** */
 279:Drivers/GD32E23x/Source/gd32e23x_pmu.c **** void pmu_flag_clear(uint32_t flag)
 280:Drivers/GD32E23x/Source/gd32e23x_pmu.c **** {
 574              		.loc 1 280 1 is_stmt 1 view -0
 575              		.cfi_startproc
 576              		@ args = 0, pretend = 0, frame = 0
 577              		@ frame_needed = 0, uses_anonymous_args = 0
 578              		@ link register save eliminated.
 281:Drivers/GD32E23x/Source/gd32e23x_pmu.c ****     if(RESET != (flag & PMU_FLAG_RESET_WAKEUP)){
 579              		.loc 1 281 5 view .LVU106
 580              		.loc 1 281 7 is_stmt 0 view .LVU107
 581 0000 4307     		lsls	r3, r0, #29
 582 0002 07D5     		bpl	.L26
 282:Drivers/GD32E23x/Source/gd32e23x_pmu.c ****         /* reset wakeup flag */
 283:Drivers/GD32E23x/Source/gd32e23x_pmu.c ****         PMU_CTL |= PMU_CTL_WURST;
 583              		.loc 1 283 9 is_stmt 1 view .LVU108
 584 0004 47F20003 		movw	r3, #28672
 585 0008 C4F20003 		movt	r3, 16384
 586 000c 1A68     		ldr	r2, [r3]
 587              		.loc 1 283 17 is_stmt 0 view .LVU109
 588 000e 0421     		movs	r1, #4
 589 0010 0A43     		orrs	r2, r1
ARM GAS  D:\noval\Temp\cch8Zy9t.s 			page 16


 590 0012 1A60     		str	r2, [r3]
 591              	.L26:
 284:Drivers/GD32E23x/Source/gd32e23x_pmu.c ****     }
 285:Drivers/GD32E23x/Source/gd32e23x_pmu.c ****     if(RESET != (flag & PMU_FLAG_RESET_STANDBY)){
 592              		.loc 1 285 5 is_stmt 1 view .LVU110
 593              		.loc 1 285 7 is_stmt 0 view .LVU111
 594 0014 0007     		lsls	r0, r0, #28
 595 0016 07D5     		bpl	.L25
 596              	.LVL16:
 286:Drivers/GD32E23x/Source/gd32e23x_pmu.c ****         /* reset standby flag */
 287:Drivers/GD32E23x/Source/gd32e23x_pmu.c ****         PMU_CTL |= PMU_CTL_STBRST;
 597              		.loc 1 287 9 is_stmt 1 view .LVU112
 598 0018 47F20003 		movw	r3, #28672
 599 001c C4F20003 		movt	r3, 16384
 600 0020 1A68     		ldr	r2, [r3]
 601              		.loc 1 287 17 is_stmt 0 view .LVU113
 602 0022 0821     		movs	r1, #8
 603 0024 0A43     		orrs	r2, r1
 604 0026 1A60     		str	r2, [r3]
 605              	.L25:
 288:Drivers/GD32E23x/Source/gd32e23x_pmu.c ****     }
 289:Drivers/GD32E23x/Source/gd32e23x_pmu.c **** }
 606              		.loc 1 289 1 view .LVU114
 607              		@ sp needed
 608 0028 7047     		bx	lr
 609              		.cfi_endproc
 610              	.LFE72:
 612              		.text
 613              	.Letext0:
 614              		.file 2 "D:/AppData/arm-gnu-toolchain-13.3.rel1-mingw-w64-i686-arm-none-eabi/arm-none-eabi/include
 615              		.file 3 "D:/AppData/arm-gnu-toolchain-13.3.rel1-mingw-w64-i686-arm-none-eabi/arm-none-eabi/include
 616              		.file 4 "Drivers/CMSIS/core_cm23.h"
 617              		.file 5 "Drivers/CMSIS/GD/GD32E23x/Include/gd32e23x.h"
 618              		.file 6 "Drivers/GD32E23x/Include/gd32e23x_rcu.h"
ARM GAS  D:\noval\Temp\cch8Zy9t.s 			page 17


DEFINED SYMBOLS
                            *ABS*:00000000 gd32e23x_pmu.c
D:\noval\Temp\cch8Zy9t.s:19     .text.pmu_deinit:00000000 $t
D:\noval\Temp\cch8Zy9t.s:25     .text.pmu_deinit:00000000 pmu_deinit
D:\noval\Temp\cch8Zy9t.s:51     .text.pmu_lvd_select:00000000 $t
D:\noval\Temp\cch8Zy9t.s:57     .text.pmu_lvd_select:00000000 pmu_lvd_select
D:\noval\Temp\cch8Zy9t.s:101    .text.pmu_ldo_output_select:00000000 $t
D:\noval\Temp\cch8Zy9t.s:107    .text.pmu_ldo_output_select:00000000 pmu_ldo_output_select
D:\noval\Temp\cch8Zy9t.s:134    .text.pmu_ldo_output_select:00000018 $d
D:\noval\Temp\cch8Zy9t.s:139    .text.pmu_lvd_disable:00000000 $t
D:\noval\Temp\cch8Zy9t.s:145    .text.pmu_lvd_disable:00000000 pmu_lvd_disable
D:\noval\Temp\cch8Zy9t.s:167    .text.pmu_to_sleepmode:00000000 $t
D:\noval\Temp\cch8Zy9t.s:173    .text.pmu_to_sleepmode:00000000 pmu_to_sleepmode
D:\noval\Temp\cch8Zy9t.s:222    .text.pmu_to_deepsleepmode:00000000 $t
D:\noval\Temp\cch8Zy9t.s:228    .text.pmu_to_deepsleepmode:00000000 pmu_to_deepsleepmode
D:\noval\Temp\cch8Zy9t.s:312    .text.pmu_to_standbymode:00000000 $t
D:\noval\Temp\cch8Zy9t.s:318    .text.pmu_to_standbymode:00000000 pmu_to_standbymode
D:\noval\Temp\cch8Zy9t.s:402    .text.pmu_to_standbymode:00000080 $d
D:\noval\Temp\cch8Zy9t.s:407    .text.pmu_wakeup_pin_enable:00000000 $t
D:\noval\Temp\cch8Zy9t.s:413    .text.pmu_wakeup_pin_enable:00000000 pmu_wakeup_pin_enable
D:\noval\Temp\cch8Zy9t.s:435    .text.pmu_wakeup_pin_disable:00000000 $t
D:\noval\Temp\cch8Zy9t.s:441    .text.pmu_wakeup_pin_disable:00000000 pmu_wakeup_pin_disable
D:\noval\Temp\cch8Zy9t.s:463    .text.pmu_backup_write_enable:00000000 $t
D:\noval\Temp\cch8Zy9t.s:469    .text.pmu_backup_write_enable:00000000 pmu_backup_write_enable
D:\noval\Temp\cch8Zy9t.s:491    .text.pmu_backup_write_disable:00000000 $t
D:\noval\Temp\cch8Zy9t.s:497    .text.pmu_backup_write_disable:00000000 pmu_backup_write_disable
D:\noval\Temp\cch8Zy9t.s:518    .text.pmu_backup_write_disable:00000014 $d
D:\noval\Temp\cch8Zy9t.s:523    .text.pmu_flag_get:00000000 $t
D:\noval\Temp\cch8Zy9t.s:529    .text.pmu_flag_get:00000000 pmu_flag_get
D:\noval\Temp\cch8Zy9t.s:565    .text.pmu_flag_clear:00000000 $t
D:\noval\Temp\cch8Zy9t.s:571    .text.pmu_flag_clear:00000000 pmu_flag_clear

UNDEFINED SYMBOLS
rcu_periph_reset_enable
rcu_periph_reset_disable
