ARM GAS  D:\noval\Temp\cchMUV6R.s 			page 1


   1              		.cpu cortex-m23
   2              		.arch armv8-m.base
   3              		.fpu softvfp
   4              		.eabi_attribute 20, 1
   5              		.eabi_attribute 21, 1
   6              		.eabi_attribute 23, 3
   7              		.eabi_attribute 24, 1
   8              		.eabi_attribute 25, 1
   9              		.eabi_attribute 26, 1
  10              		.eabi_attribute 30, 1
  11              		.eabi_attribute 34, 0
  12              		.eabi_attribute 18, 4
  13              		.file	"gd32e23x_exti.c"
  14              		.text
  15              	.Ltext0:
  16              		.cfi_sections	.debug_frame
  17              		.file 1 "Drivers/GD32E23x/Source/gd32e23x_exti.c"
  18              		.section	.text.exti_deinit,"ax",%progbits
  19              		.align	1
  20              		.global	exti_deinit
  21              		.syntax unified
  22              		.code	16
  23              		.thumb_func
  25              	exti_deinit:
  26              	.LFB60:
   1:Drivers/GD32E23x/Source/gd32e23x_exti.c **** /*!
   2:Drivers/GD32E23x/Source/gd32e23x_exti.c ****     \file    gd32e23x_exti.c
   3:Drivers/GD32E23x/Source/gd32e23x_exti.c ****     \brief   EXTI driver
   4:Drivers/GD32E23x/Source/gd32e23x_exti.c ****     
   5:Drivers/GD32E23x/Source/gd32e23x_exti.c ****     \version 2024-02-22, V2.1.0, firmware for GD32E23x
   6:Drivers/GD32E23x/Source/gd32e23x_exti.c **** */
   7:Drivers/GD32E23x/Source/gd32e23x_exti.c **** 
   8:Drivers/GD32E23x/Source/gd32e23x_exti.c **** /*
   9:Drivers/GD32E23x/Source/gd32e23x_exti.c ****     Copyright (c) 2024, GigaDevice Semiconductor Inc.
  10:Drivers/GD32E23x/Source/gd32e23x_exti.c **** 
  11:Drivers/GD32E23x/Source/gd32e23x_exti.c ****     Redistribution and use in source and binary forms, with or without modification, 
  12:Drivers/GD32E23x/Source/gd32e23x_exti.c **** are permitted provided that the following conditions are met:
  13:Drivers/GD32E23x/Source/gd32e23x_exti.c **** 
  14:Drivers/GD32E23x/Source/gd32e23x_exti.c ****     1. Redistributions of source code must retain the above copyright notice, this 
  15:Drivers/GD32E23x/Source/gd32e23x_exti.c ****        list of conditions and the following disclaimer.
  16:Drivers/GD32E23x/Source/gd32e23x_exti.c ****     2. Redistributions in binary form must reproduce the above copyright notice, 
  17:Drivers/GD32E23x/Source/gd32e23x_exti.c ****        this list of conditions and the following disclaimer in the documentation 
  18:Drivers/GD32E23x/Source/gd32e23x_exti.c ****        and/or other materials provided with the distribution.
  19:Drivers/GD32E23x/Source/gd32e23x_exti.c ****     3. Neither the name of the copyright holder nor the names of its contributors 
  20:Drivers/GD32E23x/Source/gd32e23x_exti.c ****        may be used to endorse or promote products derived from this software without 
  21:Drivers/GD32E23x/Source/gd32e23x_exti.c ****        specific prior written permission.
  22:Drivers/GD32E23x/Source/gd32e23x_exti.c **** 
  23:Drivers/GD32E23x/Source/gd32e23x_exti.c ****     THIS SOFTWARE IS PROVIDED BY THE COPYRIGHT HOLDERS AND CONTRIBUTORS "AS IS" 
  24:Drivers/GD32E23x/Source/gd32e23x_exti.c **** AND ANY EXPRESS OR IMPLIED WARRANTIES, INCLUDING, BUT NOT LIMITED TO, THE IMPLIED 
  25:Drivers/GD32E23x/Source/gd32e23x_exti.c **** WARRANTIES OF MERCHANTABILITY AND FITNESS FOR A PARTICULAR PURPOSE ARE DISCLAIMED. 
  26:Drivers/GD32E23x/Source/gd32e23x_exti.c **** IN NO EVENT SHALL THE COPYRIGHT HOLDER OR CONTRIBUTORS BE LIABLE FOR ANY DIRECT, 
  27:Drivers/GD32E23x/Source/gd32e23x_exti.c **** INDIRECT, INCIDENTAL, SPECIAL, EXEMPLARY, OR CONSEQUENTIAL DAMAGES (INCLUDING, BUT 
  28:Drivers/GD32E23x/Source/gd32e23x_exti.c **** NOT LIMITED TO, PROCUREMENT OF SUBSTITUTE GOODS OR SERVICES; LOSS OF USE, DATA, OR 
  29:Drivers/GD32E23x/Source/gd32e23x_exti.c **** PROFITS; OR BUSINESS INTERRUPTION) HOWEVER CAUSED AND ON ANY THEORY OF LIABILITY, 
  30:Drivers/GD32E23x/Source/gd32e23x_exti.c **** WHETHER IN CONTRACT, STRICT LIABILITY, OR TORT (INCLUDING NEGLIGENCE OR OTHERWISE) 
  31:Drivers/GD32E23x/Source/gd32e23x_exti.c **** ARISING IN ANY WAY OUT OF THE USE OF THIS SOFTWARE, EVEN IF ADVISED OF THE POSSIBILITY 
  32:Drivers/GD32E23x/Source/gd32e23x_exti.c **** OF SUCH DAMAGE.
ARM GAS  D:\noval\Temp\cchMUV6R.s 			page 2


  33:Drivers/GD32E23x/Source/gd32e23x_exti.c **** */
  34:Drivers/GD32E23x/Source/gd32e23x_exti.c **** 
  35:Drivers/GD32E23x/Source/gd32e23x_exti.c **** #include "gd32e23x_exti.h"
  36:Drivers/GD32E23x/Source/gd32e23x_exti.c **** 
  37:Drivers/GD32E23x/Source/gd32e23x_exti.c **** #define EXTI_INTEN_RESET_VAL    ((uint32_t)0x0F900000U)
  38:Drivers/GD32E23x/Source/gd32e23x_exti.c **** #define EXTI_REG_RESET_VAL     ((uint32_t)0x00000000U)
  39:Drivers/GD32E23x/Source/gd32e23x_exti.c **** 
  40:Drivers/GD32E23x/Source/gd32e23x_exti.c **** 
  41:Drivers/GD32E23x/Source/gd32e23x_exti.c **** /*!
  42:Drivers/GD32E23x/Source/gd32e23x_exti.c ****     \brief      reset the value of all EXTI registers with initial values
  43:Drivers/GD32E23x/Source/gd32e23x_exti.c ****     \param[in]  none
  44:Drivers/GD32E23x/Source/gd32e23x_exti.c ****     \param[out] none
  45:Drivers/GD32E23x/Source/gd32e23x_exti.c ****     \retval     none
  46:Drivers/GD32E23x/Source/gd32e23x_exti.c **** */
  47:Drivers/GD32E23x/Source/gd32e23x_exti.c **** void exti_deinit(void)
  48:Drivers/GD32E23x/Source/gd32e23x_exti.c **** {
  27              		.loc 1 48 1 view -0
  28              		.cfi_startproc
  29              		@ args = 0, pretend = 0, frame = 0
  30              		@ frame_needed = 0, uses_anonymous_args = 0
  31              		@ link register save eliminated.
  49:Drivers/GD32E23x/Source/gd32e23x_exti.c ****     /* reset the value of the EXTI registers */
  50:Drivers/GD32E23x/Source/gd32e23x_exti.c ****     EXTI_INTEN = EXTI_INTEN_RESET_VAL;
  32              		.loc 1 50 5 view .LVU1
  33              		.loc 1 50 16 is_stmt 0 view .LVU2
  34 0000 40F20043 		movw	r3, #1024
  35 0004 C4F20103 		movt	r3, 16385
  36 0008 F922     		movs	r2, #249
  37 000a 1205     		lsls	r2, r2, #20
  38 000c 1A60     		str	r2, [r3]
  51:Drivers/GD32E23x/Source/gd32e23x_exti.c ****     EXTI_EVEN  = EXTI_REG_RESET_VAL;
  39              		.loc 1 51 5 is_stmt 1 view .LVU3
  40              		.loc 1 51 16 is_stmt 0 view .LVU4
  41 000e 40F20442 		movw	r2, #1028
  42 0012 C4F20102 		movt	r2, 16385
  43 0016 0023     		movs	r3, #0
  44 0018 1360     		str	r3, [r2]
  52:Drivers/GD32E23x/Source/gd32e23x_exti.c ****     EXTI_RTEN  = EXTI_REG_RESET_VAL;
  45              		.loc 1 52 5 is_stmt 1 view .LVU5
  46              		.loc 1 52 16 is_stmt 0 view .LVU6
  47 001a 40F20842 		movw	r2, #1032
  48 001e C4F20102 		movt	r2, 16385
  49 0022 1360     		str	r3, [r2]
  53:Drivers/GD32E23x/Source/gd32e23x_exti.c ****     EXTI_FTEN  = EXTI_REG_RESET_VAL;
  50              		.loc 1 53 5 is_stmt 1 view .LVU7
  51              		.loc 1 53 16 is_stmt 0 view .LVU8
  52 0024 40F20C42 		movw	r2, #1036
  53 0028 C4F20102 		movt	r2, 16385
  54 002c 1360     		str	r3, [r2]
  54:Drivers/GD32E23x/Source/gd32e23x_exti.c ****     EXTI_SWIEV = EXTI_REG_RESET_VAL;
  55              		.loc 1 54 5 is_stmt 1 view .LVU9
  56              		.loc 1 54 16 is_stmt 0 view .LVU10
  57 002e 40F21042 		movw	r2, #1040
  58 0032 C4F20102 		movt	r2, 16385
  59 0036 1360     		str	r3, [r2]
  55:Drivers/GD32E23x/Source/gd32e23x_exti.c **** }
  60              		.loc 1 55 1 view .LVU11
ARM GAS  D:\noval\Temp\cchMUV6R.s 			page 3


  61              		@ sp needed
  62 0038 7047     		bx	lr
  63              		.cfi_endproc
  64              	.LFE60:
  66              		.section	.text.exti_init,"ax",%progbits
  67              		.align	1
  68              		.global	exti_init
  69              		.syntax unified
  70              		.code	16
  71              		.thumb_func
  73              	exti_init:
  74              	.LVL0:
  75              	.LFB61:
  56:Drivers/GD32E23x/Source/gd32e23x_exti.c **** 
  57:Drivers/GD32E23x/Source/gd32e23x_exti.c **** /*!
  58:Drivers/GD32E23x/Source/gd32e23x_exti.c ****     \brief      initialize the EXTI line x
  59:Drivers/GD32E23x/Source/gd32e23x_exti.c ****     \param[in]  linex: EXTI line number, refer to exti_line_enum
  60:Drivers/GD32E23x/Source/gd32e23x_exti.c ****                 only one parameter can be selected which is shown as below:
  61:Drivers/GD32E23x/Source/gd32e23x_exti.c ****       \arg        EXTI_x (x=0..17,19,21): EXTI line x
  62:Drivers/GD32E23x/Source/gd32e23x_exti.c ****     \param[in]  mode: interrupt or event mode, refer to exti_mode_enum
  63:Drivers/GD32E23x/Source/gd32e23x_exti.c ****                 only one parameter can be selected which is shown as below:
  64:Drivers/GD32E23x/Source/gd32e23x_exti.c ****       \arg        EXTI_INTERRUPT: interrupt mode
  65:Drivers/GD32E23x/Source/gd32e23x_exti.c ****       \arg        EXTI_EVENT: event mode
  66:Drivers/GD32E23x/Source/gd32e23x_exti.c ****     \param[in]  trig_type: interrupt trigger type, refer to exti_trig_type_enum
  67:Drivers/GD32E23x/Source/gd32e23x_exti.c ****                 only one parameter can be selected which is shown as below:
  68:Drivers/GD32E23x/Source/gd32e23x_exti.c ****       \arg        EXTI_TRIG_RISING: rising edge trigger
  69:Drivers/GD32E23x/Source/gd32e23x_exti.c ****       \arg        EXTI_TRIG_FALLING: falling trigger
  70:Drivers/GD32E23x/Source/gd32e23x_exti.c ****       \arg        EXTI_TRIG_BOTH: rising and falling trigger
  71:Drivers/GD32E23x/Source/gd32e23x_exti.c ****       \arg        EXTI_TRIG_NONE: without rising edge or falling edge trigger
  72:Drivers/GD32E23x/Source/gd32e23x_exti.c ****     \param[out] none
  73:Drivers/GD32E23x/Source/gd32e23x_exti.c ****     \retval     none
  74:Drivers/GD32E23x/Source/gd32e23x_exti.c **** */
  75:Drivers/GD32E23x/Source/gd32e23x_exti.c **** void exti_init(exti_line_enum linex, exti_mode_enum mode, exti_trig_type_enum trig_type)
  76:Drivers/GD32E23x/Source/gd32e23x_exti.c **** {
  76              		.loc 1 76 1 is_stmt 1 view -0
  77              		.cfi_startproc
  78              		@ args = 0, pretend = 0, frame = 0
  79              		@ frame_needed = 0, uses_anonymous_args = 0
  80              		.loc 1 76 1 is_stmt 0 view .LVU13
  81 0000 30B5     		push	{r4, r5, lr}
  82              	.LCFI0:
  83              		.cfi_def_cfa_offset 12
  84              		.cfi_offset 4, -12
  85              		.cfi_offset 5, -8
  86              		.cfi_offset 14, -4
  77:Drivers/GD32E23x/Source/gd32e23x_exti.c ****     /* reset the EXTI line x */
  78:Drivers/GD32E23x/Source/gd32e23x_exti.c ****     EXTI_INTEN &= ~(uint32_t)linex;
  87              		.loc 1 78 5 is_stmt 1 view .LVU14
  88 0002 40F20043 		movw	r3, #1024
  89 0006 C4F20103 		movt	r3, 16385
  90 000a 1C68     		ldr	r4, [r3]
  91              		.loc 1 78 19 is_stmt 0 view .LVU15
  92 000c C543     		mvns	r5, r0
  93              		.loc 1 78 16 view .LVU16
  94 000e 8443     		bics	r4, r0
  95 0010 1C60     		str	r4, [r3]
  79:Drivers/GD32E23x/Source/gd32e23x_exti.c ****     EXTI_EVEN &= ~(uint32_t)linex;
ARM GAS  D:\noval\Temp\cchMUV6R.s 			page 4


  96              		.loc 1 79 5 is_stmt 1 view .LVU17
  97 0012 40F20443 		movw	r3, #1028
  98 0016 C4F20103 		movt	r3, 16385
  99 001a 1C68     		ldr	r4, [r3]
 100              		.loc 1 79 15 is_stmt 0 view .LVU18
 101 001c 8443     		bics	r4, r0
 102 001e 1C60     		str	r4, [r3]
  80:Drivers/GD32E23x/Source/gd32e23x_exti.c ****     EXTI_RTEN &= ~(uint32_t)linex;
 103              		.loc 1 80 5 is_stmt 1 view .LVU19
 104 0020 40F20843 		movw	r3, #1032
 105 0024 C4F20103 		movt	r3, 16385
 106 0028 1C68     		ldr	r4, [r3]
 107              		.loc 1 80 15 is_stmt 0 view .LVU20
 108 002a 8443     		bics	r4, r0
 109 002c 1C60     		str	r4, [r3]
  81:Drivers/GD32E23x/Source/gd32e23x_exti.c ****     EXTI_FTEN &= ~(uint32_t)linex;
 110              		.loc 1 81 5 is_stmt 1 view .LVU21
 111 002e 40F20C43 		movw	r3, #1036
 112 0032 C4F20103 		movt	r3, 16385
 113 0036 1C68     		ldr	r4, [r3]
 114              		.loc 1 81 15 is_stmt 0 view .LVU22
 115 0038 8443     		bics	r4, r0
 116 003a 1C60     		str	r4, [r3]
  82:Drivers/GD32E23x/Source/gd32e23x_exti.c ****     
  83:Drivers/GD32E23x/Source/gd32e23x_exti.c ****     /* set the EXTI mode and enable the interrupts or events from EXTI line x */
  84:Drivers/GD32E23x/Source/gd32e23x_exti.c ****     switch(mode) {
 117              		.loc 1 84 5 is_stmt 1 view .LVU23
 118 003c 49B1     		cbz	r1, .L3
 119 003e 0129     		cmp	r1, #1
 120 0040 0ED1     		bne	.L5
  85:Drivers/GD32E23x/Source/gd32e23x_exti.c ****     case EXTI_INTERRUPT:
  86:Drivers/GD32E23x/Source/gd32e23x_exti.c ****         EXTI_INTEN |= (uint32_t)linex;
  87:Drivers/GD32E23x/Source/gd32e23x_exti.c ****         break;
  88:Drivers/GD32E23x/Source/gd32e23x_exti.c ****     case EXTI_EVENT:
  89:Drivers/GD32E23x/Source/gd32e23x_exti.c ****         EXTI_EVEN |= (uint32_t)linex;
 121              		.loc 1 89 9 view .LVU24
 122 0042 40F20443 		movw	r3, #1028
 123 0046 C4F20103 		movt	r3, 16385
 124 004a 1968     		ldr	r1, [r3]
 125              	.LVL1:
 126              		.loc 1 89 19 is_stmt 0 view .LVU25
 127 004c 0143     		orrs	r1, r0
 128 004e 1960     		str	r1, [r3]
  90:Drivers/GD32E23x/Source/gd32e23x_exti.c ****         break;
 129              		.loc 1 90 9 is_stmt 1 view .LVU26
 130 0050 06E0     		b	.L5
 131              	.LVL2:
 132              	.L3:
  86:Drivers/GD32E23x/Source/gd32e23x_exti.c ****         break;
 133              		.loc 1 86 9 view .LVU27
 134 0052 40F20043 		movw	r3, #1024
 135 0056 C4F20103 		movt	r3, 16385
 136 005a 1968     		ldr	r1, [r3]
 137              	.LVL3:
  86:Drivers/GD32E23x/Source/gd32e23x_exti.c ****         break;
 138              		.loc 1 86 20 is_stmt 0 view .LVU28
 139 005c 0143     		orrs	r1, r0
ARM GAS  D:\noval\Temp\cchMUV6R.s 			page 5


 140 005e 1960     		str	r1, [r3]
  87:Drivers/GD32E23x/Source/gd32e23x_exti.c ****     case EXTI_EVENT:
 141              		.loc 1 87 9 is_stmt 1 view .LVU29
 142              	.L5:
  91:Drivers/GD32E23x/Source/gd32e23x_exti.c ****     default:
  92:Drivers/GD32E23x/Source/gd32e23x_exti.c ****         break;
  93:Drivers/GD32E23x/Source/gd32e23x_exti.c ****     }
  94:Drivers/GD32E23x/Source/gd32e23x_exti.c ****     
  95:Drivers/GD32E23x/Source/gd32e23x_exti.c ****     /* set the EXTI trigger type */
  96:Drivers/GD32E23x/Source/gd32e23x_exti.c ****     switch(trig_type) {
 143              		.loc 1 96 5 view .LVU30
 144 0060 012A     		cmp	r2, #1
 145 0062 11D0     		beq	.L6
 146 0064 022A     		cmp	r2, #2
 147 0066 1ED0     		beq	.L7
 148 0068 6AB9     		cbnz	r2, .L2
  97:Drivers/GD32E23x/Source/gd32e23x_exti.c ****     case EXTI_TRIG_RISING:
  98:Drivers/GD32E23x/Source/gd32e23x_exti.c ****         EXTI_RTEN |= (uint32_t)linex;
 149              		.loc 1 98 9 view .LVU31
 150 006a 40F20843 		movw	r3, #1032
 151 006e C4F20103 		movt	r3, 16385
 152 0072 1A68     		ldr	r2, [r3]
 153              	.LVL4:
 154              		.loc 1 98 19 is_stmt 0 view .LVU32
 155 0074 0243     		orrs	r2, r0
 156 0076 1A60     		str	r2, [r3]
  99:Drivers/GD32E23x/Source/gd32e23x_exti.c ****         EXTI_FTEN &= ~(uint32_t)linex;
 157              		.loc 1 99 9 is_stmt 1 view .LVU33
 158 0078 40F20C43 		movw	r3, #1036
 159 007c C4F20103 		movt	r3, 16385
 160 0080 1A68     		ldr	r2, [r3]
 161              		.loc 1 99 19 is_stmt 0 view .LVU34
 162 0082 2A40     		ands	r2, r5
 163 0084 1A60     		str	r2, [r3]
 100:Drivers/GD32E23x/Source/gd32e23x_exti.c ****         break;
 164              		.loc 1 100 9 is_stmt 1 view .LVU35
 165              	.L2:
 101:Drivers/GD32E23x/Source/gd32e23x_exti.c ****     case EXTI_TRIG_FALLING:
 102:Drivers/GD32E23x/Source/gd32e23x_exti.c ****         EXTI_RTEN &= ~(uint32_t)linex;
 103:Drivers/GD32E23x/Source/gd32e23x_exti.c ****         EXTI_FTEN |= (uint32_t)linex;
 104:Drivers/GD32E23x/Source/gd32e23x_exti.c ****         break;
 105:Drivers/GD32E23x/Source/gd32e23x_exti.c ****     case EXTI_TRIG_BOTH:
 106:Drivers/GD32E23x/Source/gd32e23x_exti.c ****         EXTI_RTEN |= (uint32_t)linex;
 107:Drivers/GD32E23x/Source/gd32e23x_exti.c ****         EXTI_FTEN |= (uint32_t)linex;
 108:Drivers/GD32E23x/Source/gd32e23x_exti.c ****         break;
 109:Drivers/GD32E23x/Source/gd32e23x_exti.c ****     case EXTI_TRIG_NONE:
 110:Drivers/GD32E23x/Source/gd32e23x_exti.c ****     default:
 111:Drivers/GD32E23x/Source/gd32e23x_exti.c ****         break;
 112:Drivers/GD32E23x/Source/gd32e23x_exti.c ****     }
 113:Drivers/GD32E23x/Source/gd32e23x_exti.c **** }
 166              		.loc 1 113 1 is_stmt 0 view .LVU36
 167              		@ sp needed
 168 0086 30BD     		pop	{r4, r5, pc}
 169              	.LVL5:
 170              	.L6:
 102:Drivers/GD32E23x/Source/gd32e23x_exti.c ****         EXTI_FTEN |= (uint32_t)linex;
 171              		.loc 1 102 9 is_stmt 1 view .LVU37
ARM GAS  D:\noval\Temp\cchMUV6R.s 			page 6


 172 0088 40F20843 		movw	r3, #1032
 173 008c C4F20103 		movt	r3, 16385
 174 0090 1A68     		ldr	r2, [r3]
 175              	.LVL6:
 102:Drivers/GD32E23x/Source/gd32e23x_exti.c ****         EXTI_FTEN |= (uint32_t)linex;
 176              		.loc 1 102 19 is_stmt 0 view .LVU38
 177 0092 2A40     		ands	r2, r5
 178 0094 1A60     		str	r2, [r3]
 103:Drivers/GD32E23x/Source/gd32e23x_exti.c ****         break;
 179              		.loc 1 103 9 is_stmt 1 view .LVU39
 180 0096 40F20C43 		movw	r3, #1036
 181 009a C4F20103 		movt	r3, 16385
 182 009e 1A68     		ldr	r2, [r3]
 103:Drivers/GD32E23x/Source/gd32e23x_exti.c ****         break;
 183              		.loc 1 103 19 is_stmt 0 view .LVU40
 184 00a0 0243     		orrs	r2, r0
 185 00a2 1A60     		str	r2, [r3]
 104:Drivers/GD32E23x/Source/gd32e23x_exti.c ****     case EXTI_TRIG_BOTH:
 186              		.loc 1 104 9 is_stmt 1 view .LVU41
 187 00a4 EFE7     		b	.L2
 188              	.LVL7:
 189              	.L7:
 106:Drivers/GD32E23x/Source/gd32e23x_exti.c ****         EXTI_FTEN |= (uint32_t)linex;
 190              		.loc 1 106 9 view .LVU42
 191 00a6 40F20843 		movw	r3, #1032
 192 00aa C4F20103 		movt	r3, 16385
 193 00ae 1A68     		ldr	r2, [r3]
 194              	.LVL8:
 106:Drivers/GD32E23x/Source/gd32e23x_exti.c ****         EXTI_FTEN |= (uint32_t)linex;
 195              		.loc 1 106 19 is_stmt 0 view .LVU43
 196 00b0 0243     		orrs	r2, r0
 197 00b2 1A60     		str	r2, [r3]
 107:Drivers/GD32E23x/Source/gd32e23x_exti.c ****         break;
 198              		.loc 1 107 9 is_stmt 1 view .LVU44
 199 00b4 40F20C43 		movw	r3, #1036
 200 00b8 C4F20103 		movt	r3, 16385
 201 00bc 1A68     		ldr	r2, [r3]
 107:Drivers/GD32E23x/Source/gd32e23x_exti.c ****         break;
 202              		.loc 1 107 19 is_stmt 0 view .LVU45
 203 00be 0243     		orrs	r2, r0
 204 00c0 1A60     		str	r2, [r3]
 108:Drivers/GD32E23x/Source/gd32e23x_exti.c ****     case EXTI_TRIG_NONE:
 205              		.loc 1 108 9 is_stmt 1 view .LVU46
 206              		.loc 1 113 1 is_stmt 0 view .LVU47
 207 00c2 E0E7     		b	.L2
 208              		.cfi_endproc
 209              	.LFE61:
 211              		.section	.text.exti_interrupt_enable,"ax",%progbits
 212              		.align	1
 213              		.global	exti_interrupt_enable
 214              		.syntax unified
 215              		.code	16
 216              		.thumb_func
 218              	exti_interrupt_enable:
 219              	.LVL9:
 220              	.LFB62:
 114:Drivers/GD32E23x/Source/gd32e23x_exti.c **** 
ARM GAS  D:\noval\Temp\cchMUV6R.s 			page 7


 115:Drivers/GD32E23x/Source/gd32e23x_exti.c **** /*!
 116:Drivers/GD32E23x/Source/gd32e23x_exti.c ****     \brief      enable the interrupts from EXTI line x
 117:Drivers/GD32E23x/Source/gd32e23x_exti.c ****     \param[in]  linex: EXTI line number, refer to exti_line_enum
 118:Drivers/GD32E23x/Source/gd32e23x_exti.c ****                 only one parameter can be selected which is shown as below:
 119:Drivers/GD32E23x/Source/gd32e23x_exti.c ****       \arg        EXTI_x (x=0..27): EXTI line x
 120:Drivers/GD32E23x/Source/gd32e23x_exti.c ****     \param[out] none
 121:Drivers/GD32E23x/Source/gd32e23x_exti.c ****     \retval     none
 122:Drivers/GD32E23x/Source/gd32e23x_exti.c **** */
 123:Drivers/GD32E23x/Source/gd32e23x_exti.c **** void exti_interrupt_enable(exti_line_enum linex)
 124:Drivers/GD32E23x/Source/gd32e23x_exti.c **** {
 221              		.loc 1 124 1 is_stmt 1 view -0
 222              		.cfi_startproc
 223              		@ args = 0, pretend = 0, frame = 0
 224              		@ frame_needed = 0, uses_anonymous_args = 0
 225              		@ link register save eliminated.
 125:Drivers/GD32E23x/Source/gd32e23x_exti.c ****     EXTI_INTEN |= (uint32_t)linex;
 226              		.loc 1 125 5 view .LVU49
 227 0000 40F20043 		movw	r3, #1024
 228 0004 C4F20103 		movt	r3, 16385
 229 0008 1A68     		ldr	r2, [r3]
 230              		.loc 1 125 16 is_stmt 0 view .LVU50
 231 000a 0243     		orrs	r2, r0
 232 000c 1A60     		str	r2, [r3]
 126:Drivers/GD32E23x/Source/gd32e23x_exti.c **** }
 233              		.loc 1 126 1 view .LVU51
 234              		@ sp needed
 235 000e 7047     		bx	lr
 236              		.cfi_endproc
 237              	.LFE62:
 239              		.section	.text.exti_interrupt_disable,"ax",%progbits
 240              		.align	1
 241              		.global	exti_interrupt_disable
 242              		.syntax unified
 243              		.code	16
 244              		.thumb_func
 246              	exti_interrupt_disable:
 247              	.LVL10:
 248              	.LFB63:
 127:Drivers/GD32E23x/Source/gd32e23x_exti.c **** 
 128:Drivers/GD32E23x/Source/gd32e23x_exti.c **** /*!
 129:Drivers/GD32E23x/Source/gd32e23x_exti.c ****     \brief      disable the interrupts from EXTI line x
 130:Drivers/GD32E23x/Source/gd32e23x_exti.c ****     \param[in]  linex: EXTI line number, refer to exti_line_enum
 131:Drivers/GD32E23x/Source/gd32e23x_exti.c ****                 only one parameter can be selected which is shown as below:
 132:Drivers/GD32E23x/Source/gd32e23x_exti.c ****       \arg        EXTI_x (x=0..27): EXTI line x
 133:Drivers/GD32E23x/Source/gd32e23x_exti.c ****     \param[out] none
 134:Drivers/GD32E23x/Source/gd32e23x_exti.c ****     \retval     none
 135:Drivers/GD32E23x/Source/gd32e23x_exti.c **** */
 136:Drivers/GD32E23x/Source/gd32e23x_exti.c **** void exti_interrupt_disable(exti_line_enum linex)
 137:Drivers/GD32E23x/Source/gd32e23x_exti.c **** {
 249              		.loc 1 137 1 is_stmt 1 view -0
 250              		.cfi_startproc
 251              		@ args = 0, pretend = 0, frame = 0
 252              		@ frame_needed = 0, uses_anonymous_args = 0
 253              		@ link register save eliminated.
 138:Drivers/GD32E23x/Source/gd32e23x_exti.c ****     EXTI_INTEN &= ~(uint32_t)linex;
 254              		.loc 1 138 5 view .LVU53
 255 0000 40F20043 		movw	r3, #1024
ARM GAS  D:\noval\Temp\cchMUV6R.s 			page 8


 256 0004 C4F20103 		movt	r3, 16385
 257 0008 1A68     		ldr	r2, [r3]
 258              		.loc 1 138 16 is_stmt 0 view .LVU54
 259 000a 8243     		bics	r2, r0
 260 000c 1A60     		str	r2, [r3]
 139:Drivers/GD32E23x/Source/gd32e23x_exti.c **** }
 261              		.loc 1 139 1 view .LVU55
 262              		@ sp needed
 263 000e 7047     		bx	lr
 264              		.cfi_endproc
 265              	.LFE63:
 267              		.section	.text.exti_event_enable,"ax",%progbits
 268              		.align	1
 269              		.global	exti_event_enable
 270              		.syntax unified
 271              		.code	16
 272              		.thumb_func
 274              	exti_event_enable:
 275              	.LVL11:
 276              	.LFB64:
 140:Drivers/GD32E23x/Source/gd32e23x_exti.c **** 
 141:Drivers/GD32E23x/Source/gd32e23x_exti.c **** /*!
 142:Drivers/GD32E23x/Source/gd32e23x_exti.c ****     \brief      enable the events from EXTI line x
 143:Drivers/GD32E23x/Source/gd32e23x_exti.c ****     \param[in]  linex: EXTI line number, refer to exti_line_enum
 144:Drivers/GD32E23x/Source/gd32e23x_exti.c ****                 only one parameter can be selected which is shown as below:
 145:Drivers/GD32E23x/Source/gd32e23x_exti.c ****       \arg        EXTI_x (x=0..27): EXTI line x
 146:Drivers/GD32E23x/Source/gd32e23x_exti.c ****     \param[out] none
 147:Drivers/GD32E23x/Source/gd32e23x_exti.c ****     \retval     none
 148:Drivers/GD32E23x/Source/gd32e23x_exti.c **** */
 149:Drivers/GD32E23x/Source/gd32e23x_exti.c **** void exti_event_enable(exti_line_enum linex)
 150:Drivers/GD32E23x/Source/gd32e23x_exti.c **** {
 277              		.loc 1 150 1 is_stmt 1 view -0
 278              		.cfi_startproc
 279              		@ args = 0, pretend = 0, frame = 0
 280              		@ frame_needed = 0, uses_anonymous_args = 0
 281              		@ link register save eliminated.
 151:Drivers/GD32E23x/Source/gd32e23x_exti.c ****     EXTI_EVEN |= (uint32_t)linex;
 282              		.loc 1 151 5 view .LVU57
 283 0000 40F20443 		movw	r3, #1028
 284 0004 C4F20103 		movt	r3, 16385
 285 0008 1A68     		ldr	r2, [r3]
 286              		.loc 1 151 15 is_stmt 0 view .LVU58
 287 000a 0243     		orrs	r2, r0
 288 000c 1A60     		str	r2, [r3]
 152:Drivers/GD32E23x/Source/gd32e23x_exti.c **** }
 289              		.loc 1 152 1 view .LVU59
 290              		@ sp needed
 291 000e 7047     		bx	lr
 292              		.cfi_endproc
 293              	.LFE64:
 295              		.section	.text.exti_event_disable,"ax",%progbits
 296              		.align	1
 297              		.global	exti_event_disable
 298              		.syntax unified
 299              		.code	16
 300              		.thumb_func
 302              	exti_event_disable:
ARM GAS  D:\noval\Temp\cchMUV6R.s 			page 9


 303              	.LVL12:
 304              	.LFB65:
 153:Drivers/GD32E23x/Source/gd32e23x_exti.c **** 
 154:Drivers/GD32E23x/Source/gd32e23x_exti.c **** /*!
 155:Drivers/GD32E23x/Source/gd32e23x_exti.c ****     \brief      disable the events from EXTI line x
 156:Drivers/GD32E23x/Source/gd32e23x_exti.c ****     \param[in]  linex: EXTI line number, refer to exti_line_enum
 157:Drivers/GD32E23x/Source/gd32e23x_exti.c ****                 only one parameter can be selected which is shown as below:
 158:Drivers/GD32E23x/Source/gd32e23x_exti.c ****       \arg        EXTI_x (x=0..27): EXTI line x
 159:Drivers/GD32E23x/Source/gd32e23x_exti.c ****     \param[out] none
 160:Drivers/GD32E23x/Source/gd32e23x_exti.c ****     \retval     none
 161:Drivers/GD32E23x/Source/gd32e23x_exti.c **** */
 162:Drivers/GD32E23x/Source/gd32e23x_exti.c **** void exti_event_disable(exti_line_enum linex)
 163:Drivers/GD32E23x/Source/gd32e23x_exti.c **** {
 305              		.loc 1 163 1 is_stmt 1 view -0
 306              		.cfi_startproc
 307              		@ args = 0, pretend = 0, frame = 0
 308              		@ frame_needed = 0, uses_anonymous_args = 0
 309              		@ link register save eliminated.
 164:Drivers/GD32E23x/Source/gd32e23x_exti.c ****     EXTI_EVEN &= ~(uint32_t)linex;
 310              		.loc 1 164 5 view .LVU61
 311 0000 40F20443 		movw	r3, #1028
 312 0004 C4F20103 		movt	r3, 16385
 313 0008 1A68     		ldr	r2, [r3]
 314              		.loc 1 164 15 is_stmt 0 view .LVU62
 315 000a 8243     		bics	r2, r0
 316 000c 1A60     		str	r2, [r3]
 165:Drivers/GD32E23x/Source/gd32e23x_exti.c **** }
 317              		.loc 1 165 1 view .LVU63
 318              		@ sp needed
 319 000e 7047     		bx	lr
 320              		.cfi_endproc
 321              	.LFE65:
 323              		.section	.text.exti_software_interrupt_enable,"ax",%progbits
 324              		.align	1
 325              		.global	exti_software_interrupt_enable
 326              		.syntax unified
 327              		.code	16
 328              		.thumb_func
 330              	exti_software_interrupt_enable:
 331              	.LVL13:
 332              	.LFB66:
 166:Drivers/GD32E23x/Source/gd32e23x_exti.c **** 
 167:Drivers/GD32E23x/Source/gd32e23x_exti.c **** /*!
 168:Drivers/GD32E23x/Source/gd32e23x_exti.c ****     \brief      enable the software interrupt event from EXTI line x
 169:Drivers/GD32E23x/Source/gd32e23x_exti.c ****     \param[in]  linex: EXTI line number, refer to exti_line_enum
 170:Drivers/GD32E23x/Source/gd32e23x_exti.c ****                 only one parameter can be selected which is shown as below:
 171:Drivers/GD32E23x/Source/gd32e23x_exti.c ****       \arg        EXTI_x (x=0..17,19,21): EXTI line x
 172:Drivers/GD32E23x/Source/gd32e23x_exti.c ****     \param[out] none
 173:Drivers/GD32E23x/Source/gd32e23x_exti.c ****     \retval     none
 174:Drivers/GD32E23x/Source/gd32e23x_exti.c **** */
 175:Drivers/GD32E23x/Source/gd32e23x_exti.c **** void exti_software_interrupt_enable(exti_line_enum linex)
 176:Drivers/GD32E23x/Source/gd32e23x_exti.c **** {
 333              		.loc 1 176 1 is_stmt 1 view -0
 334              		.cfi_startproc
 335              		@ args = 0, pretend = 0, frame = 0
 336              		@ frame_needed = 0, uses_anonymous_args = 0
 337              		@ link register save eliminated.
ARM GAS  D:\noval\Temp\cchMUV6R.s 			page 10


 177:Drivers/GD32E23x/Source/gd32e23x_exti.c ****     EXTI_SWIEV |= (uint32_t)linex;
 338              		.loc 1 177 5 view .LVU65
 339 0000 40F21043 		movw	r3, #1040
 340 0004 C4F20103 		movt	r3, 16385
 341 0008 1A68     		ldr	r2, [r3]
 342              		.loc 1 177 16 is_stmt 0 view .LVU66
 343 000a 0243     		orrs	r2, r0
 344 000c 1A60     		str	r2, [r3]
 178:Drivers/GD32E23x/Source/gd32e23x_exti.c **** }
 345              		.loc 1 178 1 view .LVU67
 346              		@ sp needed
 347 000e 7047     		bx	lr
 348              		.cfi_endproc
 349              	.LFE66:
 351              		.section	.text.exti_software_interrupt_disable,"ax",%progbits
 352              		.align	1
 353              		.global	exti_software_interrupt_disable
 354              		.syntax unified
 355              		.code	16
 356              		.thumb_func
 358              	exti_software_interrupt_disable:
 359              	.LVL14:
 360              	.LFB67:
 179:Drivers/GD32E23x/Source/gd32e23x_exti.c **** 
 180:Drivers/GD32E23x/Source/gd32e23x_exti.c **** /*!
 181:Drivers/GD32E23x/Source/gd32e23x_exti.c ****     \brief      disable the software interrupt event from EXTI line x
 182:Drivers/GD32E23x/Source/gd32e23x_exti.c ****     \param[in]  linex: EXTI line number, refer to exti_line_enum
 183:Drivers/GD32E23x/Source/gd32e23x_exti.c ****                 only one parameter can be selected which is shown as below:
 184:Drivers/GD32E23x/Source/gd32e23x_exti.c ****       \arg        EXTI_x (x=0..17,19,21): EXTI line x
 185:Drivers/GD32E23x/Source/gd32e23x_exti.c ****     \param[out] none
 186:Drivers/GD32E23x/Source/gd32e23x_exti.c ****     \retval     none
 187:Drivers/GD32E23x/Source/gd32e23x_exti.c **** */
 188:Drivers/GD32E23x/Source/gd32e23x_exti.c **** void exti_software_interrupt_disable(exti_line_enum linex)
 189:Drivers/GD32E23x/Source/gd32e23x_exti.c **** {
 361              		.loc 1 189 1 is_stmt 1 view -0
 362              		.cfi_startproc
 363              		@ args = 0, pretend = 0, frame = 0
 364              		@ frame_needed = 0, uses_anonymous_args = 0
 365              		@ link register save eliminated.
 190:Drivers/GD32E23x/Source/gd32e23x_exti.c ****     EXTI_SWIEV &= ~(uint32_t)linex;
 366              		.loc 1 190 5 view .LVU69
 367 0000 40F21043 		movw	r3, #1040
 368 0004 C4F20103 		movt	r3, 16385
 369 0008 1A68     		ldr	r2, [r3]
 370              		.loc 1 190 16 is_stmt 0 view .LVU70
 371 000a 8243     		bics	r2, r0
 372 000c 1A60     		str	r2, [r3]
 191:Drivers/GD32E23x/Source/gd32e23x_exti.c **** }
 373              		.loc 1 191 1 view .LVU71
 374              		@ sp needed
 375 000e 7047     		bx	lr
 376              		.cfi_endproc
 377              	.LFE67:
 379              		.section	.text.exti_flag_get,"ax",%progbits
 380              		.align	1
 381              		.global	exti_flag_get
 382              		.syntax unified
ARM GAS  D:\noval\Temp\cchMUV6R.s 			page 11


 383              		.code	16
 384              		.thumb_func
 386              	exti_flag_get:
 387              	.LVL15:
 388              	.LFB68:
 192:Drivers/GD32E23x/Source/gd32e23x_exti.c **** 
 193:Drivers/GD32E23x/Source/gd32e23x_exti.c **** /*!
 194:Drivers/GD32E23x/Source/gd32e23x_exti.c ****     \brief      get EXTI line x interrupt pending flag
 195:Drivers/GD32E23x/Source/gd32e23x_exti.c ****     \param[in]  linex: EXTI line number, refer to exti_line_enum
 196:Drivers/GD32E23x/Source/gd32e23x_exti.c ****                 only one parameter can be selected which is shown as below:
 197:Drivers/GD32E23x/Source/gd32e23x_exti.c ****       \arg        EXTI_x (x=0..17,19,21): EXTI line x
 198:Drivers/GD32E23x/Source/gd32e23x_exti.c ****     \param[out] none
 199:Drivers/GD32E23x/Source/gd32e23x_exti.c ****     \retval     FlagStatus: status of flag (RESET or SET)
 200:Drivers/GD32E23x/Source/gd32e23x_exti.c **** */
 201:Drivers/GD32E23x/Source/gd32e23x_exti.c **** FlagStatus exti_flag_get(exti_line_enum linex)
 202:Drivers/GD32E23x/Source/gd32e23x_exti.c **** {
 389              		.loc 1 202 1 is_stmt 1 view -0
 390              		.cfi_startproc
 391              		@ args = 0, pretend = 0, frame = 0
 392              		@ frame_needed = 0, uses_anonymous_args = 0
 393              		@ link register save eliminated.
 203:Drivers/GD32E23x/Source/gd32e23x_exti.c ****     if(RESET != (EXTI_PD & (uint32_t)linex)) {
 394              		.loc 1 203 5 view .LVU73
 395              		.loc 1 203 18 is_stmt 0 view .LVU74
 396 0000 40F21443 		movw	r3, #1044
 397 0004 C4F20103 		movt	r3, 16385
 398 0008 1B68     		ldr	r3, [r3]
 399              		.loc 1 203 7 view .LVU75
 400 000a 1842     		tst	r0, r3
 401 000c 01D0     		beq	.L17
 204:Drivers/GD32E23x/Source/gd32e23x_exti.c ****         return SET;
 402              		.loc 1 204 16 view .LVU76
 403 000e 0120     		movs	r0, #1
 404              	.LVL16:
 405              	.L16:
 205:Drivers/GD32E23x/Source/gd32e23x_exti.c ****     } else {
 206:Drivers/GD32E23x/Source/gd32e23x_exti.c ****         return RESET;
 207:Drivers/GD32E23x/Source/gd32e23x_exti.c ****     } 
 208:Drivers/GD32E23x/Source/gd32e23x_exti.c **** }
 406              		.loc 1 208 1 view .LVU77
 407              		@ sp needed
 408 0010 7047     		bx	lr
 409              	.LVL17:
 410              	.L17:
 206:Drivers/GD32E23x/Source/gd32e23x_exti.c ****     } 
 411              		.loc 1 206 16 view .LVU78
 412 0012 0020     		movs	r0, #0
 413              	.LVL18:
 206:Drivers/GD32E23x/Source/gd32e23x_exti.c ****     } 
 414              		.loc 1 206 16 view .LVU79
 415 0014 FCE7     		b	.L16
 416              		.cfi_endproc
 417              	.LFE68:
 419              		.section	.text.exti_flag_clear,"ax",%progbits
 420              		.align	1
 421              		.global	exti_flag_clear
 422              		.syntax unified
ARM GAS  D:\noval\Temp\cchMUV6R.s 			page 12


 423              		.code	16
 424              		.thumb_func
 426              	exti_flag_clear:
 427              	.LVL19:
 428              	.LFB69:
 209:Drivers/GD32E23x/Source/gd32e23x_exti.c **** 
 210:Drivers/GD32E23x/Source/gd32e23x_exti.c **** /*!
 211:Drivers/GD32E23x/Source/gd32e23x_exti.c ****     \brief      clear EXTI line x interrupt pending flag
 212:Drivers/GD32E23x/Source/gd32e23x_exti.c ****     \param[in]  linex: EXTI line number, refer to exti_line_enum
 213:Drivers/GD32E23x/Source/gd32e23x_exti.c ****                 only one parameter can be selected which is shown as below:
 214:Drivers/GD32E23x/Source/gd32e23x_exti.c ****       \arg        EXTI_x (x=0..17,19,21): EXTI line x
 215:Drivers/GD32E23x/Source/gd32e23x_exti.c ****     \param[out] none
 216:Drivers/GD32E23x/Source/gd32e23x_exti.c ****     \retval     none
 217:Drivers/GD32E23x/Source/gd32e23x_exti.c **** */
 218:Drivers/GD32E23x/Source/gd32e23x_exti.c **** void exti_flag_clear(exti_line_enum linex)
 219:Drivers/GD32E23x/Source/gd32e23x_exti.c **** {
 429              		.loc 1 219 1 is_stmt 1 view -0
 430              		.cfi_startproc
 431              		@ args = 0, pretend = 0, frame = 0
 432              		@ frame_needed = 0, uses_anonymous_args = 0
 433              		@ link register save eliminated.
 220:Drivers/GD32E23x/Source/gd32e23x_exti.c ****     EXTI_PD = (uint32_t)linex;
 434              		.loc 1 220 5 view .LVU81
 435              		.loc 1 220 13 is_stmt 0 view .LVU82
 436 0000 40F21443 		movw	r3, #1044
 437 0004 C4F20103 		movt	r3, 16385
 438 0008 1860     		str	r0, [r3]
 221:Drivers/GD32E23x/Source/gd32e23x_exti.c **** }
 439              		.loc 1 221 1 view .LVU83
 440              		@ sp needed
 441 000a 7047     		bx	lr
 442              		.cfi_endproc
 443              	.LFE69:
 445              		.section	.text.exti_interrupt_flag_get,"ax",%progbits
 446              		.align	1
 447              		.global	exti_interrupt_flag_get
 448              		.syntax unified
 449              		.code	16
 450              		.thumb_func
 452              	exti_interrupt_flag_get:
 453              	.LVL20:
 454              	.LFB70:
 222:Drivers/GD32E23x/Source/gd32e23x_exti.c **** 
 223:Drivers/GD32E23x/Source/gd32e23x_exti.c **** /*!
 224:Drivers/GD32E23x/Source/gd32e23x_exti.c ****     \brief      get EXTI line x interrupt pending flag
 225:Drivers/GD32E23x/Source/gd32e23x_exti.c ****     \param[in]  linex: EXTI line number, refer to exti_line_enum
 226:Drivers/GD32E23x/Source/gd32e23x_exti.c ****                 only one parameter can be selected which is shown as below:
 227:Drivers/GD32E23x/Source/gd32e23x_exti.c ****       \arg        EXTI_x (x=0..17,19,21): EXTI line x
 228:Drivers/GD32E23x/Source/gd32e23x_exti.c ****     \param[out] none
 229:Drivers/GD32E23x/Source/gd32e23x_exti.c ****     \retval     FlagStatus: status of flag (RESET or SET)
 230:Drivers/GD32E23x/Source/gd32e23x_exti.c **** */
 231:Drivers/GD32E23x/Source/gd32e23x_exti.c **** FlagStatus exti_interrupt_flag_get(exti_line_enum linex)
 232:Drivers/GD32E23x/Source/gd32e23x_exti.c **** {
 455              		.loc 1 232 1 is_stmt 1 view -0
 456              		.cfi_startproc
 457              		@ args = 0, pretend = 0, frame = 0
 458              		@ frame_needed = 0, uses_anonymous_args = 0
ARM GAS  D:\noval\Temp\cchMUV6R.s 			page 13


 459              		@ link register save eliminated.
 233:Drivers/GD32E23x/Source/gd32e23x_exti.c ****     if(RESET != (EXTI_PD & (uint32_t)linex)) {
 460              		.loc 1 233 5 view .LVU85
 461              		.loc 1 233 18 is_stmt 0 view .LVU86
 462 0000 40F21443 		movw	r3, #1044
 463 0004 C4F20103 		movt	r3, 16385
 464 0008 1B68     		ldr	r3, [r3]
 465              		.loc 1 233 7 view .LVU87
 466 000a 1842     		tst	r0, r3
 467 000c 01D0     		beq	.L21
 234:Drivers/GD32E23x/Source/gd32e23x_exti.c ****         return SET;
 468              		.loc 1 234 16 view .LVU88
 469 000e 0120     		movs	r0, #1
 470              	.LVL21:
 471              	.L20:
 235:Drivers/GD32E23x/Source/gd32e23x_exti.c ****     } else {
 236:Drivers/GD32E23x/Source/gd32e23x_exti.c ****         return RESET;
 237:Drivers/GD32E23x/Source/gd32e23x_exti.c ****     }
 238:Drivers/GD32E23x/Source/gd32e23x_exti.c **** }
 472              		.loc 1 238 1 view .LVU89
 473              		@ sp needed
 474 0010 7047     		bx	lr
 475              	.LVL22:
 476              	.L21:
 236:Drivers/GD32E23x/Source/gd32e23x_exti.c ****     }
 477              		.loc 1 236 16 view .LVU90
 478 0012 0020     		movs	r0, #0
 479              	.LVL23:
 236:Drivers/GD32E23x/Source/gd32e23x_exti.c ****     }
 480              		.loc 1 236 16 view .LVU91
 481 0014 FCE7     		b	.L20
 482              		.cfi_endproc
 483              	.LFE70:
 485              		.section	.text.exti_interrupt_flag_clear,"ax",%progbits
 486              		.align	1
 487              		.global	exti_interrupt_flag_clear
 488              		.syntax unified
 489              		.code	16
 490              		.thumb_func
 492              	exti_interrupt_flag_clear:
 493              	.LVL24:
 494              	.LFB71:
 239:Drivers/GD32E23x/Source/gd32e23x_exti.c **** 
 240:Drivers/GD32E23x/Source/gd32e23x_exti.c **** /*!
 241:Drivers/GD32E23x/Source/gd32e23x_exti.c ****     \brief      clear EXTI line x interrupt pending flag
 242:Drivers/GD32E23x/Source/gd32e23x_exti.c ****     \param[in]  linex: EXTI line number, refer to exti_line_enum
 243:Drivers/GD32E23x/Source/gd32e23x_exti.c ****                 only one parameter can be selected which is shown as below:
 244:Drivers/GD32E23x/Source/gd32e23x_exti.c ****       \arg        EXTI_x (x=0..17,19,21): EXTI line x
 245:Drivers/GD32E23x/Source/gd32e23x_exti.c ****     \param[out] none
 246:Drivers/GD32E23x/Source/gd32e23x_exti.c ****     \retval     none
 247:Drivers/GD32E23x/Source/gd32e23x_exti.c **** */
 248:Drivers/GD32E23x/Source/gd32e23x_exti.c **** void exti_interrupt_flag_clear(exti_line_enum linex)
 249:Drivers/GD32E23x/Source/gd32e23x_exti.c **** {
 495              		.loc 1 249 1 is_stmt 1 view -0
 496              		.cfi_startproc
 497              		@ args = 0, pretend = 0, frame = 0
 498              		@ frame_needed = 0, uses_anonymous_args = 0
ARM GAS  D:\noval\Temp\cchMUV6R.s 			page 14


 499              		@ link register save eliminated.
 250:Drivers/GD32E23x/Source/gd32e23x_exti.c ****     EXTI_PD = (uint32_t)linex;
 500              		.loc 1 250 5 view .LVU93
 501              		.loc 1 250 13 is_stmt 0 view .LVU94
 502 0000 40F21443 		movw	r3, #1044
 503 0004 C4F20103 		movt	r3, 16385
 504 0008 1860     		str	r0, [r3]
 251:Drivers/GD32E23x/Source/gd32e23x_exti.c **** }
 505              		.loc 1 251 1 view .LVU95
 506              		@ sp needed
 507 000a 7047     		bx	lr
 508              		.cfi_endproc
 509              	.LFE71:
 511              		.text
 512              	.Letext0:
 513              		.file 2 "D:/AppData/arm-gnu-toolchain-13.3.rel1-mingw-w64-i686-arm-none-eabi/arm-none-eabi/include
 514              		.file 3 "D:/AppData/arm-gnu-toolchain-13.3.rel1-mingw-w64-i686-arm-none-eabi/arm-none-eabi/include
 515              		.file 4 "Drivers/CMSIS/GD/GD32E23x/Include/gd32e23x.h"
 516              		.file 5 "Drivers/GD32E23x/Include/gd32e23x_exti.h"
ARM GAS  D:\noval\Temp\cchMUV6R.s 			page 15


DEFINED SYMBOLS
                            *ABS*:00000000 gd32e23x_exti.c
D:\noval\Temp\cchMUV6R.s:19     .text.exti_deinit:00000000 $t
D:\noval\Temp\cchMUV6R.s:25     .text.exti_deinit:00000000 exti_deinit
D:\noval\Temp\cchMUV6R.s:67     .text.exti_init:00000000 $t
D:\noval\Temp\cchMUV6R.s:73     .text.exti_init:00000000 exti_init
D:\noval\Temp\cchMUV6R.s:212    .text.exti_interrupt_enable:00000000 $t
D:\noval\Temp\cchMUV6R.s:218    .text.exti_interrupt_enable:00000000 exti_interrupt_enable
D:\noval\Temp\cchMUV6R.s:240    .text.exti_interrupt_disable:00000000 $t
D:\noval\Temp\cchMUV6R.s:246    .text.exti_interrupt_disable:00000000 exti_interrupt_disable
D:\noval\Temp\cchMUV6R.s:268    .text.exti_event_enable:00000000 $t
D:\noval\Temp\cchMUV6R.s:274    .text.exti_event_enable:00000000 exti_event_enable
D:\noval\Temp\cchMUV6R.s:296    .text.exti_event_disable:00000000 $t
D:\noval\Temp\cchMUV6R.s:302    .text.exti_event_disable:00000000 exti_event_disable
D:\noval\Temp\cchMUV6R.s:324    .text.exti_software_interrupt_enable:00000000 $t
D:\noval\Temp\cchMUV6R.s:330    .text.exti_software_interrupt_enable:00000000 exti_software_interrupt_enable
D:\noval\Temp\cchMUV6R.s:352    .text.exti_software_interrupt_disable:00000000 $t
D:\noval\Temp\cchMUV6R.s:358    .text.exti_software_interrupt_disable:00000000 exti_software_interrupt_disable
D:\noval\Temp\cchMUV6R.s:380    .text.exti_flag_get:00000000 $t
D:\noval\Temp\cchMUV6R.s:386    .text.exti_flag_get:00000000 exti_flag_get
D:\noval\Temp\cchMUV6R.s:420    .text.exti_flag_clear:00000000 $t
D:\noval\Temp\cchMUV6R.s:426    .text.exti_flag_clear:00000000 exti_flag_clear
D:\noval\Temp\cchMUV6R.s:446    .text.exti_interrupt_flag_get:00000000 $t
D:\noval\Temp\cchMUV6R.s:452    .text.exti_interrupt_flag_get:00000000 exti_interrupt_flag_get
D:\noval\Temp\cchMUV6R.s:486    .text.exti_interrupt_flag_clear:00000000 $t
D:\noval\Temp\cchMUV6R.s:492    .text.exti_interrupt_flag_clear:00000000 exti_interrupt_flag_clear

NO UNDEFINED SYMBOLS
