ARM GAS  D:\noval\Temp\ccmyHliR.s 			page 1


   1              		.cpu cortex-m23
   2              		.arch armv8-m.base
   3              		.fpu softvfp
   4              		.eabi_attribute 20, 1
   5              		.eabi_attribute 21, 1
   6              		.eabi_attribute 23, 3
   7              		.eabi_attribute 24, 1
   8              		.eabi_attribute 25, 1
   9              		.eabi_attribute 26, 1
  10              		.eabi_attribute 30, 1
  11              		.eabi_attribute 34, 0
  12              		.eabi_attribute 18, 4
  13              		.file	"system_gd32e23x.c"
  14              		.text
  15              	.Ltext0:
  16              		.cfi_sections	.debug_frame
  17              		.file 1 "Drivers/CMSIS/GD/GD32E23x/Source/system_gd32e23x.c"
  18              		.section	.text.system_clock_72m_hxtal,"ax",%progbits
  19              		.align	1
  20              		.syntax unified
  21              		.code	16
  22              		.thumb_func
  24              	system_clock_72m_hxtal:
  25              	.LFB62:
   1:Drivers/CMSIS/GD/GD32E23x/Source/system_gd32e23x.c **** /*!
   2:Drivers/CMSIS/GD/GD32E23x/Source/system_gd32e23x.c ****     \file  system_gd32e23x.c
   3:Drivers/CMSIS/GD/GD32E23x/Source/system_gd32e23x.c ****     \brief CMSIS Cortex-M23 Device Peripheral Access Layer Source File for
   4:Drivers/CMSIS/GD/GD32E23x/Source/system_gd32e23x.c ****            GD32E23x Device Series
   5:Drivers/CMSIS/GD/GD32E23x/Source/system_gd32e23x.c **** */
   6:Drivers/CMSIS/GD/GD32E23x/Source/system_gd32e23x.c **** 
   7:Drivers/CMSIS/GD/GD32E23x/Source/system_gd32e23x.c **** /* Copyright (c) 2012 ARM LIMITED
   8:Drivers/CMSIS/GD/GD32E23x/Source/system_gd32e23x.c ****    Copyright (c) 2023, GigaDevice Semiconductor Inc.
   9:Drivers/CMSIS/GD/GD32E23x/Source/system_gd32e23x.c **** 
  10:Drivers/CMSIS/GD/GD32E23x/Source/system_gd32e23x.c ****    All rights reserved.
  11:Drivers/CMSIS/GD/GD32E23x/Source/system_gd32e23x.c ****    Redistribution and use in source and binary forms, with or without
  12:Drivers/CMSIS/GD/GD32E23x/Source/system_gd32e23x.c ****    modification, are permitted provided that the following conditions are met:
  13:Drivers/CMSIS/GD/GD32E23x/Source/system_gd32e23x.c ****    - Redistributions of source code must retain the above copyright
  14:Drivers/CMSIS/GD/GD32E23x/Source/system_gd32e23x.c ****      notice, this list of conditions and the following disclaimer.
  15:Drivers/CMSIS/GD/GD32E23x/Source/system_gd32e23x.c ****    - Redistributions in binary form must reproduce the above copyright
  16:Drivers/CMSIS/GD/GD32E23x/Source/system_gd32e23x.c ****      notice, this list of conditions and the following disclaimer in the
  17:Drivers/CMSIS/GD/GD32E23x/Source/system_gd32e23x.c ****      documentation and/or other materials provided with the distribution.
  18:Drivers/CMSIS/GD/GD32E23x/Source/system_gd32e23x.c ****    - Neither the name of ARM nor the names of its contributors may be used
  19:Drivers/CMSIS/GD/GD32E23x/Source/system_gd32e23x.c ****      to endorse or promote products derived from this software without
  20:Drivers/CMSIS/GD/GD32E23x/Source/system_gd32e23x.c ****      specific prior written permission.
  21:Drivers/CMSIS/GD/GD32E23x/Source/system_gd32e23x.c ****    *
  22:Drivers/CMSIS/GD/GD32E23x/Source/system_gd32e23x.c ****    THIS SOFTWARE IS PROVIDED BY THE COPYRIGHT HOLDERS AND CONTRIBUTORS "AS IS"
  23:Drivers/CMSIS/GD/GD32E23x/Source/system_gd32e23x.c ****    AND ANY EXPRESS OR IMPLIED WARRANTIES, INCLUDING, BUT NOT LIMITED TO, THE
  24:Drivers/CMSIS/GD/GD32E23x/Source/system_gd32e23x.c ****    IMPLIED WARRANTIES OF MERCHANTABILITY AND FITNESS FOR A PARTICULAR PURPOSE
  25:Drivers/CMSIS/GD/GD32E23x/Source/system_gd32e23x.c ****    ARE DISCLAIMED. IN NO EVENT SHALL COPYRIGHT HOLDERS AND CONTRIBUTORS BE
  26:Drivers/CMSIS/GD/GD32E23x/Source/system_gd32e23x.c ****    LIABLE FOR ANY DIRECT, INDIRECT, INCIDENTAL, SPECIAL, EXEMPLARY, OR
  27:Drivers/CMSIS/GD/GD32E23x/Source/system_gd32e23x.c ****    CONSEQUENTIAL DAMAGES (INCLUDING, BUT NOT LIMITED TO, PROCUREMENT OF
  28:Drivers/CMSIS/GD/GD32E23x/Source/system_gd32e23x.c ****    SUBSTITUTE GOODS OR SERVICES; LOSS OF USE, DATA, OR PROFITS; OR BUSINESS
  29:Drivers/CMSIS/GD/GD32E23x/Source/system_gd32e23x.c ****    INTERRUPTION) HOWEVER CAUSED AND ON ANY THEORY OF LIABILITY, WHETHER IN
  30:Drivers/CMSIS/GD/GD32E23x/Source/system_gd32e23x.c ****    CONTRACT, STRICT LIABILITY, OR TORT (INCLUDING NEGLIGENCE OR OTHERWISE)
  31:Drivers/CMSIS/GD/GD32E23x/Source/system_gd32e23x.c ****    ARISING IN ANY WAY OUT OF THE USE OF THIS SOFTWARE, EVEN IF ADVISED OF THE
  32:Drivers/CMSIS/GD/GD32E23x/Source/system_gd32e23x.c ****    POSSIBILITY OF SUCH DAMAGE.
  33:Drivers/CMSIS/GD/GD32E23x/Source/system_gd32e23x.c ****    ---------------------------------------------------------------------------*/
ARM GAS  D:\noval\Temp\ccmyHliR.s 			page 2


  34:Drivers/CMSIS/GD/GD32E23x/Source/system_gd32e23x.c **** 
  35:Drivers/CMSIS/GD/GD32E23x/Source/system_gd32e23x.c **** /* This file refers the CMSIS standard, some adjustments are made according to GigaDevice chips */
  36:Drivers/CMSIS/GD/GD32E23x/Source/system_gd32e23x.c **** 
  37:Drivers/CMSIS/GD/GD32E23x/Source/system_gd32e23x.c **** #include "gd32e23x.h"
  38:Drivers/CMSIS/GD/GD32E23x/Source/system_gd32e23x.c **** 
  39:Drivers/CMSIS/GD/GD32E23x/Source/system_gd32e23x.c **** /* system frequency define */
  40:Drivers/CMSIS/GD/GD32E23x/Source/system_gd32e23x.c **** #define __IRC8M           (IRC8M_VALUE)            /* internal 8 MHz RC oscillator frequency */
  41:Drivers/CMSIS/GD/GD32E23x/Source/system_gd32e23x.c **** #define __HXTAL           (HXTAL_VALUE)            /* high speed crystal oscillator frequency */
  42:Drivers/CMSIS/GD/GD32E23x/Source/system_gd32e23x.c **** #define __SYS_OSC_CLK     (__IRC8M)                /* main oscillator frequency */
  43:Drivers/CMSIS/GD/GD32E23x/Source/system_gd32e23x.c **** 
  44:Drivers/CMSIS/GD/GD32E23x/Source/system_gd32e23x.c **** #define VECT_TAB_OFFSET  (uint32_t)0x00            /* vector table base offset */
  45:Drivers/CMSIS/GD/GD32E23x/Source/system_gd32e23x.c **** 
  46:Drivers/CMSIS/GD/GD32E23x/Source/system_gd32e23x.c **** /* select a system clock by uncommenting the following line */
  47:Drivers/CMSIS/GD/GD32E23x/Source/system_gd32e23x.c **** //#define __SYSTEM_CLOCK_8M_HXTAL              (__HXTAL)
  48:Drivers/CMSIS/GD/GD32E23x/Source/system_gd32e23x.c **** //#define __SYSTEM_CLOCK_8M_IRC8M              (__IRC8M)
  49:Drivers/CMSIS/GD/GD32E23x/Source/system_gd32e23x.c **** #define __SYSTEM_CLOCK_72M_PLL_HXTAL         (uint32_t)(72000000)
  50:Drivers/CMSIS/GD/GD32E23x/Source/system_gd32e23x.c **** //#define __SYSTEM_CLOCK_72M_PLL_IRC8M_DIV2    (uint32_t)(72000000)
  51:Drivers/CMSIS/GD/GD32E23x/Source/system_gd32e23x.c **** 
  52:Drivers/CMSIS/GD/GD32E23x/Source/system_gd32e23x.c **** #define RCU_MODIFY(__delay)     do{                                     \
  53:Drivers/CMSIS/GD/GD32E23x/Source/system_gd32e23x.c ****                                     volatile uint32_t i;                \
  54:Drivers/CMSIS/GD/GD32E23x/Source/system_gd32e23x.c ****                                     if(0 != __delay){                   \
  55:Drivers/CMSIS/GD/GD32E23x/Source/system_gd32e23x.c ****                                         RCU_CFG0 |= RCU_AHB_CKSYS_DIV2; \
  56:Drivers/CMSIS/GD/GD32E23x/Source/system_gd32e23x.c ****                                         for(i=0; i<__delay; i++){       \
  57:Drivers/CMSIS/GD/GD32E23x/Source/system_gd32e23x.c ****                                         }                               \
  58:Drivers/CMSIS/GD/GD32E23x/Source/system_gd32e23x.c ****                                         RCU_CFG0 |= RCU_AHB_CKSYS_DIV4; \
  59:Drivers/CMSIS/GD/GD32E23x/Source/system_gd32e23x.c ****                                         for(i=0; i<__delay; i++){       \
  60:Drivers/CMSIS/GD/GD32E23x/Source/system_gd32e23x.c ****                                         }                               \
  61:Drivers/CMSIS/GD/GD32E23x/Source/system_gd32e23x.c ****                                     }                                   \
  62:Drivers/CMSIS/GD/GD32E23x/Source/system_gd32e23x.c ****                                 }while(0)
  63:Drivers/CMSIS/GD/GD32E23x/Source/system_gd32e23x.c **** 
  64:Drivers/CMSIS/GD/GD32E23x/Source/system_gd32e23x.c **** #define SEL_IRC8M       0x00
  65:Drivers/CMSIS/GD/GD32E23x/Source/system_gd32e23x.c **** #define SEL_HXTAL       0x01
  66:Drivers/CMSIS/GD/GD32E23x/Source/system_gd32e23x.c **** #define SEL_PLL         0x02
  67:Drivers/CMSIS/GD/GD32E23x/Source/system_gd32e23x.c **** 
  68:Drivers/CMSIS/GD/GD32E23x/Source/system_gd32e23x.c **** /* set the system clock frequency and declare the system clock configuration function */
  69:Drivers/CMSIS/GD/GD32E23x/Source/system_gd32e23x.c **** #ifdef __SYSTEM_CLOCK_8M_HXTAL
  70:Drivers/CMSIS/GD/GD32E23x/Source/system_gd32e23x.c **** uint32_t SystemCoreClock = __SYSTEM_CLOCK_8M_HXTAL;
  71:Drivers/CMSIS/GD/GD32E23x/Source/system_gd32e23x.c **** static void system_clock_8m_hxtal(void);
  72:Drivers/CMSIS/GD/GD32E23x/Source/system_gd32e23x.c **** 
  73:Drivers/CMSIS/GD/GD32E23x/Source/system_gd32e23x.c **** #elif defined (__SYSTEM_CLOCK_72M_PLL_HXTAL)
  74:Drivers/CMSIS/GD/GD32E23x/Source/system_gd32e23x.c **** uint32_t SystemCoreClock = __SYSTEM_CLOCK_72M_PLL_HXTAL;
  75:Drivers/CMSIS/GD/GD32E23x/Source/system_gd32e23x.c **** static void system_clock_72m_hxtal(void);
  76:Drivers/CMSIS/GD/GD32E23x/Source/system_gd32e23x.c **** 
  77:Drivers/CMSIS/GD/GD32E23x/Source/system_gd32e23x.c **** #elif defined (__SYSTEM_CLOCK_72M_PLL_IRC8M_DIV2)
  78:Drivers/CMSIS/GD/GD32E23x/Source/system_gd32e23x.c **** uint32_t SystemCoreClock = __SYSTEM_CLOCK_72M_PLL_IRC8M_DIV2;
  79:Drivers/CMSIS/GD/GD32E23x/Source/system_gd32e23x.c **** static void system_clock_72m_irc8m(void);
  80:Drivers/CMSIS/GD/GD32E23x/Source/system_gd32e23x.c **** 
  81:Drivers/CMSIS/GD/GD32E23x/Source/system_gd32e23x.c **** #else
  82:Drivers/CMSIS/GD/GD32E23x/Source/system_gd32e23x.c **** uint32_t SystemCoreClock = __SYSTEM_CLOCK_8M_IRC8M;
  83:Drivers/CMSIS/GD/GD32E23x/Source/system_gd32e23x.c **** static void system_clock_8m_irc8m(void);
  84:Drivers/CMSIS/GD/GD32E23x/Source/system_gd32e23x.c **** #endif /* __SYSTEM_CLOCK_8M_HXTAL */
  85:Drivers/CMSIS/GD/GD32E23x/Source/system_gd32e23x.c **** 
  86:Drivers/CMSIS/GD/GD32E23x/Source/system_gd32e23x.c **** /* configure the system clock */
  87:Drivers/CMSIS/GD/GD32E23x/Source/system_gd32e23x.c **** static void system_clock_config(void);
  88:Drivers/CMSIS/GD/GD32E23x/Source/system_gd32e23x.c **** 
  89:Drivers/CMSIS/GD/GD32E23x/Source/system_gd32e23x.c **** /*!
  90:Drivers/CMSIS/GD/GD32E23x/Source/system_gd32e23x.c ****     \brief      setup the microcontroller system, initialize the system
ARM GAS  D:\noval\Temp\ccmyHliR.s 			page 3


  91:Drivers/CMSIS/GD/GD32E23x/Source/system_gd32e23x.c ****     \param[in]  none
  92:Drivers/CMSIS/GD/GD32E23x/Source/system_gd32e23x.c ****     \param[out] none
  93:Drivers/CMSIS/GD/GD32E23x/Source/system_gd32e23x.c ****     \retval     none
  94:Drivers/CMSIS/GD/GD32E23x/Source/system_gd32e23x.c **** */
  95:Drivers/CMSIS/GD/GD32E23x/Source/system_gd32e23x.c **** void SystemInit (void)
  96:Drivers/CMSIS/GD/GD32E23x/Source/system_gd32e23x.c **** {
  97:Drivers/CMSIS/GD/GD32E23x/Source/system_gd32e23x.c ****     /* enable IRC8M */
  98:Drivers/CMSIS/GD/GD32E23x/Source/system_gd32e23x.c ****     RCU_CTL0 |= RCU_CTL0_IRC8MEN;
  99:Drivers/CMSIS/GD/GD32E23x/Source/system_gd32e23x.c ****     while(0U == (RCU_CTL0 & RCU_CTL0_IRC8MSTB)){
 100:Drivers/CMSIS/GD/GD32E23x/Source/system_gd32e23x.c ****     }
 101:Drivers/CMSIS/GD/GD32E23x/Source/system_gd32e23x.c **** 
 102:Drivers/CMSIS/GD/GD32E23x/Source/system_gd32e23x.c ****     RCU_MODIFY(0x80);
 103:Drivers/CMSIS/GD/GD32E23x/Source/system_gd32e23x.c ****     RCU_CFG0 &= ~RCU_CFG0_SCS;
 104:Drivers/CMSIS/GD/GD32E23x/Source/system_gd32e23x.c ****     RCU_CTL0 &= ~(RCU_CTL0_HXTALEN | RCU_CTL0_CKMEN | RCU_CTL0_PLLEN | RCU_CTL0_HXTALBPS);
 105:Drivers/CMSIS/GD/GD32E23x/Source/system_gd32e23x.c ****     /* reset RCU */
 106:Drivers/CMSIS/GD/GD32E23x/Source/system_gd32e23x.c ****     RCU_CFG0 &= ~(RCU_CFG0_SCS | RCU_CFG0_AHBPSC | RCU_CFG0_APB1PSC | RCU_CFG0_APB2PSC |\
 107:Drivers/CMSIS/GD/GD32E23x/Source/system_gd32e23x.c ****                   RCU_CFG0_ADCPSC | RCU_CFG0_CKOUTSEL | RCU_CFG0_CKOUTDIV | RCU_CFG0_PLLDV);
 108:Drivers/CMSIS/GD/GD32E23x/Source/system_gd32e23x.c ****     RCU_CFG0 &= ~(RCU_CFG0_PLLSEL | RCU_CFG0_PLLMF | RCU_CFG0_PLLMF4 | RCU_CFG0_PLLDV);
 109:Drivers/CMSIS/GD/GD32E23x/Source/system_gd32e23x.c ****     RCU_CFG1 &= ~(RCU_CFG1_PREDV);
 110:Drivers/CMSIS/GD/GD32E23x/Source/system_gd32e23x.c ****     RCU_CFG2 &= ~(RCU_CFG2_USART0SEL | RCU_CFG2_ADCSEL);
 111:Drivers/CMSIS/GD/GD32E23x/Source/system_gd32e23x.c ****     RCU_CFG2 &= ~RCU_CFG2_IRC28MDIV;
 112:Drivers/CMSIS/GD/GD32E23x/Source/system_gd32e23x.c ****     RCU_CFG2 &= ~RCU_CFG2_ADCPSC2;
 113:Drivers/CMSIS/GD/GD32E23x/Source/system_gd32e23x.c ****     RCU_CTL1 &= ~RCU_CTL1_IRC28MEN;
 114:Drivers/CMSIS/GD/GD32E23x/Source/system_gd32e23x.c ****     RCU_INT = 0x00000000U;
 115:Drivers/CMSIS/GD/GD32E23x/Source/system_gd32e23x.c **** 
 116:Drivers/CMSIS/GD/GD32E23x/Source/system_gd32e23x.c ****     /* configure system clock */
 117:Drivers/CMSIS/GD/GD32E23x/Source/system_gd32e23x.c ****     system_clock_config();
 118:Drivers/CMSIS/GD/GD32E23x/Source/system_gd32e23x.c ****     
 119:Drivers/CMSIS/GD/GD32E23x/Source/system_gd32e23x.c **** #ifdef VECT_TAB_SRAM
 120:Drivers/CMSIS/GD/GD32E23x/Source/system_gd32e23x.c ****     nvic_vector_table_set(NVIC_VECTTAB_RAM,VECT_TAB_OFFSET);
 121:Drivers/CMSIS/GD/GD32E23x/Source/system_gd32e23x.c **** #else
 122:Drivers/CMSIS/GD/GD32E23x/Source/system_gd32e23x.c ****     nvic_vector_table_set(NVIC_VECTTAB_FLASH,VECT_TAB_OFFSET);
 123:Drivers/CMSIS/GD/GD32E23x/Source/system_gd32e23x.c **** #endif
 124:Drivers/CMSIS/GD/GD32E23x/Source/system_gd32e23x.c **** }
 125:Drivers/CMSIS/GD/GD32E23x/Source/system_gd32e23x.c **** 
 126:Drivers/CMSIS/GD/GD32E23x/Source/system_gd32e23x.c **** /*!
 127:Drivers/CMSIS/GD/GD32E23x/Source/system_gd32e23x.c ****     \brief      configure the system clock
 128:Drivers/CMSIS/GD/GD32E23x/Source/system_gd32e23x.c ****     \param[in]  none
 129:Drivers/CMSIS/GD/GD32E23x/Source/system_gd32e23x.c ****     \param[out] none
 130:Drivers/CMSIS/GD/GD32E23x/Source/system_gd32e23x.c ****     \retval     none
 131:Drivers/CMSIS/GD/GD32E23x/Source/system_gd32e23x.c **** */
 132:Drivers/CMSIS/GD/GD32E23x/Source/system_gd32e23x.c **** static void system_clock_config(void)
 133:Drivers/CMSIS/GD/GD32E23x/Source/system_gd32e23x.c **** {
 134:Drivers/CMSIS/GD/GD32E23x/Source/system_gd32e23x.c **** #ifdef __SYSTEM_CLOCK_8M_HXTAL
 135:Drivers/CMSIS/GD/GD32E23x/Source/system_gd32e23x.c ****     system_clock_8m_hxtal();
 136:Drivers/CMSIS/GD/GD32E23x/Source/system_gd32e23x.c **** #elif defined (__SYSTEM_CLOCK_72M_PLL_HXTAL)
 137:Drivers/CMSIS/GD/GD32E23x/Source/system_gd32e23x.c ****     system_clock_72m_hxtal();
 138:Drivers/CMSIS/GD/GD32E23x/Source/system_gd32e23x.c **** #elif defined (__SYSTEM_CLOCK_72M_PLL_IRC8M_DIV2)
 139:Drivers/CMSIS/GD/GD32E23x/Source/system_gd32e23x.c ****     system_clock_72m_irc8m();
 140:Drivers/CMSIS/GD/GD32E23x/Source/system_gd32e23x.c **** #elif defined (__SYSTEM_CLOCK_72M_PLL_IRC48M_DIV2)
 141:Drivers/CMSIS/GD/GD32E23x/Source/system_gd32e23x.c ****     system_clock_72m_irc48m();
 142:Drivers/CMSIS/GD/GD32E23x/Source/system_gd32e23x.c **** #else
 143:Drivers/CMSIS/GD/GD32E23x/Source/system_gd32e23x.c ****     system_clock_8m_irc8m();
 144:Drivers/CMSIS/GD/GD32E23x/Source/system_gd32e23x.c **** #endif /* __SYSTEM_CLOCK_8M_HXTAL */
 145:Drivers/CMSIS/GD/GD32E23x/Source/system_gd32e23x.c **** }
 146:Drivers/CMSIS/GD/GD32E23x/Source/system_gd32e23x.c **** 
 147:Drivers/CMSIS/GD/GD32E23x/Source/system_gd32e23x.c **** #ifdef __SYSTEM_CLOCK_8M_HXTAL
ARM GAS  D:\noval\Temp\ccmyHliR.s 			page 4


 148:Drivers/CMSIS/GD/GD32E23x/Source/system_gd32e23x.c **** /*!
 149:Drivers/CMSIS/GD/GD32E23x/Source/system_gd32e23x.c ****     \brief      configure the system clock to 8M by HXTAL
 150:Drivers/CMSIS/GD/GD32E23x/Source/system_gd32e23x.c ****     \param[in]  none
 151:Drivers/CMSIS/GD/GD32E23x/Source/system_gd32e23x.c ****     \param[out] none
 152:Drivers/CMSIS/GD/GD32E23x/Source/system_gd32e23x.c ****     \retval     none
 153:Drivers/CMSIS/GD/GD32E23x/Source/system_gd32e23x.c **** */
 154:Drivers/CMSIS/GD/GD32E23x/Source/system_gd32e23x.c **** static void system_clock_8m_hxtal(void)
 155:Drivers/CMSIS/GD/GD32E23x/Source/system_gd32e23x.c **** {
 156:Drivers/CMSIS/GD/GD32E23x/Source/system_gd32e23x.c ****     uint32_t timeout = 0U;
 157:Drivers/CMSIS/GD/GD32E23x/Source/system_gd32e23x.c ****     uint32_t stab_flag = 0U;
 158:Drivers/CMSIS/GD/GD32E23x/Source/system_gd32e23x.c **** 
 159:Drivers/CMSIS/GD/GD32E23x/Source/system_gd32e23x.c ****     /* enable HXTAL */
 160:Drivers/CMSIS/GD/GD32E23x/Source/system_gd32e23x.c ****     RCU_CTL0 |= RCU_CTL0_HXTALEN;
 161:Drivers/CMSIS/GD/GD32E23x/Source/system_gd32e23x.c ****     
 162:Drivers/CMSIS/GD/GD32E23x/Source/system_gd32e23x.c ****     /* wait until HXTAL is stable or the startup time is longer than HXTAL_STARTUP_TIMEOUT */
 163:Drivers/CMSIS/GD/GD32E23x/Source/system_gd32e23x.c ****     do{
 164:Drivers/CMSIS/GD/GD32E23x/Source/system_gd32e23x.c ****         timeout++;
 165:Drivers/CMSIS/GD/GD32E23x/Source/system_gd32e23x.c ****         stab_flag = (RCU_CTL0 & RCU_CTL0_HXTALSTB);
 166:Drivers/CMSIS/GD/GD32E23x/Source/system_gd32e23x.c ****     }
 167:Drivers/CMSIS/GD/GD32E23x/Source/system_gd32e23x.c ****     while((0U == stab_flag) && (HXTAL_STARTUP_TIMEOUT != timeout));    
 168:Drivers/CMSIS/GD/GD32E23x/Source/system_gd32e23x.c ****     /* if fail */
 169:Drivers/CMSIS/GD/GD32E23x/Source/system_gd32e23x.c ****     if(0U == (RCU_CTL0 & RCU_CTL0_HXTALSTB)){
 170:Drivers/CMSIS/GD/GD32E23x/Source/system_gd32e23x.c ****         while(1){
 171:Drivers/CMSIS/GD/GD32E23x/Source/system_gd32e23x.c ****         }
 172:Drivers/CMSIS/GD/GD32E23x/Source/system_gd32e23x.c ****     }
 173:Drivers/CMSIS/GD/GD32E23x/Source/system_gd32e23x.c ****     
 174:Drivers/CMSIS/GD/GD32E23x/Source/system_gd32e23x.c ****     /* HXTAL is stable */
 175:Drivers/CMSIS/GD/GD32E23x/Source/system_gd32e23x.c ****     /* AHB = SYSCLK */
 176:Drivers/CMSIS/GD/GD32E23x/Source/system_gd32e23x.c ****     RCU_CFG0 |= RCU_AHB_CKSYS_DIV1;
 177:Drivers/CMSIS/GD/GD32E23x/Source/system_gd32e23x.c ****     /* APB2 = AHB */
 178:Drivers/CMSIS/GD/GD32E23x/Source/system_gd32e23x.c ****     RCU_CFG0 |= RCU_APB2_CKAHB_DIV1;
 179:Drivers/CMSIS/GD/GD32E23x/Source/system_gd32e23x.c ****     /* APB1 = AHB */
 180:Drivers/CMSIS/GD/GD32E23x/Source/system_gd32e23x.c ****     RCU_CFG0 |= RCU_APB1_CKAHB_DIV1;
 181:Drivers/CMSIS/GD/GD32E23x/Source/system_gd32e23x.c ****     
 182:Drivers/CMSIS/GD/GD32E23x/Source/system_gd32e23x.c ****     /* select HXTAL as system clock */
 183:Drivers/CMSIS/GD/GD32E23x/Source/system_gd32e23x.c ****     RCU_CFG0 &= ~RCU_CFG0_SCS;
 184:Drivers/CMSIS/GD/GD32E23x/Source/system_gd32e23x.c ****     RCU_CFG0 |= RCU_CKSYSSRC_HXTAL;
 185:Drivers/CMSIS/GD/GD32E23x/Source/system_gd32e23x.c ****     
 186:Drivers/CMSIS/GD/GD32E23x/Source/system_gd32e23x.c ****     /* wait until HXTAL is selected as system clock */
 187:Drivers/CMSIS/GD/GD32E23x/Source/system_gd32e23x.c ****     while(RCU_SCSS_HXTAL != (RCU_CFG0 & RCU_CFG0_SCSS)){
 188:Drivers/CMSIS/GD/GD32E23x/Source/system_gd32e23x.c ****     }
 189:Drivers/CMSIS/GD/GD32E23x/Source/system_gd32e23x.c **** }
 190:Drivers/CMSIS/GD/GD32E23x/Source/system_gd32e23x.c **** 
 191:Drivers/CMSIS/GD/GD32E23x/Source/system_gd32e23x.c **** #elif defined (__SYSTEM_CLOCK_72M_PLL_HXTAL)
 192:Drivers/CMSIS/GD/GD32E23x/Source/system_gd32e23x.c **** /*!
 193:Drivers/CMSIS/GD/GD32E23x/Source/system_gd32e23x.c ****     \brief      configure the system clock to 72M by PLL which selects HXTAL as its clock source
 194:Drivers/CMSIS/GD/GD32E23x/Source/system_gd32e23x.c ****     \param[in]  none
 195:Drivers/CMSIS/GD/GD32E23x/Source/system_gd32e23x.c ****     \param[out] none
 196:Drivers/CMSIS/GD/GD32E23x/Source/system_gd32e23x.c ****     \retval     none
 197:Drivers/CMSIS/GD/GD32E23x/Source/system_gd32e23x.c **** */
 198:Drivers/CMSIS/GD/GD32E23x/Source/system_gd32e23x.c **** static void system_clock_72m_hxtal(void)
 199:Drivers/CMSIS/GD/GD32E23x/Source/system_gd32e23x.c **** {
  26              		.loc 1 199 1 view -0
  27              		.cfi_startproc
  28              		@ args = 0, pretend = 0, frame = 0
  29              		@ frame_needed = 0, uses_anonymous_args = 0
  30              		@ link register save eliminated.
ARM GAS  D:\noval\Temp\ccmyHliR.s 			page 5


 200:Drivers/CMSIS/GD/GD32E23x/Source/system_gd32e23x.c ****     uint32_t timeout = 0U;
  31              		.loc 1 200 5 view .LVU1
  32              	.LVL0:
 201:Drivers/CMSIS/GD/GD32E23x/Source/system_gd32e23x.c ****     uint32_t stab_flag = 0U;
  33              		.loc 1 201 5 view .LVU2
 202:Drivers/CMSIS/GD/GD32E23x/Source/system_gd32e23x.c **** 
 203:Drivers/CMSIS/GD/GD32E23x/Source/system_gd32e23x.c ****     /* enable HXTAL */
 204:Drivers/CMSIS/GD/GD32E23x/Source/system_gd32e23x.c ****     RCU_CTL0 |= RCU_CTL0_HXTALEN;
  34              		.loc 1 204 5 view .LVU3
  35 0000 41F20003 		movw	r3, #4096
  36 0004 C4F20203 		movt	r3, 16386
  37 0008 1968     		ldr	r1, [r3]
  38              		.loc 1 204 14 is_stmt 0 view .LVU4
  39 000a 8022     		movs	r2, #128
  40 000c 5202     		lsls	r2, r2, #9
  41 000e 0A43     		orrs	r2, r1
  42 0010 1A60     		str	r2, [r3]
 200:Drivers/CMSIS/GD/GD32E23x/Source/system_gd32e23x.c ****     uint32_t stab_flag = 0U;
  43              		.loc 1 200 14 view .LVU5
  44 0012 0022     		movs	r2, #0
  45              	.LVL1:
  46              	.L3:
 205:Drivers/CMSIS/GD/GD32E23x/Source/system_gd32e23x.c **** 
 206:Drivers/CMSIS/GD/GD32E23x/Source/system_gd32e23x.c ****     /* wait until HXTAL is stable or the startup time is longer than HXTAL_STARTUP_TIMEOUT */
 207:Drivers/CMSIS/GD/GD32E23x/Source/system_gd32e23x.c ****     do{
  47              		.loc 1 207 5 is_stmt 1 view .LVU6
 208:Drivers/CMSIS/GD/GD32E23x/Source/system_gd32e23x.c ****         timeout++;
  48              		.loc 1 208 9 view .LVU7
  49              		.loc 1 208 16 is_stmt 0 view .LVU8
  50 0014 0132     		adds	r2, r2, #1
  51              	.LVL2:
 209:Drivers/CMSIS/GD/GD32E23x/Source/system_gd32e23x.c ****         stab_flag = (RCU_CTL0 & RCU_CTL0_HXTALSTB);
  52              		.loc 1 209 9 is_stmt 1 view .LVU9
  53              		.loc 1 209 22 is_stmt 0 view .LVU10
  54 0016 41F20003 		movw	r3, #4096
  55 001a C4F20203 		movt	r3, 16386
  56 001e 1B68     		ldr	r3, [r3]
  57              	.LVL3:
 210:Drivers/CMSIS/GD/GD32E23x/Source/system_gd32e23x.c ****     }
 211:Drivers/CMSIS/GD/GD32E23x/Source/system_gd32e23x.c ****     while((0U == stab_flag) && (HXTAL_STARTUP_TIMEOUT != timeout));
  58              		.loc 1 211 29 is_stmt 1 discriminator 2 view .LVU11
  59 0020 9B03     		lsls	r3, r3, #14
  60 0022 03D4     		bmi	.L2
  61              	.LVL4:
  62              		.loc 1 211 29 is_stmt 0 discriminator 1 view .LVU12
  63 0024 4FF6FF73 		movw	r3, #65535
  64 0028 9A42     		cmp	r2, r3
  65 002a F3D1     		bne	.L3
  66              	.L2:
 212:Drivers/CMSIS/GD/GD32E23x/Source/system_gd32e23x.c ****     /* if fail */
 213:Drivers/CMSIS/GD/GD32E23x/Source/system_gd32e23x.c ****     if(0U == (RCU_CTL0 & RCU_CTL0_HXTALSTB)){
  67              		.loc 1 213 5 is_stmt 1 view .LVU13
  68              		.loc 1 213 15 is_stmt 0 view .LVU14
  69 002c 41F20003 		movw	r3, #4096
  70 0030 C4F20203 		movt	r3, 16386
  71 0034 1B68     		ldr	r3, [r3]
  72              		.loc 1 213 7 view .LVU15
ARM GAS  D:\noval\Temp\ccmyHliR.s 			page 6


  73 0036 9B03     		lsls	r3, r3, #14
  74 0038 00D4     		bmi	.L4
  75              	.L5:
 214:Drivers/CMSIS/GD/GD32E23x/Source/system_gd32e23x.c ****         while(1){
  76              		.loc 1 214 9 is_stmt 1 view .LVU16
 215:Drivers/CMSIS/GD/GD32E23x/Source/system_gd32e23x.c ****         }
  77              		.loc 1 215 9 view .LVU17
 214:Drivers/CMSIS/GD/GD32E23x/Source/system_gd32e23x.c ****         while(1){
  78              		.loc 1 214 14 view .LVU18
  79 003a FEE7     		b	.L5
  80              	.L4:
 216:Drivers/CMSIS/GD/GD32E23x/Source/system_gd32e23x.c ****     }
 217:Drivers/CMSIS/GD/GD32E23x/Source/system_gd32e23x.c ****     
 218:Drivers/CMSIS/GD/GD32E23x/Source/system_gd32e23x.c ****     FMC_WS = (FMC_WS & (~FMC_WS_WSCNT)) | WS_WSCNT_2;
  81              		.loc 1 218 5 view .LVU19
  82              		.loc 1 218 15 is_stmt 0 view .LVU20
  83 003c 42F20002 		movw	r2, #8192
  84              	.LVL5:
  85              		.loc 1 218 15 view .LVU21
  86 0040 C4F20202 		movt	r2, 16386
  87 0044 1368     		ldr	r3, [r2]
  88              		.loc 1 218 22 view .LVU22
  89 0046 0721     		movs	r1, #7
  90 0048 8B43     		bics	r3, r1
  91              		.loc 1 218 41 view .LVU23
  92 004a 0539     		subs	r1, r1, #5
  93 004c 0B43     		orrs	r3, r1
  94              		.loc 1 218 12 view .LVU24
  95 004e 1360     		str	r3, [r2]
 219:Drivers/CMSIS/GD/GD32E23x/Source/system_gd32e23x.c ****     
 220:Drivers/CMSIS/GD/GD32E23x/Source/system_gd32e23x.c ****     /* HXTAL is stable */
 221:Drivers/CMSIS/GD/GD32E23x/Source/system_gd32e23x.c ****     /* AHB = SYSCLK */
 222:Drivers/CMSIS/GD/GD32E23x/Source/system_gd32e23x.c ****     RCU_CFG0 |= RCU_AHB_CKSYS_DIV1;
  96              		.loc 1 222 5 is_stmt 1 view .LVU25
  97              		.loc 1 222 14 is_stmt 0 view .LVU26
  98 0050 41F20403 		movw	r3, #4100
  99 0054 C4F20203 		movt	r3, 16386
 100 0058 1A68     		ldr	r2, [r3]
 101 005a 1A60     		str	r2, [r3]
 223:Drivers/CMSIS/GD/GD32E23x/Source/system_gd32e23x.c ****     /* APB2 = AHB */
 224:Drivers/CMSIS/GD/GD32E23x/Source/system_gd32e23x.c ****     RCU_CFG0 |= RCU_APB2_CKAHB_DIV1;
 102              		.loc 1 224 5 is_stmt 1 view .LVU27
 103              		.loc 1 224 14 is_stmt 0 view .LVU28
 104 005c 1A68     		ldr	r2, [r3]
 105 005e 1A60     		str	r2, [r3]
 225:Drivers/CMSIS/GD/GD32E23x/Source/system_gd32e23x.c ****     /* APB1 = AHB */
 226:Drivers/CMSIS/GD/GD32E23x/Source/system_gd32e23x.c ****     RCU_CFG0 |= RCU_APB1_CKAHB_DIV1;
 106              		.loc 1 226 5 is_stmt 1 view .LVU29
 107              		.loc 1 226 14 is_stmt 0 view .LVU30
 108 0060 1A68     		ldr	r2, [r3]
 109 0062 1A60     		str	r2, [r3]
 227:Drivers/CMSIS/GD/GD32E23x/Source/system_gd32e23x.c **** 
 228:Drivers/CMSIS/GD/GD32E23x/Source/system_gd32e23x.c ****     /* PLL = HXTAL * 9 = 72 MHz */
 229:Drivers/CMSIS/GD/GD32E23x/Source/system_gd32e23x.c ****     RCU_CFG0 &= ~(RCU_CFG0_PLLSEL | RCU_CFG0_PLLMF | RCU_CFG0_PLLDV);
 110              		.loc 1 229 5 is_stmt 1 view .LVU31
 111 0064 1A68     		ldr	r2, [r3]
 112              		.loc 1 229 14 is_stmt 0 view .LVU32
ARM GAS  D:\noval\Temp\ccmyHliR.s 			page 7


 113 0066 4FF6FF71 		movw	r1, #65535
 114 006a C7F2C271 		movt	r1, 30658
 115 006e 0A40     		ands	r2, r1
 116 0070 1A60     		str	r2, [r3]
 230:Drivers/CMSIS/GD/GD32E23x/Source/system_gd32e23x.c ****     RCU_CFG0 |= (RCU_PLLSRC_HXTAL | RCU_PLL_MUL9);
 117              		.loc 1 230 5 is_stmt 1 view .LVU33
 118 0072 1968     		ldr	r1, [r3]
 119              		.loc 1 230 14 is_stmt 0 view .LVU34
 120 0074 E822     		movs	r2, #232
 121 0076 5203     		lsls	r2, r2, #13
 122 0078 0A43     		orrs	r2, r1
 123 007a 1A60     		str	r2, [r3]
 231:Drivers/CMSIS/GD/GD32E23x/Source/system_gd32e23x.c **** 
 232:Drivers/CMSIS/GD/GD32E23x/Source/system_gd32e23x.c ****     /* enable PLL */
 233:Drivers/CMSIS/GD/GD32E23x/Source/system_gd32e23x.c ****     RCU_CTL0 |= RCU_CTL0_PLLEN;
 124              		.loc 1 233 5 is_stmt 1 view .LVU35
 125 007c 41F20003 		movw	r3, #4096
 126 0080 C4F20203 		movt	r3, 16386
 127 0084 1968     		ldr	r1, [r3]
 128              		.loc 1 233 14 is_stmt 0 view .LVU36
 129 0086 8022     		movs	r2, #128
 130 0088 5204     		lsls	r2, r2, #17
 131 008a 0A43     		orrs	r2, r1
 132 008c 1A60     		str	r2, [r3]
 234:Drivers/CMSIS/GD/GD32E23x/Source/system_gd32e23x.c **** 
 235:Drivers/CMSIS/GD/GD32E23x/Source/system_gd32e23x.c ****     /* wait until PLL is stable */
 236:Drivers/CMSIS/GD/GD32E23x/Source/system_gd32e23x.c ****     while(0U == (RCU_CTL0 & RCU_CTL0_PLLSTB)){
 133              		.loc 1 236 5 is_stmt 1 view .LVU37
 134              	.L6:
 237:Drivers/CMSIS/GD/GD32E23x/Source/system_gd32e23x.c ****     }
 135              		.loc 1 237 5 view .LVU38
 236:Drivers/CMSIS/GD/GD32E23x/Source/system_gd32e23x.c ****     }
 136              		.loc 1 236 14 discriminator 1 view .LVU39
 236:Drivers/CMSIS/GD/GD32E23x/Source/system_gd32e23x.c ****     }
 137              		.loc 1 236 18 is_stmt 0 discriminator 1 view .LVU40
 138 008e 41F20003 		movw	r3, #4096
 139 0092 C4F20203 		movt	r3, 16386
 140 0096 1B68     		ldr	r3, [r3]
 236:Drivers/CMSIS/GD/GD32E23x/Source/system_gd32e23x.c ****     }
 141              		.loc 1 236 14 discriminator 1 view .LVU41
 142 0098 9B01     		lsls	r3, r3, #6
 143 009a F8D5     		bpl	.L6
 238:Drivers/CMSIS/GD/GD32E23x/Source/system_gd32e23x.c **** 
 239:Drivers/CMSIS/GD/GD32E23x/Source/system_gd32e23x.c ****     /* select PLL as system clock */
 240:Drivers/CMSIS/GD/GD32E23x/Source/system_gd32e23x.c ****     RCU_CFG0 &= ~RCU_CFG0_SCS;
 144              		.loc 1 240 5 is_stmt 1 view .LVU42
 145 009c 41F20403 		movw	r3, #4100
 146 00a0 C4F20203 		movt	r3, 16386
 147 00a4 1A68     		ldr	r2, [r3]
 148              		.loc 1 240 14 is_stmt 0 view .LVU43
 149 00a6 0321     		movs	r1, #3
 150 00a8 8A43     		bics	r2, r1
 151 00aa 1A60     		str	r2, [r3]
 241:Drivers/CMSIS/GD/GD32E23x/Source/system_gd32e23x.c ****     RCU_CFG0 |= RCU_CKSYSSRC_PLL;
 152              		.loc 1 241 5 is_stmt 1 view .LVU44
 153 00ac 1A68     		ldr	r2, [r3]
 154              		.loc 1 241 14 is_stmt 0 view .LVU45
ARM GAS  D:\noval\Temp\ccmyHliR.s 			page 8


 155 00ae 0139     		subs	r1, r1, #1
 156 00b0 0A43     		orrs	r2, r1
 157 00b2 1A60     		str	r2, [r3]
 242:Drivers/CMSIS/GD/GD32E23x/Source/system_gd32e23x.c **** 
 243:Drivers/CMSIS/GD/GD32E23x/Source/system_gd32e23x.c ****     /* wait until PLL is selected as system clock */
 244:Drivers/CMSIS/GD/GD32E23x/Source/system_gd32e23x.c ****     while(RCU_SCSS_PLL != (RCU_CFG0 & RCU_CFG0_SCSS)){
 158              		.loc 1 244 5 is_stmt 1 view .LVU46
 159              	.L7:
 245:Drivers/CMSIS/GD/GD32E23x/Source/system_gd32e23x.c ****     }
 160              		.loc 1 245 5 view .LVU47
 244:Drivers/CMSIS/GD/GD32E23x/Source/system_gd32e23x.c ****     }
 161              		.loc 1 244 24 discriminator 1 view .LVU48
 244:Drivers/CMSIS/GD/GD32E23x/Source/system_gd32e23x.c ****     }
 162              		.loc 1 244 28 is_stmt 0 discriminator 1 view .LVU49
 163 00b4 41F20403 		movw	r3, #4100
 164 00b8 C4F20203 		movt	r3, 16386
 165 00bc 1A68     		ldr	r2, [r3]
 244:Drivers/CMSIS/GD/GD32E23x/Source/system_gd32e23x.c ****     }
 166              		.loc 1 244 37 discriminator 1 view .LVU50
 167 00be 0C23     		movs	r3, #12
 168 00c0 1340     		ands	r3, r2
 244:Drivers/CMSIS/GD/GD32E23x/Source/system_gd32e23x.c ****     }
 169              		.loc 1 244 24 discriminator 1 view .LVU51
 170 00c2 082B     		cmp	r3, #8
 171 00c4 F6D1     		bne	.L7
 246:Drivers/CMSIS/GD/GD32E23x/Source/system_gd32e23x.c **** }
 172              		.loc 1 246 1 view .LVU52
 173              		@ sp needed
 174 00c6 7047     		bx	lr
 175              		.cfi_endproc
 176              	.LFE62:
 178              		.section	.text.system_clock_config,"ax",%progbits
 179              		.align	1
 180              		.syntax unified
 181              		.code	16
 182              		.thumb_func
 184              	system_clock_config:
 185              	.LFB61:
 133:Drivers/CMSIS/GD/GD32E23x/Source/system_gd32e23x.c **** #ifdef __SYSTEM_CLOCK_8M_HXTAL
 186              		.loc 1 133 1 is_stmt 1 view -0
 187              		.cfi_startproc
 188              		@ args = 0, pretend = 0, frame = 0
 189              		@ frame_needed = 0, uses_anonymous_args = 0
 190 0000 10B5     		push	{r4, lr}
 191              	.LCFI0:
 192              		.cfi_def_cfa_offset 8
 193              		.cfi_offset 4, -8
 194              		.cfi_offset 14, -4
 137:Drivers/CMSIS/GD/GD32E23x/Source/system_gd32e23x.c **** #elif defined (__SYSTEM_CLOCK_72M_PLL_IRC8M_DIV2)
 195              		.loc 1 137 5 view .LVU54
 196 0002 FFF7FEFF 		bl	system_clock_72m_hxtal
 197              	.LVL6:
 145:Drivers/CMSIS/GD/GD32E23x/Source/system_gd32e23x.c **** 
 198              		.loc 1 145 1 is_stmt 0 view .LVU55
 199              		@ sp needed
 200 0006 10BD     		pop	{r4, pc}
 201              		.cfi_endproc
ARM GAS  D:\noval\Temp\ccmyHliR.s 			page 9


 202              	.LFE61:
 204              		.section	.text.SystemInit,"ax",%progbits
 205              		.align	1
 206              		.global	SystemInit
 207              		.syntax unified
 208              		.code	16
 209              		.thumb_func
 211              	SystemInit:
 212              	.LFB60:
  96:Drivers/CMSIS/GD/GD32E23x/Source/system_gd32e23x.c ****     /* enable IRC8M */
 213              		.loc 1 96 1 is_stmt 1 view -0
 214              		.cfi_startproc
 215              		@ args = 0, pretend = 0, frame = 8
 216              		@ frame_needed = 0, uses_anonymous_args = 0
 217 0000 00B5     		push	{lr}
 218              	.LCFI1:
 219              		.cfi_def_cfa_offset 4
 220              		.cfi_offset 14, -4
 221 0002 83B0     		sub	sp, sp, #12
 222              	.LCFI2:
 223              		.cfi_def_cfa_offset 16
  98:Drivers/CMSIS/GD/GD32E23x/Source/system_gd32e23x.c ****     while(0U == (RCU_CTL0 & RCU_CTL0_IRC8MSTB)){
 224              		.loc 1 98 5 view .LVU57
 225 0004 41F20003 		movw	r3, #4096
 226 0008 C4F20203 		movt	r3, 16386
 227 000c 1A68     		ldr	r2, [r3]
  98:Drivers/CMSIS/GD/GD32E23x/Source/system_gd32e23x.c ****     while(0U == (RCU_CTL0 & RCU_CTL0_IRC8MSTB)){
 228              		.loc 1 98 14 is_stmt 0 view .LVU58
 229 000e 0121     		movs	r1, #1
 230 0010 0A43     		orrs	r2, r1
 231 0012 1A60     		str	r2, [r3]
  99:Drivers/CMSIS/GD/GD32E23x/Source/system_gd32e23x.c ****     }
 232              		.loc 1 99 5 is_stmt 1 view .LVU59
 233              	.L12:
 100:Drivers/CMSIS/GD/GD32E23x/Source/system_gd32e23x.c **** 
 234              		.loc 1 100 5 view .LVU60
  99:Drivers/CMSIS/GD/GD32E23x/Source/system_gd32e23x.c ****     }
 235              		.loc 1 99 14 discriminator 1 view .LVU61
  99:Drivers/CMSIS/GD/GD32E23x/Source/system_gd32e23x.c ****     }
 236              		.loc 1 99 18 is_stmt 0 discriminator 1 view .LVU62
 237 0014 41F20003 		movw	r3, #4096
 238 0018 C4F20203 		movt	r3, 16386
 239 001c 1B68     		ldr	r3, [r3]
  99:Drivers/CMSIS/GD/GD32E23x/Source/system_gd32e23x.c ****     }
 240              		.loc 1 99 14 discriminator 1 view .LVU63
 241 001e 9B07     		lsls	r3, r3, #30
 242 0020 F8D5     		bpl	.L12
 102:Drivers/CMSIS/GD/GD32E23x/Source/system_gd32e23x.c ****     RCU_CFG0 &= ~RCU_CFG0_SCS;
 243              		.loc 1 102 5 is_stmt 1 view .LVU64
 244              	.LBB2:
 102:Drivers/CMSIS/GD/GD32E23x/Source/system_gd32e23x.c ****     RCU_CFG0 &= ~RCU_CFG0_SCS;
 245              		.loc 1 102 5 view .LVU65
 102:Drivers/CMSIS/GD/GD32E23x/Source/system_gd32e23x.c ****     RCU_CFG0 &= ~RCU_CFG0_SCS;
 246              		.loc 1 102 5 view .LVU66
 102:Drivers/CMSIS/GD/GD32E23x/Source/system_gd32e23x.c ****     RCU_CFG0 &= ~RCU_CFG0_SCS;
 247              		.loc 1 102 5 discriminator 1 view .LVU67
 248 0022 41F20403 		movw	r3, #4100
ARM GAS  D:\noval\Temp\ccmyHliR.s 			page 10


 249 0026 C4F20203 		movt	r3, 16386
 250 002a 1A68     		ldr	r2, [r3]
 251 002c 8021     		movs	r1, #128
 252 002e 0A43     		orrs	r2, r1
 253 0030 1A60     		str	r2, [r3]
 102:Drivers/CMSIS/GD/GD32E23x/Source/system_gd32e23x.c ****     RCU_CFG0 &= ~RCU_CFG0_SCS;
 254              		.loc 1 102 5 discriminator 1 view .LVU68
 255 0032 0023     		movs	r3, #0
 256 0034 0193     		str	r3, [sp, #4]
 102:Drivers/CMSIS/GD/GD32E23x/Source/system_gd32e23x.c ****     RCU_CFG0 &= ~RCU_CFG0_SCS;
 257              		.loc 1 102 5 is_stmt 0 view .LVU69
 258 0036 02E0     		b	.L13
 259              	.L14:
 102:Drivers/CMSIS/GD/GD32E23x/Source/system_gd32e23x.c ****     RCU_CFG0 &= ~RCU_CFG0_SCS;
 260              		.loc 1 102 5 is_stmt 1 discriminator 5 view .LVU70
 102:Drivers/CMSIS/GD/GD32E23x/Source/system_gd32e23x.c ****     RCU_CFG0 &= ~RCU_CFG0_SCS;
 261              		.loc 1 102 5 discriminator 5 view .LVU71
 262 0038 019B     		ldr	r3, [sp, #4]
 263 003a 0133     		adds	r3, r3, #1
 264 003c 0193     		str	r3, [sp, #4]
 265              	.L13:
 102:Drivers/CMSIS/GD/GD32E23x/Source/system_gd32e23x.c ****     RCU_CFG0 &= ~RCU_CFG0_SCS;
 266              		.loc 1 102 5 discriminator 3 view .LVU72
 267 003e 019B     		ldr	r3, [sp, #4]
 268 0040 7F2B     		cmp	r3, #127
 269 0042 F9D9     		bls	.L14
 102:Drivers/CMSIS/GD/GD32E23x/Source/system_gd32e23x.c ****     RCU_CFG0 &= ~RCU_CFG0_SCS;
 270              		.loc 1 102 5 discriminator 6 view .LVU73
 271 0044 41F20403 		movw	r3, #4100
 272 0048 C4F20203 		movt	r3, 16386
 273 004c 1A68     		ldr	r2, [r3]
 274 004e 9021     		movs	r1, #144
 275 0050 0A43     		orrs	r2, r1
 276 0052 1A60     		str	r2, [r3]
 102:Drivers/CMSIS/GD/GD32E23x/Source/system_gd32e23x.c ****     RCU_CFG0 &= ~RCU_CFG0_SCS;
 277              		.loc 1 102 5 discriminator 6 view .LVU74
 278 0054 0023     		movs	r3, #0
 279 0056 0193     		str	r3, [sp, #4]
 102:Drivers/CMSIS/GD/GD32E23x/Source/system_gd32e23x.c ****     RCU_CFG0 &= ~RCU_CFG0_SCS;
 280              		.loc 1 102 5 is_stmt 0 view .LVU75
 281 0058 02E0     		b	.L15
 282              	.L16:
 102:Drivers/CMSIS/GD/GD32E23x/Source/system_gd32e23x.c ****     RCU_CFG0 &= ~RCU_CFG0_SCS;
 283              		.loc 1 102 5 is_stmt 1 discriminator 9 view .LVU76
 102:Drivers/CMSIS/GD/GD32E23x/Source/system_gd32e23x.c ****     RCU_CFG0 &= ~RCU_CFG0_SCS;
 284              		.loc 1 102 5 discriminator 9 view .LVU77
 285 005a 019B     		ldr	r3, [sp, #4]
 286 005c 0133     		adds	r3, r3, #1
 287 005e 0193     		str	r3, [sp, #4]
 288              	.L15:
 102:Drivers/CMSIS/GD/GD32E23x/Source/system_gd32e23x.c ****     RCU_CFG0 &= ~RCU_CFG0_SCS;
 289              		.loc 1 102 5 discriminator 7 view .LVU78
 290 0060 019B     		ldr	r3, [sp, #4]
 291 0062 7F2B     		cmp	r3, #127
 292 0064 F9D9     		bls	.L16
 293              	.LBE2:
 102:Drivers/CMSIS/GD/GD32E23x/Source/system_gd32e23x.c ****     RCU_CFG0 &= ~RCU_CFG0_SCS;
ARM GAS  D:\noval\Temp\ccmyHliR.s 			page 11


 294              		.loc 1 102 5 discriminator 10 view .LVU79
 103:Drivers/CMSIS/GD/GD32E23x/Source/system_gd32e23x.c ****     RCU_CTL0 &= ~(RCU_CTL0_HXTALEN | RCU_CTL0_CKMEN | RCU_CTL0_PLLEN | RCU_CTL0_HXTALBPS);
 295              		.loc 1 103 5 view .LVU80
 296 0066 41F20403 		movw	r3, #4100
 297 006a C4F20203 		movt	r3, 16386
 298 006e 1A68     		ldr	r2, [r3]
 103:Drivers/CMSIS/GD/GD32E23x/Source/system_gd32e23x.c ****     RCU_CTL0 &= ~(RCU_CTL0_HXTALEN | RCU_CTL0_CKMEN | RCU_CTL0_PLLEN | RCU_CTL0_HXTALBPS);
 299              		.loc 1 103 14 is_stmt 0 view .LVU81
 300 0070 0321     		movs	r1, #3
 301 0072 8A43     		bics	r2, r1
 302 0074 1A60     		str	r2, [r3]
 104:Drivers/CMSIS/GD/GD32E23x/Source/system_gd32e23x.c ****     /* reset RCU */
 303              		.loc 1 104 5 is_stmt 1 view .LVU82
 304 0076 41F20002 		movw	r2, #4096
 305 007a C4F20202 		movt	r2, 16386
 306 007e 1168     		ldr	r1, [r2]
 104:Drivers/CMSIS/GD/GD32E23x/Source/system_gd32e23x.c ****     /* reset RCU */
 307              		.loc 1 104 14 is_stmt 0 view .LVU83
 308 0080 4FF6FF70 		movw	r0, #65535
 309 0084 CFF6F260 		movt	r0, 65266
 310 0088 0140     		ands	r1, r0
 311 008a 1160     		str	r1, [r2]
 106:Drivers/CMSIS/GD/GD32E23x/Source/system_gd32e23x.c ****                   RCU_CFG0_ADCPSC | RCU_CFG0_CKOUTSEL | RCU_CFG0_CKOUTDIV | RCU_CFG0_PLLDV);
 312              		.loc 1 106 5 is_stmt 1 view .LVU84
 313 008c 1A68     		ldr	r2, [r3]
 106:Drivers/CMSIS/GD/GD32E23x/Source/system_gd32e23x.c ****                   RCU_CFG0_ADCPSC | RCU_CFG0_CKOUTSEL | RCU_CFG0_CKOUTDIV | RCU_CFG0_PLLDV);
 314              		.loc 1 106 14 is_stmt 0 view .LVU85
 315 008e 0C21     		movs	r1, #12
 316 0090 C0F6FF01 		movt	r1, 2303
 317 0094 0A40     		ands	r2, r1
 318 0096 1A60     		str	r2, [r3]
 108:Drivers/CMSIS/GD/GD32E23x/Source/system_gd32e23x.c ****     RCU_CFG1 &= ~(RCU_CFG1_PREDV);
 319              		.loc 1 108 5 is_stmt 1 view .LVU86
 320 0098 1A68     		ldr	r2, [r3]
 108:Drivers/CMSIS/GD/GD32E23x/Source/system_gd32e23x.c ****     RCU_CFG1 &= ~(RCU_CFG1_PREDV);
 321              		.loc 1 108 14 is_stmt 0 view .LVU87
 322 009a 4FF6FF71 		movw	r1, #65535
 323 009e C7F2C271 		movt	r1, 30658
 324 00a2 0A40     		ands	r2, r1
 325 00a4 1A60     		str	r2, [r3]
 109:Drivers/CMSIS/GD/GD32E23x/Source/system_gd32e23x.c ****     RCU_CFG2 &= ~(RCU_CFG2_USART0SEL | RCU_CFG2_ADCSEL);
 326              		.loc 1 109 5 is_stmt 1 view .LVU88
 327 00a6 41F22C03 		movw	r3, #4140
 328 00aa C4F20203 		movt	r3, 16386
 329 00ae 1A68     		ldr	r2, [r3]
 109:Drivers/CMSIS/GD/GD32E23x/Source/system_gd32e23x.c ****     RCU_CFG2 &= ~(RCU_CFG2_USART0SEL | RCU_CFG2_ADCSEL);
 330              		.loc 1 109 14 is_stmt 0 view .LVU89
 331 00b0 0F21     		movs	r1, #15
 332 00b2 8A43     		bics	r2, r1
 333 00b4 1A60     		str	r2, [r3]
 110:Drivers/CMSIS/GD/GD32E23x/Source/system_gd32e23x.c ****     RCU_CFG2 &= ~RCU_CFG2_IRC28MDIV;
 334              		.loc 1 110 5 is_stmt 1 view .LVU90
 335 00b6 41F23003 		movw	r3, #4144
 336 00ba C4F20203 		movt	r3, 16386
 337 00be 1A68     		ldr	r2, [r3]
 110:Drivers/CMSIS/GD/GD32E23x/Source/system_gd32e23x.c ****     RCU_CFG2 &= ~RCU_CFG2_IRC28MDIV;
 338              		.loc 1 110 14 is_stmt 0 view .LVU91
ARM GAS  D:\noval\Temp\ccmyHliR.s 			page 12


 339 00c0 1049     		ldr	r1, .L18
 340 00c2 0A40     		ands	r2, r1
 341 00c4 1A60     		str	r2, [r3]
 111:Drivers/CMSIS/GD/GD32E23x/Source/system_gd32e23x.c ****     RCU_CFG2 &= ~RCU_CFG2_ADCPSC2;
 342              		.loc 1 111 5 is_stmt 1 view .LVU92
 343 00c6 1A68     		ldr	r2, [r3]
 111:Drivers/CMSIS/GD/GD32E23x/Source/system_gd32e23x.c ****     RCU_CFG2 &= ~RCU_CFG2_ADCPSC2;
 344              		.loc 1 111 14 is_stmt 0 view .LVU93
 345 00c8 0F49     		ldr	r1, .L18+4
 346 00ca 0A40     		ands	r2, r1
 347 00cc 1A60     		str	r2, [r3]
 112:Drivers/CMSIS/GD/GD32E23x/Source/system_gd32e23x.c ****     RCU_CTL1 &= ~RCU_CTL1_IRC28MEN;
 348              		.loc 1 112 5 is_stmt 1 view .LVU94
 349 00ce 1A68     		ldr	r2, [r3]
 112:Drivers/CMSIS/GD/GD32E23x/Source/system_gd32e23x.c ****     RCU_CTL1 &= ~RCU_CTL1_IRC28MEN;
 350              		.loc 1 112 14 is_stmt 0 view .LVU95
 351 00d0 5200     		lsls	r2, r2, #1
 352 00d2 5208     		lsrs	r2, r2, #1
 353 00d4 1A60     		str	r2, [r3]
 113:Drivers/CMSIS/GD/GD32E23x/Source/system_gd32e23x.c ****     RCU_INT = 0x00000000U;
 354              		.loc 1 113 5 is_stmt 1 view .LVU96
 355 00d6 41F23403 		movw	r3, #4148
 356 00da C4F20203 		movt	r3, 16386
 357 00de 1A68     		ldr	r2, [r3]
 113:Drivers/CMSIS/GD/GD32E23x/Source/system_gd32e23x.c ****     RCU_INT = 0x00000000U;
 358              		.loc 1 113 14 is_stmt 0 view .LVU97
 359 00e0 0121     		movs	r1, #1
 360 00e2 8A43     		bics	r2, r1
 361 00e4 1A60     		str	r2, [r3]
 114:Drivers/CMSIS/GD/GD32E23x/Source/system_gd32e23x.c **** 
 362              		.loc 1 114 5 is_stmt 1 view .LVU98
 114:Drivers/CMSIS/GD/GD32E23x/Source/system_gd32e23x.c **** 
 363              		.loc 1 114 13 is_stmt 0 view .LVU99
 364 00e6 41F20803 		movw	r3, #4104
 365 00ea C4F20203 		movt	r3, 16386
 366 00ee 0022     		movs	r2, #0
 367 00f0 1A60     		str	r2, [r3]
 117:Drivers/CMSIS/GD/GD32E23x/Source/system_gd32e23x.c ****     
 368              		.loc 1 117 5 is_stmt 1 view .LVU100
 369 00f2 FFF7FEFF 		bl	system_clock_config
 370              	.LVL7:
 122:Drivers/CMSIS/GD/GD32E23x/Source/system_gd32e23x.c **** #endif
 371              		.loc 1 122 5 view .LVU101
 372 00f6 8020     		movs	r0, #128
 373 00f8 0021     		movs	r1, #0
 374 00fa 0005     		lsls	r0, r0, #20
 375 00fc FFF7FEFF 		bl	nvic_vector_table_set
 376              	.LVL8:
 124:Drivers/CMSIS/GD/GD32E23x/Source/system_gd32e23x.c **** 
 377              		.loc 1 124 1 is_stmt 0 view .LVU102
 378 0100 03B0     		add	sp, sp, #12
 379              		@ sp needed
 380 0102 00BD     		pop	{pc}
 381              	.L19:
 382              		.align	2
 383              	.L18:
 384 0104 FCFEFFFF 		.word	-260
ARM GAS  D:\noval\Temp\ccmyHliR.s 			page 13


 385 0108 FFFFFEFF 		.word	-65537
 386              		.cfi_endproc
 387              	.LFE60:
 389              		.section	.text.SystemCoreClockUpdate,"ax",%progbits
 390              		.align	1
 391              		.global	SystemCoreClockUpdate
 392              		.syntax unified
 393              		.code	16
 394              		.thumb_func
 396              	SystemCoreClockUpdate:
 397              	.LFB63:
 247:Drivers/CMSIS/GD/GD32E23x/Source/system_gd32e23x.c **** 
 248:Drivers/CMSIS/GD/GD32E23x/Source/system_gd32e23x.c **** #elif defined (__SYSTEM_CLOCK_72M_PLL_IRC8M_DIV2)
 249:Drivers/CMSIS/GD/GD32E23x/Source/system_gd32e23x.c **** /*!
 250:Drivers/CMSIS/GD/GD32E23x/Source/system_gd32e23x.c ****     \brief      configure the system clock to 72M by PLL which selects IRC8M/2 as its clock source
 251:Drivers/CMSIS/GD/GD32E23x/Source/system_gd32e23x.c ****     \param[in]  none
 252:Drivers/CMSIS/GD/GD32E23x/Source/system_gd32e23x.c ****     \param[out] none
 253:Drivers/CMSIS/GD/GD32E23x/Source/system_gd32e23x.c ****     \retval     none
 254:Drivers/CMSIS/GD/GD32E23x/Source/system_gd32e23x.c **** */
 255:Drivers/CMSIS/GD/GD32E23x/Source/system_gd32e23x.c **** static void system_clock_72m_irc8m(void)
 256:Drivers/CMSIS/GD/GD32E23x/Source/system_gd32e23x.c **** {
 257:Drivers/CMSIS/GD/GD32E23x/Source/system_gd32e23x.c ****     uint32_t timeout = 0U;
 258:Drivers/CMSIS/GD/GD32E23x/Source/system_gd32e23x.c ****     uint32_t stab_flag = 0U;
 259:Drivers/CMSIS/GD/GD32E23x/Source/system_gd32e23x.c ****     
 260:Drivers/CMSIS/GD/GD32E23x/Source/system_gd32e23x.c ****     /* enable IRC8M */
 261:Drivers/CMSIS/GD/GD32E23x/Source/system_gd32e23x.c ****     RCU_CTL0 |= RCU_CTL0_IRC8MEN;
 262:Drivers/CMSIS/GD/GD32E23x/Source/system_gd32e23x.c **** 
 263:Drivers/CMSIS/GD/GD32E23x/Source/system_gd32e23x.c ****     /* wait until IRC8M is stable or the startup time is longer than IRC8M_STARTUP_TIMEOUT */
 264:Drivers/CMSIS/GD/GD32E23x/Source/system_gd32e23x.c ****     do{
 265:Drivers/CMSIS/GD/GD32E23x/Source/system_gd32e23x.c ****         timeout++;
 266:Drivers/CMSIS/GD/GD32E23x/Source/system_gd32e23x.c ****         stab_flag = (RCU_CTL0 & RCU_CTL0_IRC8MSTB);
 267:Drivers/CMSIS/GD/GD32E23x/Source/system_gd32e23x.c ****     }
 268:Drivers/CMSIS/GD/GD32E23x/Source/system_gd32e23x.c ****     while((0U == stab_flag) && (IRC8M_STARTUP_TIMEOUT != timeout));
 269:Drivers/CMSIS/GD/GD32E23x/Source/system_gd32e23x.c **** 
 270:Drivers/CMSIS/GD/GD32E23x/Source/system_gd32e23x.c ****     /* if fail */
 271:Drivers/CMSIS/GD/GD32E23x/Source/system_gd32e23x.c ****     if(0U == (RCU_CTL0 & RCU_CTL0_IRC8MSTB)){
 272:Drivers/CMSIS/GD/GD32E23x/Source/system_gd32e23x.c ****         while(1){
 273:Drivers/CMSIS/GD/GD32E23x/Source/system_gd32e23x.c ****         }
 274:Drivers/CMSIS/GD/GD32E23x/Source/system_gd32e23x.c ****     }
 275:Drivers/CMSIS/GD/GD32E23x/Source/system_gd32e23x.c **** 
 276:Drivers/CMSIS/GD/GD32E23x/Source/system_gd32e23x.c ****     FMC_WS = (FMC_WS & (~FMC_WS_WSCNT)) | WS_WSCNT_2;
 277:Drivers/CMSIS/GD/GD32E23x/Source/system_gd32e23x.c ****     
 278:Drivers/CMSIS/GD/GD32E23x/Source/system_gd32e23x.c ****     /* AHB = SYSCLK */
 279:Drivers/CMSIS/GD/GD32E23x/Source/system_gd32e23x.c ****     RCU_CFG0 |= RCU_AHB_CKSYS_DIV1;
 280:Drivers/CMSIS/GD/GD32E23x/Source/system_gd32e23x.c ****     /* APB2 = AHB */
 281:Drivers/CMSIS/GD/GD32E23x/Source/system_gd32e23x.c ****     RCU_CFG0 |= RCU_APB2_CKAHB_DIV1;
 282:Drivers/CMSIS/GD/GD32E23x/Source/system_gd32e23x.c ****     /* APB1 = AHB */
 283:Drivers/CMSIS/GD/GD32E23x/Source/system_gd32e23x.c ****     RCU_CFG0 |= RCU_APB1_CKAHB_DIV1;
 284:Drivers/CMSIS/GD/GD32E23x/Source/system_gd32e23x.c ****     /* PLL = (IRC8M/2) * 18 = 72 MHz */
 285:Drivers/CMSIS/GD/GD32E23x/Source/system_gd32e23x.c ****     RCU_CFG0 &= ~(RCU_CFG0_PLLSEL | RCU_CFG0_PLLMF);
 286:Drivers/CMSIS/GD/GD32E23x/Source/system_gd32e23x.c ****     RCU_CFG0 |= (RCU_PLLSRC_IRC8M_DIV2 | RCU_PLL_MUL18);
 287:Drivers/CMSIS/GD/GD32E23x/Source/system_gd32e23x.c ****     
 288:Drivers/CMSIS/GD/GD32E23x/Source/system_gd32e23x.c ****     /* enable PLL */
 289:Drivers/CMSIS/GD/GD32E23x/Source/system_gd32e23x.c ****     RCU_CTL0 |= RCU_CTL0_PLLEN;
 290:Drivers/CMSIS/GD/GD32E23x/Source/system_gd32e23x.c **** 
 291:Drivers/CMSIS/GD/GD32E23x/Source/system_gd32e23x.c ****     /* wait until PLL is stable */
 292:Drivers/CMSIS/GD/GD32E23x/Source/system_gd32e23x.c ****     while(0U == (RCU_CTL0 & RCU_CTL0_PLLSTB)){
ARM GAS  D:\noval\Temp\ccmyHliR.s 			page 14


 293:Drivers/CMSIS/GD/GD32E23x/Source/system_gd32e23x.c ****     }
 294:Drivers/CMSIS/GD/GD32E23x/Source/system_gd32e23x.c **** 
 295:Drivers/CMSIS/GD/GD32E23x/Source/system_gd32e23x.c ****     /* select PLL as system clock */
 296:Drivers/CMSIS/GD/GD32E23x/Source/system_gd32e23x.c ****     RCU_CFG0 &= ~RCU_CFG0_SCS;
 297:Drivers/CMSIS/GD/GD32E23x/Source/system_gd32e23x.c ****     RCU_CFG0 |= RCU_CKSYSSRC_PLL;
 298:Drivers/CMSIS/GD/GD32E23x/Source/system_gd32e23x.c **** 
 299:Drivers/CMSIS/GD/GD32E23x/Source/system_gd32e23x.c ****     /* wait until PLL is selected as system clock */
 300:Drivers/CMSIS/GD/GD32E23x/Source/system_gd32e23x.c ****     while(RCU_SCSS_PLL != (RCU_CFG0 & RCU_CFG0_SCSS)){
 301:Drivers/CMSIS/GD/GD32E23x/Source/system_gd32e23x.c ****     }
 302:Drivers/CMSIS/GD/GD32E23x/Source/system_gd32e23x.c **** }
 303:Drivers/CMSIS/GD/GD32E23x/Source/system_gd32e23x.c **** 
 304:Drivers/CMSIS/GD/GD32E23x/Source/system_gd32e23x.c **** #else
 305:Drivers/CMSIS/GD/GD32E23x/Source/system_gd32e23x.c **** /*!
 306:Drivers/CMSIS/GD/GD32E23x/Source/system_gd32e23x.c ****     \brief      configure the system clock to 8M by IRC8M
 307:Drivers/CMSIS/GD/GD32E23x/Source/system_gd32e23x.c ****     \param[in]  none
 308:Drivers/CMSIS/GD/GD32E23x/Source/system_gd32e23x.c ****     \param[out] none
 309:Drivers/CMSIS/GD/GD32E23x/Source/system_gd32e23x.c ****     \retval     none
 310:Drivers/CMSIS/GD/GD32E23x/Source/system_gd32e23x.c **** */
 311:Drivers/CMSIS/GD/GD32E23x/Source/system_gd32e23x.c **** static void system_clock_8m_irc8m(void)
 312:Drivers/CMSIS/GD/GD32E23x/Source/system_gd32e23x.c **** {
 313:Drivers/CMSIS/GD/GD32E23x/Source/system_gd32e23x.c ****     /* AHB = SYSCLK */
 314:Drivers/CMSIS/GD/GD32E23x/Source/system_gd32e23x.c ****     RCU_CFG0 |= RCU_AHB_CKSYS_DIV1;
 315:Drivers/CMSIS/GD/GD32E23x/Source/system_gd32e23x.c ****     /* APB2 = AHB */
 316:Drivers/CMSIS/GD/GD32E23x/Source/system_gd32e23x.c ****     RCU_CFG0 |= RCU_APB2_CKAHB_DIV1;
 317:Drivers/CMSIS/GD/GD32E23x/Source/system_gd32e23x.c ****     /* APB1 = AHB */
 318:Drivers/CMSIS/GD/GD32E23x/Source/system_gd32e23x.c ****     RCU_CFG0 |= RCU_APB1_CKAHB_DIV1;
 319:Drivers/CMSIS/GD/GD32E23x/Source/system_gd32e23x.c ****     
 320:Drivers/CMSIS/GD/GD32E23x/Source/system_gd32e23x.c ****     /* select IRC8M as system clock */
 321:Drivers/CMSIS/GD/GD32E23x/Source/system_gd32e23x.c ****     RCU_CFG0 &= ~RCU_CFG0_SCS;
 322:Drivers/CMSIS/GD/GD32E23x/Source/system_gd32e23x.c ****     RCU_CFG0 |= RCU_CKSYSSRC_IRC8M;
 323:Drivers/CMSIS/GD/GD32E23x/Source/system_gd32e23x.c ****     
 324:Drivers/CMSIS/GD/GD32E23x/Source/system_gd32e23x.c ****     /* wait until IRC8M is selected as system clock */
 325:Drivers/CMSIS/GD/GD32E23x/Source/system_gd32e23x.c ****     while(RCU_SCSS_IRC8M != (RCU_CFG0 & RCU_CFG0_SCSS)){
 326:Drivers/CMSIS/GD/GD32E23x/Source/system_gd32e23x.c ****     }
 327:Drivers/CMSIS/GD/GD32E23x/Source/system_gd32e23x.c **** }
 328:Drivers/CMSIS/GD/GD32E23x/Source/system_gd32e23x.c **** #endif /* __SYSTEM_CLOCK_8M_HXTAL */
 329:Drivers/CMSIS/GD/GD32E23x/Source/system_gd32e23x.c **** 
 330:Drivers/CMSIS/GD/GD32E23x/Source/system_gd32e23x.c **** /*!
 331:Drivers/CMSIS/GD/GD32E23x/Source/system_gd32e23x.c ****     \brief      update the SystemCoreClock with current core clock retrieved from cpu registers
 332:Drivers/CMSIS/GD/GD32E23x/Source/system_gd32e23x.c ****     \param[in]  none
 333:Drivers/CMSIS/GD/GD32E23x/Source/system_gd32e23x.c ****     \param[out] none
 334:Drivers/CMSIS/GD/GD32E23x/Source/system_gd32e23x.c ****     \retval     none
 335:Drivers/CMSIS/GD/GD32E23x/Source/system_gd32e23x.c **** */
 336:Drivers/CMSIS/GD/GD32E23x/Source/system_gd32e23x.c **** void SystemCoreClockUpdate (void)
 337:Drivers/CMSIS/GD/GD32E23x/Source/system_gd32e23x.c **** {
 398              		.loc 1 337 1 is_stmt 1 view -0
 399              		.cfi_startproc
 400              		@ args = 0, pretend = 0, frame = 16
 401              		@ frame_needed = 0, uses_anonymous_args = 0
 402 0000 30B5     		push	{r4, r5, lr}
 403              	.LCFI3:
 404              		.cfi_def_cfa_offset 12
 405              		.cfi_offset 4, -12
 406              		.cfi_offset 5, -8
 407              		.cfi_offset 14, -4
 408 0002 85B0     		sub	sp, sp, #20
 409              	.LCFI4:
ARM GAS  D:\noval\Temp\ccmyHliR.s 			page 15


 410              		.cfi_def_cfa_offset 32
 338:Drivers/CMSIS/GD/GD32E23x/Source/system_gd32e23x.c ****     uint32_t sws = 0U;
 411              		.loc 1 338 5 view .LVU104
 412              	.LVL9:
 339:Drivers/CMSIS/GD/GD32E23x/Source/system_gd32e23x.c ****     uint32_t pllmf = 0U, pllmf4 = 0U, pllsel = 0U, prediv = 0U, idx = 0U, clk_exp = 0U;
 413              		.loc 1 339 5 view .LVU105
 340:Drivers/CMSIS/GD/GD32E23x/Source/system_gd32e23x.c ****     /* exponent of AHB clock divider */
 341:Drivers/CMSIS/GD/GD32E23x/Source/system_gd32e23x.c ****     const uint8_t ahb_exp[16] = {0, 0, 0, 0, 0, 0, 0, 0, 1, 2, 3, 4, 6, 7, 8, 9};
 414              		.loc 1 341 5 view .LVU106
 415              		.loc 1 341 19 is_stmt 0 view .LVU107
 416 0004 6A46     		mov	r2, sp
 417 0006 40F20003 		movw	r3, #:lower16:.LANCHOR0
 418 000a C0F20003 		movt	r3, #:upper16:.LANCHOR0
 419 000e 1800     		movs	r0, r3
 420 0010 38C8     		ldmia	r0!, {r3, r4, r5}
 421 0012 38C2     		stmia	r2!, {r3, r4, r5}
 422 0014 0368     		ldr	r3, [r0]
 423 0016 1360     		str	r3, [r2]
 342:Drivers/CMSIS/GD/GD32E23x/Source/system_gd32e23x.c **** 
 343:Drivers/CMSIS/GD/GD32E23x/Source/system_gd32e23x.c ****     sws = GET_BITS(RCU_CFG0, 2, 3);
 424              		.loc 1 343 5 is_stmt 1 view .LVU108
 425              		.loc 1 343 11 is_stmt 0 view .LVU109
 426 0018 41F20403 		movw	r3, #4100
 427 001c C4F20203 		movt	r3, 16386
 428 0020 1A68     		ldr	r2, [r3]
 429 0022 9208     		lsrs	r2, r2, #2
 430              		.loc 1 343 9 view .LVU110
 431 0024 0323     		movs	r3, #3
 432 0026 1340     		ands	r3, r2
 433              	.LVL10:
 344:Drivers/CMSIS/GD/GD32E23x/Source/system_gd32e23x.c ****     switch(sws){
 434              		.loc 1 344 5 is_stmt 1 view .LVU111
 435 0028 012B     		cmp	r3, #1
 436 002a 1FD0     		beq	.L21
 437 002c 022B     		cmp	r3, #2
 438 002e 27D0     		beq	.L22
 439 0030 002B     		cmp	r3, #0
 440 0032 60D1     		bne	.L23
 345:Drivers/CMSIS/GD/GD32E23x/Source/system_gd32e23x.c ****     /* IRC8M is selected as CK_SYS */
 346:Drivers/CMSIS/GD/GD32E23x/Source/system_gd32e23x.c ****     case SEL_IRC8M:
 347:Drivers/CMSIS/GD/GD32E23x/Source/system_gd32e23x.c ****         SystemCoreClock = IRC8M_VALUE;
 441              		.loc 1 347 9 view .LVU112
 442              		.loc 1 347 25 is_stmt 0 view .LVU113
 443 0034 40F20003 		movw	r3, #:lower16:SystemCoreClock
 444              	.LVL11:
 445              		.loc 1 347 25 view .LVU114
 446 0038 C0F20003 		movt	r3, #:upper16:SystemCoreClock
 447 003c 41F20022 		movw	r2, #4608
 448              	.LVL12:
 449              		.loc 1 347 25 view .LVU115
 450 0040 C0F27A02 		movt	r2, 122
 451 0044 1A60     		str	r2, [r3]
 348:Drivers/CMSIS/GD/GD32E23x/Source/system_gd32e23x.c ****         break;
 452              		.loc 1 348 9 is_stmt 1 view .LVU116
 453              	.LVL13:
 454              	.L24:
 349:Drivers/CMSIS/GD/GD32E23x/Source/system_gd32e23x.c ****     /* HXTAL is selected as CK_SYS */
ARM GAS  D:\noval\Temp\ccmyHliR.s 			page 16


 350:Drivers/CMSIS/GD/GD32E23x/Source/system_gd32e23x.c ****     case SEL_HXTAL:
 351:Drivers/CMSIS/GD/GD32E23x/Source/system_gd32e23x.c ****         SystemCoreClock = HXTAL_VALUE;
 352:Drivers/CMSIS/GD/GD32E23x/Source/system_gd32e23x.c ****         break;
 353:Drivers/CMSIS/GD/GD32E23x/Source/system_gd32e23x.c ****     /* PLL is selected as CK_SYS */
 354:Drivers/CMSIS/GD/GD32E23x/Source/system_gd32e23x.c ****     case SEL_PLL:
 355:Drivers/CMSIS/GD/GD32E23x/Source/system_gd32e23x.c ****         /* get the value of PLLMF[3:0] */
 356:Drivers/CMSIS/GD/GD32E23x/Source/system_gd32e23x.c ****         pllmf = GET_BITS(RCU_CFG0, 18, 21);
 357:Drivers/CMSIS/GD/GD32E23x/Source/system_gd32e23x.c ****         pllmf4 = GET_BITS(RCU_CFG0, 27, 27);
 358:Drivers/CMSIS/GD/GD32E23x/Source/system_gd32e23x.c ****         /* high 16 bits */
 359:Drivers/CMSIS/GD/GD32E23x/Source/system_gd32e23x.c ****         if(1U == pllmf4){
 360:Drivers/CMSIS/GD/GD32E23x/Source/system_gd32e23x.c ****             pllmf += 17U;
 361:Drivers/CMSIS/GD/GD32E23x/Source/system_gd32e23x.c ****         }else if(15U == pllmf){
 362:Drivers/CMSIS/GD/GD32E23x/Source/system_gd32e23x.c ****             pllmf = 16U;
 363:Drivers/CMSIS/GD/GD32E23x/Source/system_gd32e23x.c ****         }else{
 364:Drivers/CMSIS/GD/GD32E23x/Source/system_gd32e23x.c ****             pllmf += 2U;
 365:Drivers/CMSIS/GD/GD32E23x/Source/system_gd32e23x.c ****         }
 366:Drivers/CMSIS/GD/GD32E23x/Source/system_gd32e23x.c ****         
 367:Drivers/CMSIS/GD/GD32E23x/Source/system_gd32e23x.c ****         /* PLL clock source selection, HXTAL or IRC8M/2 */
 368:Drivers/CMSIS/GD/GD32E23x/Source/system_gd32e23x.c ****         pllsel = GET_BITS(RCU_CFG0, 16, 16);
 369:Drivers/CMSIS/GD/GD32E23x/Source/system_gd32e23x.c ****         if(0U != pllsel){
 370:Drivers/CMSIS/GD/GD32E23x/Source/system_gd32e23x.c ****             prediv = (GET_BITS(RCU_CFG1, 0, 3) + 1U);
 371:Drivers/CMSIS/GD/GD32E23x/Source/system_gd32e23x.c ****             SystemCoreClock = (HXTAL_VALUE / prediv) * pllmf;
 372:Drivers/CMSIS/GD/GD32E23x/Source/system_gd32e23x.c ****         }else{
 373:Drivers/CMSIS/GD/GD32E23x/Source/system_gd32e23x.c ****             SystemCoreClock = (IRC8M_VALUE >> 1) * pllmf;
 374:Drivers/CMSIS/GD/GD32E23x/Source/system_gd32e23x.c ****         }
 375:Drivers/CMSIS/GD/GD32E23x/Source/system_gd32e23x.c ****         break;
 376:Drivers/CMSIS/GD/GD32E23x/Source/system_gd32e23x.c ****     /* IRC8M is selected as CK_SYS */
 377:Drivers/CMSIS/GD/GD32E23x/Source/system_gd32e23x.c ****     default:
 378:Drivers/CMSIS/GD/GD32E23x/Source/system_gd32e23x.c ****         SystemCoreClock = IRC8M_VALUE;
 379:Drivers/CMSIS/GD/GD32E23x/Source/system_gd32e23x.c ****         break;
 380:Drivers/CMSIS/GD/GD32E23x/Source/system_gd32e23x.c ****     }
 381:Drivers/CMSIS/GD/GD32E23x/Source/system_gd32e23x.c ****     /* calculate AHB clock frequency */
 382:Drivers/CMSIS/GD/GD32E23x/Source/system_gd32e23x.c ****     idx = GET_BITS(RCU_CFG0, 4, 7);
 455              		.loc 1 382 5 view .LVU117
 456              		.loc 1 382 11 is_stmt 0 view .LVU118
 457 0046 41F20403 		movw	r3, #4100
 458 004a C4F20203 		movt	r3, 16386
 459 004e 1A68     		ldr	r2, [r3]
 460 0050 1209     		lsrs	r2, r2, #4
 461              		.loc 1 382 9 view .LVU119
 462 0052 0F23     		movs	r3, #15
 463 0054 1340     		ands	r3, r2
 464              	.LVL14:
 383:Drivers/CMSIS/GD/GD32E23x/Source/system_gd32e23x.c ****     clk_exp = ahb_exp[idx];
 465              		.loc 1 383 5 is_stmt 1 view .LVU120
 466              		.loc 1 383 22 is_stmt 0 view .LVU121
 467 0056 6A46     		mov	r2, sp
 468 0058 D15C     		ldrb	r1, [r2, r3]
 469              	.LVL15:
 384:Drivers/CMSIS/GD/GD32E23x/Source/system_gd32e23x.c ****     SystemCoreClock >>= clk_exp;
 470              		.loc 1 384 5 is_stmt 1 view .LVU122
 471              		.loc 1 384 21 is_stmt 0 view .LVU123
 472 005a 40F20003 		movw	r3, #:lower16:SystemCoreClock
 473              	.LVL16:
 474              		.loc 1 384 21 view .LVU124
 475 005e C0F20003 		movt	r3, #:upper16:SystemCoreClock
 476 0062 1A68     		ldr	r2, [r3]
ARM GAS  D:\noval\Temp\ccmyHliR.s 			page 17


 477 0064 CA40     		lsrs	r2, r2, r1
 478 0066 1A60     		str	r2, [r3]
 385:Drivers/CMSIS/GD/GD32E23x/Source/system_gd32e23x.c **** }
 479              		.loc 1 385 1 view .LVU125
 480 0068 05B0     		add	sp, sp, #20
 481              		@ sp needed
 482 006a 30BD     		pop	{r4, r5, pc}
 483              	.LVL17:
 484              	.L21:
 351:Drivers/CMSIS/GD/GD32E23x/Source/system_gd32e23x.c ****         break;
 485              		.loc 1 351 9 is_stmt 1 view .LVU126
 351:Drivers/CMSIS/GD/GD32E23x/Source/system_gd32e23x.c ****         break;
 486              		.loc 1 351 25 is_stmt 0 view .LVU127
 487 006c 40F20003 		movw	r3, #:lower16:SystemCoreClock
 488              	.LVL18:
 351:Drivers/CMSIS/GD/GD32E23x/Source/system_gd32e23x.c ****         break;
 489              		.loc 1 351 25 view .LVU128
 490 0070 C0F20003 		movt	r3, #:upper16:SystemCoreClock
 491 0074 41F20022 		movw	r2, #4608
 492              	.LVL19:
 351:Drivers/CMSIS/GD/GD32E23x/Source/system_gd32e23x.c ****         break;
 493              		.loc 1 351 25 view .LVU129
 494 0078 C0F27A02 		movt	r2, 122
 495 007c 1A60     		str	r2, [r3]
 352:Drivers/CMSIS/GD/GD32E23x/Source/system_gd32e23x.c ****     /* PLL is selected as CK_SYS */
 496              		.loc 1 352 9 is_stmt 1 view .LVU130
 497 007e E2E7     		b	.L24
 498              	.LVL20:
 499              	.L22:
 356:Drivers/CMSIS/GD/GD32E23x/Source/system_gd32e23x.c ****         pllmf4 = GET_BITS(RCU_CFG0, 27, 27);
 500              		.loc 1 356 9 view .LVU131
 356:Drivers/CMSIS/GD/GD32E23x/Source/system_gd32e23x.c ****         pllmf4 = GET_BITS(RCU_CFG0, 27, 27);
 501              		.loc 1 356 17 is_stmt 0 view .LVU132
 502 0080 41F20402 		movw	r2, #4100
 503 0084 C4F20202 		movt	r2, 16386
 504 0088 1168     		ldr	r1, [r2]
 505 008a 890C     		lsrs	r1, r1, #18
 356:Drivers/CMSIS/GD/GD32E23x/Source/system_gd32e23x.c ****         pllmf4 = GET_BITS(RCU_CFG0, 27, 27);
 506              		.loc 1 356 15 view .LVU133
 507 008c 0F23     		movs	r3, #15
 508              	.LVL21:
 356:Drivers/CMSIS/GD/GD32E23x/Source/system_gd32e23x.c ****         pllmf4 = GET_BITS(RCU_CFG0, 27, 27);
 509              		.loc 1 356 15 view .LVU134
 510 008e 0B40     		ands	r3, r1
 511              	.LVL22:
 357:Drivers/CMSIS/GD/GD32E23x/Source/system_gd32e23x.c ****         /* high 16 bits */
 512              		.loc 1 357 9 is_stmt 1 view .LVU135
 357:Drivers/CMSIS/GD/GD32E23x/Source/system_gd32e23x.c ****         /* high 16 bits */
 513              		.loc 1 357 18 is_stmt 0 view .LVU136
 514 0090 1268     		ldr	r2, [r2]
 515              	.LVL23:
 359:Drivers/CMSIS/GD/GD32E23x/Source/system_gd32e23x.c ****             pllmf += 17U;
 516              		.loc 1 359 9 is_stmt 1 view .LVU137
 359:Drivers/CMSIS/GD/GD32E23x/Source/system_gd32e23x.c ****             pllmf += 17U;
 517              		.loc 1 359 11 is_stmt 0 view .LVU138
 518 0092 1201     		lsls	r2, r2, #4
 519 0094 1CD5     		bpl	.L25
ARM GAS  D:\noval\Temp\ccmyHliR.s 			page 18


 520              	.LVL24:
 360:Drivers/CMSIS/GD/GD32E23x/Source/system_gd32e23x.c ****         }else if(15U == pllmf){
 521              		.loc 1 360 13 is_stmt 1 view .LVU139
 360:Drivers/CMSIS/GD/GD32E23x/Source/system_gd32e23x.c ****         }else if(15U == pllmf){
 522              		.loc 1 360 19 is_stmt 0 view .LVU140
 523 0096 1133     		adds	r3, r3, #17
 524              	.LVL25:
 525              	.L26:
 368:Drivers/CMSIS/GD/GD32E23x/Source/system_gd32e23x.c ****         if(0U != pllsel){
 526              		.loc 1 368 9 is_stmt 1 view .LVU141
 368:Drivers/CMSIS/GD/GD32E23x/Source/system_gd32e23x.c ****         if(0U != pllsel){
 527              		.loc 1 368 18 is_stmt 0 view .LVU142
 528 0098 41F20402 		movw	r2, #4100
 529 009c C4F20202 		movt	r2, 16386
 530 00a0 1268     		ldr	r2, [r2]
 531              	.LVL26:
 369:Drivers/CMSIS/GD/GD32E23x/Source/system_gd32e23x.c ****             prediv = (GET_BITS(RCU_CFG1, 0, 3) + 1U);
 532              		.loc 1 369 9 is_stmt 1 view .LVU143
 369:Drivers/CMSIS/GD/GD32E23x/Source/system_gd32e23x.c ****             prediv = (GET_BITS(RCU_CFG1, 0, 3) + 1U);
 533              		.loc 1 369 11 is_stmt 0 view .LVU144
 534 00a2 D203     		lsls	r2, r2, #15
 535 00a4 1AD5     		bpl	.L27
 536              	.LVL27:
 370:Drivers/CMSIS/GD/GD32E23x/Source/system_gd32e23x.c ****             SystemCoreClock = (HXTAL_VALUE / prediv) * pllmf;
 537              		.loc 1 370 13 is_stmt 1 view .LVU145
 370:Drivers/CMSIS/GD/GD32E23x/Source/system_gd32e23x.c ****             SystemCoreClock = (HXTAL_VALUE / prediv) * pllmf;
 538              		.loc 1 370 23 is_stmt 0 view .LVU146
 539 00a6 41F22C02 		movw	r2, #4140
 540 00aa C4F20202 		movt	r2, 16386
 541 00ae 1268     		ldr	r2, [r2]
 542 00b0 0F21     		movs	r1, #15
 543 00b2 1140     		ands	r1, r2
 370:Drivers/CMSIS/GD/GD32E23x/Source/system_gd32e23x.c ****             SystemCoreClock = (HXTAL_VALUE / prediv) * pllmf;
 544              		.loc 1 370 20 view .LVU147
 545 00b4 0131     		adds	r1, r1, #1
 546              	.LVL28:
 371:Drivers/CMSIS/GD/GD32E23x/Source/system_gd32e23x.c ****         }else{
 547              		.loc 1 371 13 is_stmt 1 view .LVU148
 371:Drivers/CMSIS/GD/GD32E23x/Source/system_gd32e23x.c ****         }else{
 548              		.loc 1 371 44 is_stmt 0 view .LVU149
 549 00b6 41F20022 		movw	r2, #4608
 550 00ba C0F27A02 		movt	r2, 122
 551 00be B2FBF1F2 		udiv	r2, r2, r1
 371:Drivers/CMSIS/GD/GD32E23x/Source/system_gd32e23x.c ****         }else{
 552              		.loc 1 371 54 view .LVU150
 553 00c2 5A43     		muls	r2, r3
 371:Drivers/CMSIS/GD/GD32E23x/Source/system_gd32e23x.c ****         }else{
 554              		.loc 1 371 29 view .LVU151
 555 00c4 40F20003 		movw	r3, #:lower16:SystemCoreClock
 556              	.LVL29:
 371:Drivers/CMSIS/GD/GD32E23x/Source/system_gd32e23x.c ****         }else{
 557              		.loc 1 371 29 view .LVU152
 558 00c8 C0F20003 		movt	r3, #:upper16:SystemCoreClock
 559 00cc 1A60     		str	r2, [r3]
 560 00ce BAE7     		b	.L24
 561              	.LVL30:
 562              	.L25:
ARM GAS  D:\noval\Temp\ccmyHliR.s 			page 19


 361:Drivers/CMSIS/GD/GD32E23x/Source/system_gd32e23x.c ****             pllmf = 16U;
 563              		.loc 1 361 15 is_stmt 1 view .LVU153
 361:Drivers/CMSIS/GD/GD32E23x/Source/system_gd32e23x.c ****             pllmf = 16U;
 564              		.loc 1 361 17 is_stmt 0 view .LVU154
 565 00d0 0F2B     		cmp	r3, #15
 566 00d2 01D0     		beq	.L28
 364:Drivers/CMSIS/GD/GD32E23x/Source/system_gd32e23x.c ****         }
 567              		.loc 1 364 13 is_stmt 1 view .LVU155
 364:Drivers/CMSIS/GD/GD32E23x/Source/system_gd32e23x.c ****         }
 568              		.loc 1 364 19 is_stmt 0 view .LVU156
 569 00d4 0233     		adds	r3, r3, #2
 570              	.LVL31:
 364:Drivers/CMSIS/GD/GD32E23x/Source/system_gd32e23x.c ****         }
 571              		.loc 1 364 19 view .LVU157
 572 00d6 DFE7     		b	.L26
 573              	.L28:
 362:Drivers/CMSIS/GD/GD32E23x/Source/system_gd32e23x.c ****         }else{
 574              		.loc 1 362 19 view .LVU158
 575 00d8 1023     		movs	r3, #16
 576              	.LVL32:
 362:Drivers/CMSIS/GD/GD32E23x/Source/system_gd32e23x.c ****         }else{
 577              		.loc 1 362 19 view .LVU159
 578 00da DDE7     		b	.L26
 579              	.LVL33:
 580              	.L27:
 373:Drivers/CMSIS/GD/GD32E23x/Source/system_gd32e23x.c ****         }
 581              		.loc 1 373 13 is_stmt 1 view .LVU160
 373:Drivers/CMSIS/GD/GD32E23x/Source/system_gd32e23x.c ****         }
 582              		.loc 1 373 50 is_stmt 0 view .LVU161
 583 00dc 5901     		lsls	r1, r3, #5
 584 00de C91A     		subs	r1, r1, r3
 585 00e0 8A01     		lsls	r2, r1, #6
 586 00e2 521A     		subs	r2, r2, r1
 587 00e4 D200     		lsls	r2, r2, #3
 588 00e6 D318     		adds	r3, r2, r3
 589              	.LVL34:
 373:Drivers/CMSIS/GD/GD32E23x/Source/system_gd32e23x.c ****         }
 590              		.loc 1 373 50 view .LVU162
 591 00e8 1A02     		lsls	r2, r3, #8
 373:Drivers/CMSIS/GD/GD32E23x/Source/system_gd32e23x.c ****         }
 592              		.loc 1 373 29 view .LVU163
 593 00ea 40F20003 		movw	r3, #:lower16:SystemCoreClock
 594 00ee C0F20003 		movt	r3, #:upper16:SystemCoreClock
 595 00f2 1A60     		str	r2, [r3]
 596 00f4 A7E7     		b	.L24
 597              	.LVL35:
 598              	.L23:
 378:Drivers/CMSIS/GD/GD32E23x/Source/system_gd32e23x.c ****         break;
 599              		.loc 1 378 9 is_stmt 1 view .LVU164
 378:Drivers/CMSIS/GD/GD32E23x/Source/system_gd32e23x.c ****         break;
 600              		.loc 1 378 25 is_stmt 0 view .LVU165
 601 00f6 40F20003 		movw	r3, #:lower16:SystemCoreClock
 602              	.LVL36:
 378:Drivers/CMSIS/GD/GD32E23x/Source/system_gd32e23x.c ****         break;
 603              		.loc 1 378 25 view .LVU166
 604 00fa C0F20003 		movt	r3, #:upper16:SystemCoreClock
 605 00fe 41F20022 		movw	r2, #4608
ARM GAS  D:\noval\Temp\ccmyHliR.s 			page 20


 606              	.LVL37:
 378:Drivers/CMSIS/GD/GD32E23x/Source/system_gd32e23x.c ****         break;
 607              		.loc 1 378 25 view .LVU167
 608 0102 C0F27A02 		movt	r2, 122
 609 0106 1A60     		str	r2, [r3]
 379:Drivers/CMSIS/GD/GD32E23x/Source/system_gd32e23x.c ****     }
 610              		.loc 1 379 9 is_stmt 1 view .LVU168
 611 0108 9DE7     		b	.L24
 612              		.cfi_endproc
 613              	.LFE63:
 615              		.global	SystemCoreClock
 616              		.section	.data.SystemCoreClock,"aw"
 617              		.align	2
 620              	SystemCoreClock:
 621 0000 00A24A04 		.word	72000000
 622              		.section	.rodata
 623              		.align	2
 624              		.set	.LANCHOR0,. + 0
 625              	.LC0:
 626 0000 00000000 		.ascii	"\000\000\000\000\000\000\000\000\001\002\003\004\006"
 626      00000000 
 626      01020304 
 626      06
 627 000d 070809   		.ascii	"\007\010\011"
 628              		.text
 629              	.Letext0:
 630              		.file 2 "D:/AppData/arm-gnu-toolchain-13.3.rel1-mingw-w64-i686-arm-none-eabi/arm-none-eabi/include
 631              		.file 3 "D:/AppData/arm-gnu-toolchain-13.3.rel1-mingw-w64-i686-arm-none-eabi/arm-none-eabi/include
 632              		.file 4 "Drivers/CMSIS/GD/GD32E23x/Include/system_gd32e23x.h"
 633              		.file 5 "Drivers/GD32E23x/Include/gd32e23x_dbg.h"
 634              		.file 6 "Drivers/GD32E23x/Include/gd32e23x_rcu.h"
 635              		.file 7 "Drivers/GD32E23x/Include/gd32e23x_misc.h"
ARM GAS  D:\noval\Temp\ccmyHliR.s 			page 21


DEFINED SYMBOLS
                            *ABS*:00000000 system_gd32e23x.c
D:\noval\Temp\ccmyHliR.s:19     .text.system_clock_72m_hxtal:00000000 $t
D:\noval\Temp\ccmyHliR.s:24     .text.system_clock_72m_hxtal:00000000 system_clock_72m_hxtal
D:\noval\Temp\ccmyHliR.s:179    .text.system_clock_config:00000000 $t
D:\noval\Temp\ccmyHliR.s:184    .text.system_clock_config:00000000 system_clock_config
D:\noval\Temp\ccmyHliR.s:205    .text.SystemInit:00000000 $t
D:\noval\Temp\ccmyHliR.s:211    .text.SystemInit:00000000 SystemInit
D:\noval\Temp\ccmyHliR.s:384    .text.SystemInit:00000104 $d
D:\noval\Temp\ccmyHliR.s:390    .text.SystemCoreClockUpdate:00000000 $t
D:\noval\Temp\ccmyHliR.s:396    .text.SystemCoreClockUpdate:00000000 SystemCoreClockUpdate
D:\noval\Temp\ccmyHliR.s:624    .rodata:00000000 .LANCHOR0
D:\noval\Temp\ccmyHliR.s:620    .data.SystemCoreClock:00000000 SystemCoreClock
D:\noval\Temp\ccmyHliR.s:617    .data.SystemCoreClock:00000000 $d
D:\noval\Temp\ccmyHliR.s:623    .rodata:00000000 $d

UNDEFINED SYMBOLS
nvic_vector_table_set
